[14:22:11.876427] [Import] [info] (th=9776) Log level for 'Import' set to 'info'
[14:22:11.876542] [Import] [info] (th=9776) Importing from E:\!_WORK\GAMEdev\Manu\MyGame\GG\GREAT_export\GG_3_jump.fbx
[14:22:12.027439] [Import] [info] (th=9776) Imported scene tree:
name: "RootNode"

	name: "G_male_base_armature"
	
		name: "root_bone"
		
			name: "Hips"
			
				name: "spine"
				
					name: "chest_bottom"
					
						name: "chest"
						
							name: "neck"
							
								name: "Head"
								
									name: "braid1.L"
									
										name: "braid2.L"
										
											name: "braid3.L"
											
												name: "braid4.L"
												
									name: "braid1.R"
									
										name: "braid2.R"
										
											name: "braid3.R"
											
												name: "braid4.R"
												
									name: "eye.L"
									
									name: "eye.R"
									
							name: "shoulder.L"
							
								name: "arm.L"
								
									name: "forearm.L"
									
										name: "hand.L"
										
											name: "f_Thumb1.L"
											
												name: "f_Thumb2.L"
												
													name: "f_Thumb3.L"
													
											name: "f_Index1.L"
											
												name: "f_Index2.L"
												
													name: "f_Index3.L"
													
											name: "f_Middle1.L"
											
												name: "f_Middle2.L"
												
													name: "f_Middle3.L"
													
											name: "f_Ring1.L"
											
												name: "f_Ring2.L"
												
													name: "f_Ring3.L"
													
											name: "f_Pinky1.L"
											
												name: "f_Pinky2.L"
												
													name: "f_Pinky3.L"
													
							name: "shoulder.R"
							
								name: "arm.R"
								
									name: "forearm.R"
									
										name: "hand.R"
										
											name: "f_Thumb1.R"
											
												name: "f_Thumb2.R"
												
													name: "f_Thumb3.R"
													
											name: "f_Index1.R"
											
												name: "f_Index2.R"
												
													name: "f_Index3.R"
													
											name: "f_Middle1.R"
											
												name: "f_Middle2.R"
												
													name: "f_Middle3.R"
													
											name: "f_Ring1.R"
											
												name: "f_Ring2.R"
												
													name: "f_Ring3.R"
													
											name: "f_Pinky1.R"
											
												name: "f_Pinky2.R"
												
													name: "f_Pinky3.R"
													
				name: "leg_up.L"
				
					name: "leg.L"
					
						name: "foot.L"
						
							name: "toe.L"
							
				name: "leg_up.R"
				
					name: "leg.R"
					
						name: "foot.R"
						
							name: "toe.R"
							

[14:22:12.027604] [Import] [info] (th=9776) File loaded successfully
[14:22:12.027684] [Import] [info] (th=9776) Meshes count: 0
[14:22:12.027723] [Import] [info] (th=9776) Materials count: 0
[14:46:00.850188] [Import] [info] (th=9776) Importing from E:\!FOR_ASSETS\PROPS\Rubilnik\Switcher_Base.fbx
[14:46:00.878497] [Import] [info] (th=9776) Imported scene tree:
name: "RootNode"

	name: "Swith_Base"
	numMeshes: 1
	 addr: "00000253D3A78C20"
	 name: "Cube.002"
	 numVertices: "164"
	 numFaces: "158"
	
	

[14:46:00.878543] [Import] [info] (th=9776) File loaded successfully
[14:46:00.878581] [Import] [info] (th=9776) Meshes count: 1
[14:46:00.878617] [Import] [info] (th=9776) Materials count: 1
[14:46:11.239479] [Import] [info] (th=9776) Importing from E:\!FOR_ASSETS\PROPS\Rubilnik\Switcher_Base.fbx
[14:46:11.241512] [Import] [info] (th=9776) Imported scene tree:
name: "RootNode"

	name: "Swith_Base"
	numMeshes: 1
	 addr: "00000253D3A761A0"
	 name: "Cube.002"
	 numVertices: "164"
	 numFaces: "158"
	
	

[14:46:11.241551] [Import] [info] (th=9776) File loaded successfully
[14:46:11.241588] [Import] [info] (th=9776) Meshes count: 1
[14:46:11.241622] [Import] [info] (th=9776) Materials count: 1
[14:46:11.241862] [Import] [warning] (th=9776) It seems that scene structure is different
