[13:41:06.493500] [Import] [info] (th=6136) Log level for 'Import' set to 'info'
[13:41:06.494500] [Import] [info] (th=6136) Importing from E:\Users\Chris\Documents\ManuCollab\Ghost girl\Dizzy Idle New.fbx
[13:41:06.538502] [Import] [info] (th=6136) Imported scene tree:
name: "RootNode"

	name: "Armature"
	
		name: "Hips"
		
			name: "Spine"
			
				name: "Spine1"
				
					name: "Spine2"
					
						name: "Neck"
						
							name: "Head"
							
								name: "HeadTop_End"
								
									name: "HeadTop_End_end"
									
						name: "LeftShoulder"
						
							name: "LeftArm"
							
								name: "LeftForeArm"
								
									name: "LeftHand"
									
										name: "LeftHandThumb1"
										
											name: "LeftHandThumb2"
											
												name: "LeftHandThumb3"
												
													name: "LeftHandThumb4"
													
														name: "LeftHandThumb4_end"
														
										name: "LeftHandIndex1"
										
											name: "LeftHandIndex2"
											
												name: "LeftHandIndex3"
												
													name: "LeftHandIndex4"
													
														name: "LeftHandIndex4_end"
														
										name: "LeftHandMiddle1"
										
											name: "LeftHandMiddle2"
											
												name: "LeftHandMiddle3"
												
													name: "LeftHandMiddle4"
													
														name: "LeftHandMiddle4_end"
														
										name: "LeftHandRing1"
										
											name: "LeftHandRing2"
											
												name: "LeftHandRing3"
												
													name: "LeftHandRing4"
													
														name: "LeftHandRing4_end"
														
										name: "LeftHandPinky1"
										
											name: "LeftHandPinky2"
											
												name: "LeftHandPinky3"
												
													name: "LeftHandPinky4"
													
														name: "LeftHandPinky4_end"
														
						name: "RightShoulder"
						
							name: "RightArm"
							
								name: "RightForeArm"
								
									name: "RightHand"
									
										name: "RightHandThumb1"
										
											name: "RightHandThumb2"
											
												name: "RightHandThumb3"
												
													name: "RightHandThumb4"
													
														name: "RightHandThumb4_end"
														
										name: "RightHandIndex1"
										
											name: "RightHandIndex2"
											
												name: "RightHandIndex3"
												
													name: "RightHandIndex4"
													
														name: "RightHandIndex4_end"
														
										name: "RightHandMiddle1"
										
											name: "RightHandMiddle2"
											
												name: "RightHandMiddle3"
												
													name: "RightHandMiddle4"
													
														name: "RightHandMiddle4_end"
														
										name: "RightHandRing1"
										
											name: "RightHandRing2"
											
												name: "RightHandRing3"
												
													name: "RightHandRing4"
													
														name: "RightHandRing4_end"
														
										name: "RightHandPinky1"
										
											name: "RightHandPinky2"
											
												name: "RightHandPinky3"
												
													name: "RightHandPinky4"
													
														name: "RightHandPinky4_end"
														
			name: "LeftUpLeg"
			
				name: "LeftLeg"
				
					name: "LeftFoot"
					
						name: "LeftToeBase"
						
							name: "LeftToe_End"
							
								name: "LeftToe_End_end"
								
			name: "RightUpLeg"
			
				name: "RightLeg"
				
					name: "RightFoot"
					
						name: "RightToeBase"
						
							name: "RightToe_End"
							
								name: "RightToe_End_end"
								

[13:41:06.538502] [Import] [info] (th=6136) File loaded successfully
[13:41:06.538502] [Import] [info] (th=6136) Meshes count: 0
[13:41:06.538502] [Import] [info] (th=6136) Materials count: 0
[13:41:20.964327] [Import] [info] (th=6136) Importing from E:\Users\Chris\Documents\ManuCollab\Ghost girl\Defeat.fbx
[13:41:20.998329] [Import] [info] (th=6136) Imported scene tree:
name: "RootNode"

	name: "Armature"
	
		name: "Hips"
		
			name: "Spine"
			
				name: "Spine1"
				
					name: "Spine2"
					
						name: "Neck"
						
							name: "Head"
							
								name: "HeadTop_End"
								
									name: "HeadTop_End_end"
									
						name: "LeftShoulder"
						
							name: "LeftArm"
							
								name: "LeftForeArm"
								
									name: "LeftHand"
									
										name: "LeftHandThumb1"
										
											name: "LeftHandThumb2"
											
												name: "LeftHandThumb3"
												
													name: "LeftHandThumb4"
													
														name: "LeftHandThumb4_end"
														
										name: "LeftHandIndex1"
										
											name: "LeftHandIndex2"
											
												name: "LeftHandIndex3"
												
													name: "LeftHandIndex4"
													
														name: "LeftHandIndex4_end"
														
										name: "LeftHandMiddle1"
										
											name: "LeftHandMiddle2"
											
												name: "LeftHandMiddle3"
												
													name: "LeftHandMiddle4"
													
														name: "LeftHandMiddle4_end"
														
										name: "LeftHandRing1"
										
											name: "LeftHandRing2"
											
												name: "LeftHandRing3"
												
													name: "LeftHandRing4"
													
														name: "LeftHandRing4_end"
														
										name: "LeftHandPinky1"
										
											name: "LeftHandPinky2"
											
												name: "LeftHandPinky3"
												
													name: "LeftHandPinky4"
													
														name: "LeftHandPinky4_end"
														
						name: "RightShoulder"
						
							name: "RightArm"
							
								name: "RightForeArm"
								
									name: "RightHand"
									
										name: "RightHandThumb1"
										
											name: "RightHandThumb2"
											
												name: "RightHandThumb3"
												
													name: "RightHandThumb4"
													
														name: "RightHandThumb4_end"
														
										name: "RightHandIndex1"
										
											name: "RightHandIndex2"
											
												name: "RightHandIndex3"
												
													name: "RightHandIndex4"
													
														name: "RightHandIndex4_end"
														
										name: "RightHandMiddle1"
										
											name: "RightHandMiddle2"
											
												name: "RightHandMiddle3"
												
													name: "RightHandMiddle4"
													
														name: "RightHandMiddle4_end"
														
										name: "RightHandRing1"
										
											name: "RightHandRing2"
											
												name: "RightHandRing3"
												
													name: "RightHandRing4"
													
														name: "RightHandRing4_end"
														
										name: "RightHandPinky1"
										
											name: "RightHandPinky2"
											
												name: "RightHandPinky3"
												
													name: "RightHandPinky4"
													
														name: "RightHandPinky4_end"
														
			name: "LeftUpLeg"
			
				name: "LeftLeg"
				
					name: "LeftFoot"
					
						name: "LeftToeBase"
						
							name: "LeftToe_End"
							
								name: "LeftToe_End_end"
								
			name: "RightUpLeg"
			
				name: "RightLeg"
				
					name: "RightFoot"
					
						name: "RightToeBase"
						
							name: "RightToe_End"
							
								name: "RightToe_End_end"
								

[13:41:20.998329] [Import] [info] (th=6136) File loaded successfully
[13:41:21.000330] [Import] [info] (th=6136) Meshes count: 0
[13:41:21.000330] [Import] [info] (th=6136) Materials count: 0
[13:41:33.480043] [Import] [info] (th=6136) Importing from E:\Users\Chris\Documents\ManuCollab\Ghost girl\Lifting New.fbx
[13:41:33.511045] [Import] [info] (th=6136) Imported scene tree:
name: "RootNode"

	name: "Armature"
	
		name: "Hips"
		
			name: "Spine"
			
				name: "Spine1"
				
					name: "Spine2"
					
						name: "Neck"
						
							name: "Head"
							
								name: "HeadTop_End"
								
									name: "HeadTop_End_end"
									
						name: "LeftShoulder"
						
							name: "LeftArm"
							
								name: "LeftForeArm"
								
									name: "LeftHand"
									
										name: "LeftHandThumb1"
										
											name: "LeftHandThumb2"
											
												name: "LeftHandThumb3"
												
													name: "LeftHandThumb4"
													
														name: "LeftHandThumb4_end"
														
										name: "LeftHandIndex1"
										
											name: "LeftHandIndex2"
											
												name: "LeftHandIndex3"
												
													name: "LeftHandIndex4"
													
														name: "LeftHandIndex4_end"
														
										name: "LeftHandMiddle1"
										
											name: "LeftHandMiddle2"
											
												name: "LeftHandMiddle3"
												
													name: "LeftHandMiddle4"
													
														name: "LeftHandMiddle4_end"
														
										name: "LeftHandRing1"
										
											name: "LeftHandRing2"
											
												name: "LeftHandRing3"
												
													name: "LeftHandRing4"
													
														name: "LeftHandRing4_end"
														
										name: "LeftHandPinky1"
										
											name: "LeftHandPinky2"
											
												name: "LeftHandPinky3"
												
													name: "LeftHandPinky4"
													
														name: "LeftHandPinky4_end"
														
						name: "RightShoulder"
						
							name: "RightArm"
							
								name: "RightForeArm"
								
									name: "RightHand"
									
										name: "RightHandThumb1"
										
											name: "RightHandThumb2"
											
												name: "RightHandThumb3"
												
													name: "RightHandThumb4"
													
														name: "RightHandThumb4_end"
														
										name: "RightHandIndex1"
										
											name: "RightHandIndex2"
											
												name: "RightHandIndex3"
												
													name: "RightHandIndex4"
													
														name: "RightHandIndex4_end"
														
										name: "RightHandMiddle1"
										
											name: "RightHandMiddle2"
											
												name: "RightHandMiddle3"
												
													name: "RightHandMiddle4"
													
														name: "RightHandMiddle4_end"
														
										name: "RightHandRing1"
										
											name: "RightHandRing2"
											
												name: "RightHandRing3"
												
													name: "RightHandRing4"
													
														name: "RightHandRing4_end"
														
										name: "RightHandPinky1"
										
											name: "RightHandPinky2"
											
												name: "RightHandPinky3"
												
													name: "RightHandPinky4"
													
														name: "RightHandPinky4_end"
														
			name: "LeftUpLeg"
			
				name: "LeftLeg"
				
					name: "LeftFoot"
					
						name: "LeftToeBase"
						
							name: "LeftToe_End"
							
								name: "LeftToe_End_end"
								
			name: "RightUpLeg"
			
				name: "RightLeg"
				
					name: "RightFoot"
					
						name: "RightToeBase"
						
							name: "RightToe_End"
							
								name: "RightToe_End_end"
								

[13:41:33.511045] [Import] [info] (th=6136) File loaded successfully
[13:41:33.511045] [Import] [info] (th=6136) Meshes count: 0
[13:41:33.511045] [Import] [info] (th=6136) Materials count: 0
[13:41:45.785747] [Import] [info] (th=6136) Importing from E:\Users\Chris\Documents\ManuCollab\Ghost girl\Stand To Roll.fbx
[13:41:45.814749] [Import] [info] (th=6136) Imported scene tree:
name: "RootNode"

	name: "Armature"
	
		name: "Hips"
		
			name: "Spine"
			
				name: "Spine1"
				
					name: "Spine2"
					
						name: "Neck"
						
							name: "Head"
							
								name: "HeadTop_End"
								
									name: "HeadTop_End_end"
									
						name: "LeftShoulder"
						
							name: "LeftArm"
							
								name: "LeftForeArm"
								
									name: "LeftHand"
									
										name: "LeftHandThumb1"
										
											name: "LeftHandThumb2"
											
												name: "LeftHandThumb3"
												
													name: "LeftHandThumb4"
													
														name: "LeftHandThumb4_end"
														
										name: "LeftHandIndex1"
										
											name: "LeftHandIndex2"
											
												name: "LeftHandIndex3"
												
													name: "LeftHandIndex4"
													
														name: "LeftHandIndex4_end"
														
										name: "LeftHandMiddle1"
										
											name: "LeftHandMiddle2"
											
												name: "LeftHandMiddle3"
												
													name: "LeftHandMiddle4"
													
														name: "LeftHandMiddle4_end"
														
										name: "LeftHandRing1"
										
											name: "LeftHandRing2"
											
												name: "LeftHandRing3"
												
													name: "LeftHandRing4"
													
														name: "LeftHandRing4_end"
														
										name: "LeftHandPinky1"
										
											name: "LeftHandPinky2"
											
												name: "LeftHandPinky3"
												
													name: "LeftHandPinky4"
													
														name: "LeftHandPinky4_end"
														
						name: "RightShoulder"
						
							name: "RightArm"
							
								name: "RightForeArm"
								
									name: "RightHand"
									
										name: "RightHandThumb1"
										
											name: "RightHandThumb2"
											
												name: "RightHandThumb3"
												
													name: "RightHandThumb4"
													
														name: "RightHandThumb4_end"
														
										name: "RightHandIndex1"
										
											name: "RightHandIndex2"
											
												name: "RightHandIndex3"
												
													name: "RightHandIndex4"
													
														name: "RightHandIndex4_end"
														
										name: "RightHandMiddle1"
										
											name: "RightHandMiddle2"
											
												name: "RightHandMiddle3"
												
													name: "RightHandMiddle4"
													
														name: "RightHandMiddle4_end"
														
										name: "RightHandRing1"
										
											name: "RightHandRing2"
											
												name: "RightHandRing3"
												
													name: "RightHandRing4"
													
														name: "RightHandRing4_end"
														
										name: "RightHandPinky1"
										
											name: "RightHandPinky2"
											
												name: "RightHandPinky3"
												
													name: "RightHandPinky4"
													
														name: "RightHandPinky4_end"
														
			name: "LeftUpLeg"
			
				name: "LeftLeg"
				
					name: "LeftFoot"
					
						name: "LeftToeBase"
						
							name: "LeftToe_End"
							
								name: "LeftToe_End_end"
								
			name: "RightUpLeg"
			
				name: "RightLeg"
				
					name: "RightFoot"
					
						name: "RightToeBase"
						
							name: "RightToe_End"
							
								name: "RightToe_End_end"
								

[13:41:45.814749] [Import] [info] (th=6136) File loaded successfully
[13:41:45.814749] [Import] [info] (th=6136) Meshes count: 0
[13:41:45.814749] [Import] [info] (th=6136) Materials count: 0
[13:41:54.051220] [Import] [info] (th=6136) Importing from E:\Users\Chris\Documents\ManuCollab\Ghost girl\Thinking.fbx
[13:41:54.080222] [Import] [info] (th=6136) Imported scene tree:
name: "RootNode"

	name: "Armature"
	
		name: "Hips"
		
			name: "Spine"
			
				name: "Spine1"
				
					name: "Spine2"
					
						name: "Neck"
						
							name: "Head"
							
								name: "HeadTop_End"
								
									name: "HeadTop_End_end"
									
						name: "LeftShoulder"
						
							name: "LeftArm"
							
								name: "LeftForeArm"
								
									name: "LeftHand"
									
										name: "LeftHandThumb1"
										
											name: "LeftHandThumb2"
											
												name: "LeftHandThumb3"
												
													name: "LeftHandThumb4"
													
														name: "LeftHandThumb4_end"
														
										name: "LeftHandIndex1"
										
											name: "LeftHandIndex2"
											
												name: "LeftHandIndex3"
												
													name: "LeftHandIndex4"
													
														name: "LeftHandIndex4_end"
														
										name: "LeftHandMiddle1"
										
											name: "LeftHandMiddle2"
											
												name: "LeftHandMiddle3"
												
													name: "LeftHandMiddle4"
													
														name: "LeftHandMiddle4_end"
														
										name: "LeftHandRing1"
										
											name: "LeftHandRing2"
											
												name: "LeftHandRing3"
												
													name: "LeftHandRing4"
													
														name: "LeftHandRing4_end"
														
										name: "LeftHandPinky1"
										
											name: "LeftHandPinky2"
											
												name: "LeftHandPinky3"
												
													name: "LeftHandPinky4"
													
														name: "LeftHandPinky4_end"
														
						name: "RightShoulder"
						
							name: "RightArm"
							
								name: "RightForeArm"
								
									name: "RightHand"
									
										name: "RightHandThumb1"
										
											name: "RightHandThumb2"
											
												name: "RightHandThumb3"
												
													name: "RightHandThumb4"
													
														name: "RightHandThumb4_end"
														
										name: "RightHandIndex1"
										
											name: "RightHandIndex2"
											
												name: "RightHandIndex3"
												
													name: "RightHandIndex4"
													
														name: "RightHandIndex4_end"
														
										name: "RightHandMiddle1"
										
											name: "RightHandMiddle2"
											
												name: "RightHandMiddle3"
												
													name: "RightHandMiddle4"
													
														name: "RightHandMiddle4_end"
														
										name: "RightHandRing1"
										
											name: "RightHandRing2"
											
												name: "RightHandRing3"
												
													name: "RightHandRing4"
													
														name: "RightHandRing4_end"
														
										name: "RightHandPinky1"
										
											name: "RightHandPinky2"
											
												name: "RightHandPinky3"
												
													name: "RightHandPinky4"
													
														name: "RightHandPinky4_end"
														
			name: "LeftUpLeg"
			
				name: "LeftLeg"
				
					name: "LeftFoot"
					
						name: "LeftToeBase"
						
							name: "LeftToe_End"
							
								name: "LeftToe_End_end"
								
			name: "RightUpLeg"
			
				name: "RightLeg"
				
					name: "RightFoot"
					
						name: "RightToeBase"
						
							name: "RightToe_End"
							
								name: "RightToe_End_end"
								

[13:41:54.080222] [Import] [info] (th=6136) File loaded successfully
[13:41:54.081222] [Import] [info] (th=6136) Meshes count: 0
[13:41:54.081222] [Import] [info] (th=6136) Materials count: 0
