[21:00:48.042410] [Import] [info] (th=19696) Importing from E:\!_WORK\GAMEdev\Manu\Small_tasks\FAKE_GG\Male_pose.fbx
[21:00:48.207407] [Import] [info] (th=19696) Imported scene tree:
name: "RootNode"

	name: "MALE.001"
	numMeshes: 4
	 addr: "0000020D19258D50"
	 name: "Plane.001"
	 numVertices: "6938"
	 numFaces: "11251"
	
	 addr: "0000020D19258800"
	 name: "Plane.001"
	 numVertices: "1918"
	 numFaces: "3012"
	
	 addr: "0000020D19253300"
	 name: "Plane.001"
	 numVertices: "772"
	 numFaces: "1248"
	
	 addr: "0000020D192597F0"
	 name: "Plane.001"
	 numVertices: "2170"
	 numFaces: "3922"
	
	

[21:00:48.207454] [Import] [info] (th=19696) File loaded successfully
[21:00:48.207489] [Import] [info] (th=19696) Meshes count: 4
[21:00:48.207524] [Import] [info] (th=19696) Materials count: 4
[21:00:48.210719] [Import] [info] (th=19696) Textures count (imported): 7
[21:06:12.319456] [Import] [info] (th=19696) Importing from E:\!_WORK\GAMEdev\Manu\Small_tasks\FAKE_GG\Corpse.fbx
[21:06:12.365045] [Import] [info] (th=19696) Imported scene tree:
name: "RootNode"

	name: "Corpse6_chest"
	numMeshes: 1
	 addr: "0000020D19253DA0"
	 name: "Plane.026"
	 numVertices: "678"
	 numFaces: "762"
	
	
		name: "Corpse6_arm_R"
		numMeshes: 1
		 addr: "0000020D192592A0"
		 name: "Plane.029"
		 numVertices: "418"
		 numFaces: "432"
		
		
		name: "Corpse6_extras"
		numMeshes: 1
		 addr: "0000020D192572C0"
		 name: "Plane.024"
		 numVertices: "436"
		 numFaces: "398"
		
		
		name: "Corpse6_head"
		numMeshes: 1
		 addr: "0000020D19253850"
		 name: "Plane.020"
		 numVertices: "322"
		 numFaces: "368"
		
		
		name: "Corpse6_hips"
		numMeshes: 1
		 addr: "0000020D19254D90"
		 name: "Plane.019"
		 numVertices: "763"
		 numFaces: "988"
		
		
		name: "Corpse6_leg_R"
		numMeshes: 1
		 addr: "0000020D1925A290"
		 name: "Plane.018"
		 numVertices: "211"
		 numFaces: "242"
		
		
		name: "Corpse6_neck"
		numMeshes: 1
		 addr: "0000020D192552E0"
		 name: "Plane.017"
		 numVertices: "132"
		 numFaces: "154"
		
		

[21:06:12.365138] [Import] [info] (th=19696) File loaded successfully
[21:06:12.365204] [Import] [info] (th=19696) Meshes count: 7
[21:06:12.365300] [Import] [info] (th=19696) Materials count: 1
[21:06:12.365462] [Import] [info] (th=19696) Textures count (imported): 0
