[18:01:01.045048] [Import] [info] (th=2580) Log level for 'Import' set to 'info'
[18:01:01.045612] [Import] [info] (th=2580) Importing from D:\Users\Chris\Documents\ManuCollab\GGG_sketch_export_to_MIXAMO.fbx\Mixamo animations\scary new set\DreamCatcher_placement.fbx
[18:01:01.102293] [Import] [info] (th=2580) Imported scene tree:
name: "RootNode"

	name: "G_male_base_armature"
	
		name: "root_bone"
		
			name: "Hips"
			
				name: "spine"
				
					name: "chest_bottom"
					
						name: "chest"
						
							name: "neck"
							
								name: "Head"
								
									name: "braid1.L"
									
										name: "braid2.L"
										
											name: "braid3.L"
											
												name: "braid4.L"
												
													name: "braid4.L_end"
													
									name: "braid1.R"
									
										name: "braid2.R"
										
											name: "braid3.R"
											
												name: "braid4.R"
												
													name: "braid4.R_end"
													
									name: "eye.L"
									
										name: "eye.L_end"
										
									name: "eye.R"
									
										name: "eye.R_end"
										
							name: "shoulder.L"
							
								name: "arm.L"
								
									name: "forearm.L"
									
										name: "hand.L"
										
											name: "f_Thumb1.L"
											
												name: "f_Thumb2.L"
												
													name: "f_Thumb3.L"
													
														name: "f_Thumb3.L_end"
														
											name: "f_Index1.L"
											
												name: "f_Index2.L"
												
													name: "f_Index3.L"
													
														name: "f_Index3.L_end"
														
											name: "f_Middle1.L"
											
												name: "f_Middle2.L"
												
													name: "f_Middle3.L"
													
														name: "f_Middle3.L_end"
														
											name: "f_Ring1.L"
											
												name: "f_Ring2.L"
												
													name: "f_Ring3.L"
													
														name: "f_Ring3.L_end"
														
											name: "f_Pinky1.L"
											
												name: "f_Pinky2.L"
												
													name: "f_Pinky3.L"
													
														name: "f_Pinky3.L_end"
														
							name: "shoulder.R"
							
								name: "arm.R"
								
									name: "forearm.R"
									
										name: "hand.R"
										
											name: "f_Thumb1.R"
											
												name: "f_Thumb2.R"
												
													name: "f_Thumb3.R"
													
														name: "f_Thumb3.R_end"
														
											name: "f_Index1.R"
											
												name: "f_Index2.R"
												
													name: "f_Index3.R"
													
														name: "f_Index3.R_end"
														
											name: "f_Middle1.R"
											
												name: "f_Middle2.R"
												
													name: "f_Middle3.R"
													
														name: "f_Middle3.R_end"
														
											name: "f_Ring1.R"
											
												name: "f_Ring2.R"
												
													name: "f_Ring3.R"
													
														name: "f_Ring3.R_end"
														
											name: "f_Pinky1.R"
											
												name: "f_Pinky2.R"
												
													name: "f_Pinky3.R"
													
														name: "f_Pinky3.R_end"
														
				name: "leg_up.L"
				
					name: "leg.L"
					
						name: "foot.L"
						
							name: "toe.L"
							
								name: "toe.L_end"
								
				name: "leg_up.R"
				
					name: "leg.R"
					
						name: "foot.R"
						
							name: "toe.R"
							
								name: "toe.R_end"
								

[18:01:01.102397] [Import] [info] (th=2580) File loaded successfully
[18:01:01.102479] [Import] [info] (th=2580) Meshes count: 0
[18:01:01.102554] [Import] [info] (th=2580) Materials count: 0
[19:07:16.257741] [Import] [info] (th=2580) Importing from D:\Users\Chris\Documents\ManuCollab\GGG_sketch_export_to_MIXAMO.fbx\Mixamo animations\scary new set\laying down.fbx
[19:07:16.308610] [Import] [info] (th=2580) Imported scene tree:
name: "RootNode"

	name: "G_male_base_armature"
	
		name: "root_bone"
		
			name: "Hips"
			
				name: "spine"
				
					name: "chest_bottom"
					
						name: "chest"
						
							name: "neck"
							
								name: "Head"
								
									name: "braid1.L"
									
										name: "braid2.L"
										
											name: "braid3.L"
											
												name: "braid4.L"
												
													name: "braid4.L_end"
													
									name: "braid1.R"
									
										name: "braid2.R"
										
											name: "braid3.R"
											
												name: "braid4.R"
												
													name: "braid4.R_end"
													
									name: "eye.L"
									
										name: "eye.L_end"
										
									name: "eye.R"
									
										name: "eye.R_end"
										
							name: "shoulder.L"
							
								name: "arm.L"
								
									name: "forearm.L"
									
										name: "hand.L"
										
											name: "f_Thumb1.L"
											
												name: "f_Thumb2.L"
												
													name: "f_Thumb3.L"
													
														name: "f_Thumb3.L_end"
														
											name: "f_Index1.L"
											
												name: "f_Index2.L"
												
													name: "f_Index3.L"
													
														name: "f_Index3.L_end"
														
											name: "f_Middle1.L"
											
												name: "f_Middle2.L"
												
													name: "f_Middle3.L"
													
														name: "f_Middle3.L_end"
														
											name: "f_Ring1.L"
											
												name: "f_Ring2.L"
												
													name: "f_Ring3.L"
													
														name: "f_Ring3.L_end"
														
											name: "f_Pinky1.L"
											
												name: "f_Pinky2.L"
												
													name: "f_Pinky3.L"
													
														name: "f_Pinky3.L_end"
														
							name: "shoulder.R"
							
								name: "arm.R"
								
									name: "forearm.R"
									
										name: "hand.R"
										
											name: "f_Thumb1.R"
											
												name: "f_Thumb2.R"
												
													name: "f_Thumb3.R"
													
														name: "f_Thumb3.R_end"
														
											name: "f_Index1.R"
											
												name: "f_Index2.R"
												
													name: "f_Index3.R"
													
														name: "f_Index3.R_end"
														
											name: "f_Middle1.R"
											
												name: "f_Middle2.R"
												
													name: "f_Middle3.R"
													
														name: "f_Middle3.R_end"
														
											name: "f_Ring1.R"
											
												name: "f_Ring2.R"
												
													name: "f_Ring3.R"
													
														name: "f_Ring3.R_end"
														
											name: "f_Pinky1.R"
											
												name: "f_Pinky2.R"
												
													name: "f_Pinky3.R"
													
														name: "f_Pinky3.R_end"
														
				name: "leg_up.L"
				
					name: "leg.L"
					
						name: "foot.L"
						
							name: "toe.L"
							
								name: "toe.L_end"
								
				name: "leg_up.R"
				
					name: "leg.R"
					
						name: "foot.R"
						
							name: "toe.R"
							
								name: "toe.R_end"
								

[19:07:16.308705] [Import] [info] (th=2580) File loaded successfully
[19:07:16.308778] [Import] [info] (th=2580) Meshes count: 0
[19:07:16.308853] [Import] [info] (th=2580) Materials count: 0
[19:07:16.324847] [Import] [error] (th=2580) Cannot find node: G_male_base_armature
[19:07:16.324992] [Import] [error] (th=2580) Cannot find node: Head
[19:07:16.325176] [Import] [error] (th=2580) Cannot find node: Hips
[19:07:16.325452] [Import] [error] (th=2580) Cannot find node: arm.L
[19:07:16.325644] [Import] [error] (th=2580) Cannot find node: arm.R
[19:07:16.325815] [Import] [error] (th=2580) Cannot find node: braid1.L
[19:07:16.325984] [Import] [error] (th=2580) Cannot find node: braid1.R
[19:07:16.326153] [Import] [error] (th=2580) Cannot find node: braid2.L
[19:07:16.326332] [Import] [error] (th=2580) Cannot find node: braid2.R
[19:07:16.326501] [Import] [error] (th=2580) Cannot find node: braid3.L
[19:07:16.326659] [Import] [error] (th=2580) Cannot find node: braid3.R
[19:07:16.326865] [Import] [error] (th=2580) Cannot find node: braid4.L
[19:07:16.327040] [Import] [error] (th=2580) Cannot find node: braid4.R
[19:07:16.327187] [Import] [error] (th=2580) Cannot find node: chest
[19:07:16.327470] [Import] [error] (th=2580) Cannot find node: chest_bottom
[19:07:16.327650] [Import] [error] (th=2580) Cannot find node: eye.L
[19:07:16.327801] [Import] [error] (th=2580) Cannot find node: eye.R
[19:07:16.327959] [Import] [error] (th=2580) Cannot find node: f_Index1.L
[19:07:16.328111] [Import] [error] (th=2580) Cannot find node: f_Index1.R
[19:07:16.328262] [Import] [error] (th=2580) Cannot find node: f_Index2.L
[19:07:16.328426] [Import] [error] (th=2580) Cannot find node: f_Index2.R
[19:07:16.328585] [Import] [error] (th=2580) Cannot find node: f_Index3.L
[19:07:16.328740] [Import] [error] (th=2580) Cannot find node: f_Index3.R
[19:07:16.328904] [Import] [error] (th=2580) Cannot find node: f_Middle1.L
[19:07:16.329052] [Import] [error] (th=2580) Cannot find node: f_Middle1.R
[19:07:16.329209] [Import] [error] (th=2580) Cannot find node: f_Middle2.L
[19:07:16.329382] [Import] [error] (th=2580) Cannot find node: f_Middle2.R
[19:07:16.329575] [Import] [error] (th=2580) Cannot find node: f_Middle3.L
[19:07:16.329745] [Import] [error] (th=2580) Cannot find node: f_Middle3.R
[19:07:16.329907] [Import] [error] (th=2580) Cannot find node: f_Pinky1.L
[19:07:16.330053] [Import] [error] (th=2580) Cannot find node: f_Pinky1.R
[19:07:16.330205] [Import] [error] (th=2580) Cannot find node: f_Pinky2.L
[19:07:16.330371] [Import] [error] (th=2580) Cannot find node: f_Pinky2.R
[19:07:16.330516] [Import] [error] (th=2580) Cannot find node: f_Pinky3.L
[19:07:16.330640] [Import] [error] (th=2580) Cannot find node: f_Pinky3.R
[19:07:16.330815] [Import] [error] (th=2580) Cannot find node: f_Ring1.L
[19:07:16.330987] [Import] [error] (th=2580) Cannot find node: f_Ring1.R
[19:07:16.331198] [Import] [error] (th=2580) Cannot find node: f_Ring2.L
[19:07:16.331361] [Import] [error] (th=2580) Cannot find node: f_Ring2.R
[19:07:16.331512] [Import] [error] (th=2580) Cannot find node: f_Ring3.L
[19:07:16.331653] [Import] [error] (th=2580) Cannot find node: f_Ring3.R
[19:07:16.331785] [Import] [error] (th=2580) Cannot find node: f_Thumb1.L
[19:07:16.331922] [Import] [error] (th=2580) Cannot find node: f_Thumb1.R
[19:07:16.332076] [Import] [error] (th=2580) Cannot find node: f_Thumb2.L
[19:07:16.332224] [Import] [error] (th=2580) Cannot find node: f_Thumb2.R
[19:07:16.332380] [Import] [error] (th=2580) Cannot find node: f_Thumb3.L
[19:07:16.332524] [Import] [error] (th=2580) Cannot find node: f_Thumb3.R
[19:07:16.332654] [Import] [error] (th=2580) Cannot find node: foot.L
[19:07:16.332773] [Import] [error] (th=2580) Cannot find node: foot.R
[19:07:16.332892] [Import] [error] (th=2580) Cannot find node: forearm.L
[19:07:16.333011] [Import] [error] (th=2580) Cannot find node: forearm.R
[19:07:16.333158] [Import] [error] (th=2580) Cannot find node: hand.L
[19:07:16.333314] [Import] [error] (th=2580) Cannot find node: hand.R
[19:07:16.333519] [Import] [error] (th=2580) Cannot find node: leg.L
[19:07:16.333642] [Import] [error] (th=2580) Cannot find node: leg.R
[19:07:16.333777] [Import] [error] (th=2580) Cannot find node: leg_up.L
[19:07:16.333930] [Import] [error] (th=2580) Cannot find node: leg_up.R
[19:07:16.334051] [Import] [error] (th=2580) Cannot find node: neck
[19:07:16.334200] [Import] [error] (th=2580) Cannot find node: root_bone
[19:07:16.334360] [Import] [error] (th=2580) Cannot find node: shoulder.L
[19:07:16.334506] [Import] [error] (th=2580) Cannot find node: shoulder.R
[19:07:16.334670] [Import] [error] (th=2580) Cannot find node: spine
[19:07:16.334832] [Import] [error] (th=2580) Cannot find node: toe.L
[19:07:16.335004] [Import] [error] (th=2580) Cannot find node: toe.R
[19:07:16.335080] [Import] [error] (th=2580) File's animations are incompatible with the selected MANU's node
