[13:12:51.971406] [Import] [info] (th=9236) Log level for 'Import' set to 'info'
[13:12:51.972194] [Import] [info] (th=9236) Importing from D:\Users\Chris\Documents\ManuCollab\3D assets\CaveBlack New.fbx
[13:12:52.017164] [Import] [info] (th=9236) Imported scene tree:
name: "RootNode"

	name: "Scene_BLACK.001"
	numMeshes: 1
	 addr: "000002112B7FE950"
	 name: "Cube.002"
	 numVertices: "97"
	 numFaces: "50"
	
	

[13:12:52.017246] [Import] [info] (th=9236) File loaded successfully
[13:12:52.017315] [Import] [info] (th=9236) Meshes count: 1
[13:12:52.017386] [Import] [info] (th=9236) Materials count: 1
[13:12:52.019113] [Import] [info] (th=9236) Textures count (imported): 0
[13:13:55.611583] [Import] [info] (th=9236) Importing from D:\Users\Chris\Documents\ManuCollab\3D assets\Cave Extrented New.fbx
[13:13:55.615172] [Import] [info] (th=9236) Imported scene tree:
name: "RootNode"

	name: "Scene_BLACK"
	numMeshes: 1
	 addr: "000002112B7F6F20"
	 name: "Cube.168"
	 numVertices: "618"
	 numFaces: "341"
	
	
		name: "Scene_BLACK.002"
		numMeshes: 1
		 addr: "000002112B7FEEA0"
		 name: "Cube.004"
		 numVertices: "138"
		 numFaces: "124"
		
		
		name: "Scene_BLACK.001"
		numMeshes: 1
		 addr: "000002112B7FA440"
		 name: "Cube.002"
		 numVertices: "97"
		 numFaces: "50"
		
		

[13:13:55.615244] [Import] [info] (th=9236) File loaded successfully
[13:13:55.615315] [Import] [info] (th=9236) Meshes count: 3
[13:13:55.615370] [Import] [info] (th=9236) Materials count: 1
[13:13:55.615524] [Import] [info] (th=9236) Textures count (imported): 0
[13:17:11.091425] [Import] [info] (th=9236) Importing from D:\Users\Chris\Documents\ManuCollab\3D assets\Cave Extrented New.fbx
[13:17:11.097949] [Import] [info] (th=9236) Imported scene tree:
name: "RootNode"

	name: "Scene_BLACK"
	numMeshes: 1
	 addr: "000002112B7F7470"
	 name: "Cube.168"
	 numVertices: "618"
	 numFaces: "341"
	
	
		name: "Scene_BLACK.002"
		numMeshes: 1
		 addr: "000002112B7FF3F0"
		 name: "Cube.004"
		 numVertices: "138"
		 numFaces: "124"
		
		
			name: "LongCave.002"
			numMeshes: 1
			 addr: "000002112B7FF940"
			 name: "Cube.005"
			 numVertices: "580"
			 numFaces: "688"
			
			
		name: "Scene_BLACK.001"
		numMeshes: 1
		 addr: "0000020FA828DEE0"
		 name: "Cube.002"
		 numVertices: "97"
		 numFaces: "50"
		
		

[13:17:11.098020] [Import] [info] (th=9236) File loaded successfully
[13:17:11.098076] [Import] [info] (th=9236) Meshes count: 4
[13:17:11.098131] [Import] [info] (th=9236) Materials count: 2
[13:17:11.098748] [Import] [warning] (th=9236) Texture not found: D:\Users\Chris\Documents\ManuCollab\GGG_animations_for_Game2.blend\Scene3\RockGround_1_n.png
[13:17:11.098833] [Import] [info] (th=9236) Textures count (imported): 0
