[15:22:12.980347] [Import] [info] (th=8828) Importing from E:\!FOR_ASSETS\Nature\DARK_forest\BigTrees\FBX\Small_trees.fbx
[15:22:13.104090] [Import] [info] (th=8828) Imported scene tree:
name: "RootNode"

	name: "SmallTree1"
	numMeshes: 1
	 addr: "000002BF85795C90"
	 name: "Plane.011"
	 numVertices: "277"
	 numFaces: "318"
	
	
		name: "Small_tree1_brunches"
		numMeshes: 1
		 addr: "000002BF85793210"
		 name: "Plane.039"
		 numVertices: "225"
		 numFaces: "208"
		
		
	name: "SmallTree2"
	numMeshes: 1
	 addr: "000002BF820CBC20"
	 name: "Plane.013"
	 numVertices: "264"
	 numFaces: "274"
	
	
		name: "SmallTree2_brunches"
		numMeshes: 1
		 addr: "000002BF823FF6F0"
		 name: "Plane.049"
		 numVertices: "171"
		 numFaces: "156"
		
		
	name: "SmallTree3"
	numMeshes: 1
	 addr: "000002BFC1ADBE80"
	 name: "Plane.043"
	 numVertices: "328"
	 numFaces: "362"
	
	
		name: "Small_tree3_brunches"
		numMeshes: 1
		 addr: "000002BFC1AD7970"
		 name: "Plane.014"
		 numVertices: "225"
		 numFaces: "208"
		
		

[15:22:13.104141] [Import] [info] (th=8828) File loaded successfully
[15:22:13.104207] [Import] [info] (th=8828) Meshes count: 6
[15:22:13.104245] [Import] [info] (th=8828) Materials count: 2
[15:22:13.121715] [Import] [info] (th=8828) Textures count (imported): 2
[15:34:36.981161] [Import] [info] (th=8828) Importing from E:\!FOR_ASSETS\Nature\DARK_forest\BigTrees\FBX\BigTree1.fbx
[15:34:37.006676] [Import] [info] (th=8828) Imported scene tree:
name: "RootNode"

	name: "BigTree1_v1"
	numMeshes: 1
	 addr: "000002BFC1ADCE70"
	 name: "Plane.002"
	 numVertices: "4744"
	 numFaces: "4786"
	
	
		name: "BigTree1_v1_brunches"
		numMeshes: 1
		 addr: "000002BFC1ADD3C0"
		 name: "Plane.026"
		 numVertices: "994"
		 numFaces: "1042"
		
		
	name: "BigTree1_v2"
	numMeshes: 1
	 addr: "000002BFC1AD5990"
	 name: "Plane.001"
	 numVertices: "4747"
	 numFaces: "4786"
	
	
		name: "BigTree1_v2_brunches"
		numMeshes: 1
		 addr: "000002BFC1AD7420"
		 name: "Plane.004"
		 numVertices: "994"
		 numFaces: "1042"
		
		

[15:34:37.006720] [Import] [info] (th=8828) File loaded successfully
[15:34:37.006763] [Import] [info] (th=8828) Meshes count: 4
[15:34:37.006802] [Import] [info] (th=8828) Materials count: 2
[15:34:37.007151] [Import] [info] (th=8828) Textures count (imported): 2
[15:52:55.403439] [Import] [info] (th=8828) Importing from E:\!_WORK\GAMEdev\Manu\MyGame\Scenes\Scene_test_03_river.fbx
[15:52:55.446990] [Import] [info] (th=8828) Imported scene tree:
name: "RootNode"

	name: "LongCave.002"
	numMeshes: 1
	 addr: "000002BFC1AD6430"
	 name: "Cube.044"
	 numVertices: "6657"
	 numFaces: "12735"
	
	
	name: "water"
	numMeshes: 1
	 addr: "000002BFC1AD9EA0"
	 name: "Plane.006"
	 numVertices: "4"
	 numFaces: "2"
	
	
	name: "Plane.005"
	numMeshes: 1
	 addr: "000002BFC1AD6980"
	 name: "Plane.007"
	 numVertices: "716"
	 numFaces: "400"
	
	

[15:52:55.447068] [Import] [info] (th=8828) File loaded successfully
[15:52:55.447132] [Import] [info] (th=8828) Meshes count: 3
[15:52:55.447193] [Import] [info] (th=8828) Materials count: 3
[15:52:55.447802] [Import] [info] (th=8828) Textures count (imported): 4
