[14:41:31.141355] [Import] [info] (th=14860) Importing from E:\!_WORK\GAMEdev\Manu\MyGame\GG\GREAT_export\GG_3_jump.fbx
[14:41:31.160022] [Import] [info] (th=14860) Imported scene tree:
name: "RootNode"

	name: "G_male_base_armature"
	
		name: "root_bone"
		
			name: "Hips"
			
				name: "spine"
				
					name: "chest_bottom"
					
						name: "chest"
						
							name: "neck"
							
								name: "Head"
								
									name: "braid1.L"
									
										name: "braid2.L"
										
											name: "braid3.L"
											
												name: "braid4.L"
												
									name: "braid1.R"
									
										name: "braid2.R"
										
											name: "braid3.R"
											
												name: "braid4.R"
												
									name: "eye.L"
									
									name: "eye.R"
									
							name: "shoulder.L"
							
								name: "arm.L"
								
									name: "forearm.L"
									
										name: "hand.L"
										
											name: "f_Thumb1.L"
											
												name: "f_Thumb2.L"
												
													name: "f_Thumb3.L"
													
											name: "f_Index1.L"
											
												name: "f_Index2.L"
												
													name: "f_Index3.L"
													
											name: "f_Middle1.L"
											
												name: "f_Middle2.L"
												
													name: "f_Middle3.L"
													
											name: "f_Ring1.L"
											
												name: "f_Ring2.L"
												
													name: "f_Ring3.L"
													
											name: "f_Pinky1.L"
											
												name: "f_Pinky2.L"
												
													name: "f_Pinky3.L"
													
							name: "shoulder.R"
							
								name: "arm.R"
								
									name: "forearm.R"
									
										name: "hand.R"
										
											name: "f_Thumb1.R"
											
												name: "f_Thumb2.R"
												
													name: "f_Thumb3.R"
													
											name: "f_Index1.R"
											
												name: "f_Index2.R"
												
													name: "f_Index3.R"
													
											name: "f_Middle1.R"
											
												name: "f_Middle2.R"
												
													name: "f_Middle3.R"
													
											name: "f_Ring1.R"
											
												name: "f_Ring2.R"
												
													name: "f_Ring3.R"
													
											name: "f_Pinky1.R"
											
												name: "f_Pinky2.R"
												
													name: "f_Pinky3.R"
													
				name: "leg_up.L"
				
					name: "leg.L"
					
						name: "foot.L"
						
							name: "toe.L"
							
				name: "leg_up.R"
				
					name: "leg.R"
					
						name: "foot.R"
						
							name: "toe.R"
							

[14:41:31.160073] [Import] [info] (th=14860) File loaded successfully
[14:41:31.160107] [Import] [info] (th=14860) Meshes count: 0
[14:41:31.160141] [Import] [info] (th=14860) Materials count: 0
[14:44:41.345436] [Import] [info] (th=14860) Importing from E:\!_WORK\GAMEdev\Manu\MyGame\GG\GREAT_export\GG_3_jump.fbx
[14:44:41.364927] [Import] [info] (th=14860) Imported scene tree:
name: "RootNode"

	name: "G_male_base_armature"
	
		name: "root_bone"
		
			name: "Hips"
			
				name: "spine"
				
					name: "chest_bottom"
					
						name: "chest"
						
							name: "neck"
							
								name: "Head"
								
									name: "braid1.L"
									
										name: "braid2.L"
										
											name: "braid3.L"
											
												name: "braid4.L"
												
									name: "braid1.R"
									
										name: "braid2.R"
										
											name: "braid3.R"
											
												name: "braid4.R"
												
									name: "eye.L"
									
									name: "eye.R"
									
							name: "shoulder.L"
							
								name: "arm.L"
								
									name: "forearm.L"
									
										name: "hand.L"
										
											name: "f_Thumb1.L"
											
												name: "f_Thumb2.L"
												
													name: "f_Thumb3.L"
													
											name: "f_Index1.L"
											
												name: "f_Index2.L"
												
													name: "f_Index3.L"
													
											name: "f_Middle1.L"
											
												name: "f_Middle2.L"
												
													name: "f_Middle3.L"
													
											name: "f_Ring1.L"
											
												name: "f_Ring2.L"
												
													name: "f_Ring3.L"
													
											name: "f_Pinky1.L"
											
												name: "f_Pinky2.L"
												
													name: "f_Pinky3.L"
													
							name: "shoulder.R"
							
								name: "arm.R"
								
									name: "forearm.R"
									
										name: "hand.R"
										
											name: "f_Thumb1.R"
											
												name: "f_Thumb2.R"
												
													name: "f_Thumb3.R"
													
											name: "f_Index1.R"
											
												name: "f_Index2.R"
												
													name: "f_Index3.R"
													
											name: "f_Middle1.R"
											
												name: "f_Middle2.R"
												
													name: "f_Middle3.R"
													
											name: "f_Ring1.R"
											
												name: "f_Ring2.R"
												
													name: "f_Ring3.R"
													
											name: "f_Pinky1.R"
											
												name: "f_Pinky2.R"
												
													name: "f_Pinky3.R"
													
				name: "leg_up.L"
				
					name: "leg.L"
					
						name: "foot.L"
						
							name: "toe.L"
							
				name: "leg_up.R"
				
					name: "leg.R"
					
						name: "foot.R"
						
							name: "toe.R"
							

[14:44:41.364973] [Import] [info] (th=14860) File loaded successfully
[14:44:41.365007] [Import] [info] (th=14860) Meshes count: 0
[14:44:41.365040] [Import] [info] (th=14860) Materials count: 0
[14:49:09.283734] [Import] [info] (th=14860) Importing from E:\!_WORK\GAMEdev\Manu\MyGame\GG\GREAT_export\GG_3_jump.fbx
[14:49:09.304807] [Import] [info] (th=14860) Imported scene tree:
name: "RootNode"

	name: "G_male_base_armature"
	
		name: "root_bone"
		
			name: "Hips"
			
				name: "spine"
				
					name: "chest_bottom"
					
						name: "chest"
						
							name: "neck"
							
								name: "Head"
								
									name: "braid1.L"
									
										name: "braid2.L"
										
											name: "braid3.L"
											
												name: "braid4.L"
												
									name: "braid1.R"
									
										name: "braid2.R"
										
											name: "braid3.R"
											
												name: "braid4.R"
												
									name: "eye.L"
									
									name: "eye.R"
									
							name: "shoulder.L"
							
								name: "arm.L"
								
									name: "forearm.L"
									
										name: "hand.L"
										
											name: "f_Thumb1.L"
											
												name: "f_Thumb2.L"
												
													name: "f_Thumb3.L"
													
											name: "f_Index1.L"
											
												name: "f_Index2.L"
												
													name: "f_Index3.L"
													
											name: "f_Middle1.L"
											
												name: "f_Middle2.L"
												
													name: "f_Middle3.L"
													
											name: "f_Ring1.L"
											
												name: "f_Ring2.L"
												
													name: "f_Ring3.L"
													
											name: "f_Pinky1.L"
											
												name: "f_Pinky2.L"
												
													name: "f_Pinky3.L"
													
							name: "shoulder.R"
							
								name: "arm.R"
								
									name: "forearm.R"
									
										name: "hand.R"
										
											name: "f_Thumb1.R"
											
												name: "f_Thumb2.R"
												
													name: "f_Thumb3.R"
													
											name: "f_Index1.R"
											
												name: "f_Index2.R"
												
													name: "f_Index3.R"
													
											name: "f_Middle1.R"
											
												name: "f_Middle2.R"
												
													name: "f_Middle3.R"
													
											name: "f_Ring1.R"
											
												name: "f_Ring2.R"
												
													name: "f_Ring3.R"
													
											name: "f_Pinky1.R"
											
												name: "f_Pinky2.R"
												
													name: "f_Pinky3.R"
													
				name: "leg_up.L"
				
					name: "leg.L"
					
						name: "foot.L"
						
							name: "toe.L"
							
				name: "leg_up.R"
				
					name: "leg.R"
					
						name: "foot.R"
						
							name: "toe.R"
							

[14:49:09.304966] [Import] [info] (th=14860) File loaded successfully
[14:49:09.305129] [Import] [info] (th=14860) Meshes count: 0
[14:49:09.305215] [Import] [info] (th=14860) Materials count: 0
[14:52:22.613445] [Import] [info] (th=14860) Importing from E:\!_WORK\GAMEdev\Manu\MyGame\GG\GREAT_export\GG_2_idle.fbx
[14:52:22.636469] [Import] [info] (th=14860) Imported scene tree:
name: "RootNode"

	name: "G_male_base_armature"
	
		name: "root_bone"
		
			name: "Hips"
			
				name: "spine"
				
					name: "chest_bottom"
					
						name: "chest"
						
							name: "neck"
							
								name: "Head"
								
									name: "braid1.L"
									
										name: "braid2.L"
										
											name: "braid3.L"
											
												name: "braid4.L"
												
									name: "braid1.R"
									
										name: "braid2.R"
										
											name: "braid3.R"
											
												name: "braid4.R"
												
									name: "eye.L"
									
									name: "eye.R"
									
							name: "shoulder.L"
							
								name: "arm.L"
								
									name: "forearm.L"
									
										name: "hand.L"
										
											name: "f_Thumb1.L"
											
												name: "f_Thumb2.L"
												
													name: "f_Thumb3.L"
													
											name: "f_Index1.L"
											
												name: "f_Index2.L"
												
													name: "f_Index3.L"
													
											name: "f_Middle1.L"
											
												name: "f_Middle2.L"
												
													name: "f_Middle3.L"
													
											name: "f_Ring1.L"
											
												name: "f_Ring2.L"
												
													name: "f_Ring3.L"
													
											name: "f_Pinky1.L"
											
												name: "f_Pinky2.L"
												
													name: "f_Pinky3.L"
													
							name: "shoulder.R"
							
								name: "arm.R"
								
									name: "forearm.R"
									
										name: "hand.R"
										
											name: "f_Thumb1.R"
											
												name: "f_Thumb2.R"
												
													name: "f_Thumb3.R"
													
											name: "f_Index1.R"
											
												name: "f_Index2.R"
												
													name: "f_Index3.R"
													
											name: "f_Middle1.R"
											
												name: "f_Middle2.R"
												
													name: "f_Middle3.R"
													
											name: "f_Ring1.R"
											
												name: "f_Ring2.R"
												
													name: "f_Ring3.R"
													
											name: "f_Pinky1.R"
											
												name: "f_Pinky2.R"
												
													name: "f_Pinky3.R"
													
				name: "leg_up.L"
				
					name: "leg.L"
					
						name: "foot.L"
						
							name: "toe.L"
							
				name: "leg_up.R"
				
					name: "leg.R"
					
						name: "foot.R"
						
							name: "toe.R"
							

[14:52:22.636586] [Import] [info] (th=14860) File loaded successfully
[14:52:22.636675] [Import] [info] (th=14860) Meshes count: 0
[14:52:22.636765] [Import] [info] (th=14860) Materials count: 0
[14:52:26.950466] [Import] [info] (th=14860) Importing from E:\!_WORK\GAMEdev\Manu\MyGame\GG\GREAT_export\GG_2_run.fbx
[14:52:26.972846] [Import] [info] (th=14860) Imported scene tree:
name: "RootNode"

	name: "G_male_base_armature"
	
		name: "root_bone"
		
			name: "Hips"
			
				name: "spine"
				
					name: "chest_bottom"
					
						name: "chest"
						
							name: "neck"
							
								name: "Head"
								
									name: "braid1.L"
									
										name: "braid2.L"
										
											name: "braid3.L"
											
												name: "braid4.L"
												
									name: "braid1.R"
									
										name: "braid2.R"
										
											name: "braid3.R"
											
												name: "braid4.R"
												
									name: "eye.L"
									
									name: "eye.R"
									
							name: "shoulder.L"
							
								name: "arm.L"
								
									name: "forearm.L"
									
										name: "hand.L"
										
											name: "f_Thumb1.L"
											
												name: "f_Thumb2.L"
												
													name: "f_Thumb3.L"
													
											name: "f_Index1.L"
											
												name: "f_Index2.L"
												
													name: "f_Index3.L"
													
											name: "f_Middle1.L"
											
												name: "f_Middle2.L"
												
													name: "f_Middle3.L"
													
											name: "f_Ring1.L"
											
												name: "f_Ring2.L"
												
													name: "f_Ring3.L"
													
											name: "f_Pinky1.L"
											
												name: "f_Pinky2.L"
												
													name: "f_Pinky3.L"
													
							name: "shoulder.R"
							
								name: "arm.R"
								
									name: "forearm.R"
									
										name: "hand.R"
										
											name: "f_Thumb1.R"
											
												name: "f_Thumb2.R"
												
													name: "f_Thumb3.R"
													
											name: "f_Index1.R"
											
												name: "f_Index2.R"
												
													name: "f_Index3.R"
													
											name: "f_Middle1.R"
											
												name: "f_Middle2.R"
												
													name: "f_Middle3.R"
													
											name: "f_Ring1.R"
											
												name: "f_Ring2.R"
												
													name: "f_Ring3.R"
													
											name: "f_Pinky1.R"
											
												name: "f_Pinky2.R"
												
													name: "f_Pinky3.R"
													
				name: "leg_up.L"
				
					name: "leg.L"
					
						name: "foot.L"
						
							name: "toe.L"
							
				name: "leg_up.R"
				
					name: "leg.R"
					
						name: "foot.R"
						
							name: "toe.R"
							

[14:52:26.972892] [Import] [info] (th=14860) File loaded successfully
[14:52:26.972926] [Import] [info] (th=14860) Meshes count: 0
[14:52:26.972960] [Import] [info] (th=14860) Materials count: 0
[14:54:44.379298] [Import] [info] (th=14860) Importing from E:\!_WORK\GAMEdev\Manu\MyGame\GG\GREAT_export\GG_3_jump.fbx
[14:54:44.399523] [Import] [info] (th=14860) Imported scene tree:
name: "RootNode"

	name: "G_male_base_armature"
	
		name: "root_bone"
		
			name: "Hips"
			
				name: "spine"
				
					name: "chest_bottom"
					
						name: "chest"
						
							name: "neck"
							
								name: "Head"
								
									name: "braid1.L"
									
										name: "braid2.L"
										
											name: "braid3.L"
											
												name: "braid4.L"
												
									name: "braid1.R"
									
										name: "braid2.R"
										
											name: "braid3.R"
											
												name: "braid4.R"
												
									name: "eye.L"
									
									name: "eye.R"
									
							name: "shoulder.L"
							
								name: "arm.L"
								
									name: "forearm.L"
									
										name: "hand.L"
										
											name: "f_Thumb1.L"
											
												name: "f_Thumb2.L"
												
													name: "f_Thumb3.L"
													
											name: "f_Index1.L"
											
												name: "f_Index2.L"
												
													name: "f_Index3.L"
													
											name: "f_Middle1.L"
											
												name: "f_Middle2.L"
												
													name: "f_Middle3.L"
													
											name: "f_Ring1.L"
											
												name: "f_Ring2.L"
												
													name: "f_Ring3.L"
													
											name: "f_Pinky1.L"
											
												name: "f_Pinky2.L"
												
													name: "f_Pinky3.L"
													
							name: "shoulder.R"
							
								name: "arm.R"
								
									name: "forearm.R"
									
										name: "hand.R"
										
											name: "f_Thumb1.R"
											
												name: "f_Thumb2.R"
												
													name: "f_Thumb3.R"
													
											name: "f_Index1.R"
											
												name: "f_Index2.R"
												
													name: "f_Index3.R"
													
											name: "f_Middle1.R"
											
												name: "f_Middle2.R"
												
													name: "f_Middle3.R"
													
											name: "f_Ring1.R"
											
												name: "f_Ring2.R"
												
													name: "f_Ring3.R"
													
											name: "f_Pinky1.R"
											
												name: "f_Pinky2.R"
												
													name: "f_Pinky3.R"
													
				name: "leg_up.L"
				
					name: "leg.L"
					
						name: "foot.L"
						
							name: "toe.L"
							
				name: "leg_up.R"
				
					name: "leg.R"
					
						name: "foot.R"
						
							name: "toe.R"
							

[14:54:44.399695] [Import] [info] (th=14860) File loaded successfully
[14:54:44.399818] [Import] [info] (th=14860) Meshes count: 0
[14:54:44.399904] [Import] [info] (th=14860) Materials count: 0
[14:55:43.248982] [Import] [info] (th=14860) Importing from E:\!_WORK\GAMEdev\Manu\MyGame\GG\GREAT_export\GG_3_jump.fbx
[14:55:43.270646] [Import] [info] (th=14860) Imported scene tree:
name: "RootNode"

	name: "G_male_base_armature"
	
		name: "root_bone"
		
			name: "Hips"
			
				name: "spine"
				
					name: "chest_bottom"
					
						name: "chest"
						
							name: "neck"
							
								name: "Head"
								
									name: "braid1.L"
									
										name: "braid2.L"
										
											name: "braid3.L"
											
												name: "braid4.L"
												
									name: "braid1.R"
									
										name: "braid2.R"
										
											name: "braid3.R"
											
												name: "braid4.R"
												
									name: "eye.L"
									
									name: "eye.R"
									
							name: "shoulder.L"
							
								name: "arm.L"
								
									name: "forearm.L"
									
										name: "hand.L"
										
											name: "f_Thumb1.L"
											
												name: "f_Thumb2.L"
												
													name: "f_Thumb3.L"
													
											name: "f_Index1.L"
											
												name: "f_Index2.L"
												
													name: "f_Index3.L"
													
											name: "f_Middle1.L"
											
												name: "f_Middle2.L"
												
													name: "f_Middle3.L"
													
											name: "f_Ring1.L"
											
												name: "f_Ring2.L"
												
													name: "f_Ring3.L"
													
											name: "f_Pinky1.L"
											
												name: "f_Pinky2.L"
												
													name: "f_Pinky3.L"
													
							name: "shoulder.R"
							
								name: "arm.R"
								
									name: "forearm.R"
									
										name: "hand.R"
										
											name: "f_Thumb1.R"
											
												name: "f_Thumb2.R"
												
													name: "f_Thumb3.R"
													
											name: "f_Index1.R"
											
												name: "f_Index2.R"
												
													name: "f_Index3.R"
													
											name: "f_Middle1.R"
											
												name: "f_Middle2.R"
												
													name: "f_Middle3.R"
													
											name: "f_Ring1.R"
											
												name: "f_Ring2.R"
												
													name: "f_Ring3.R"
													
											name: "f_Pinky1.R"
											
												name: "f_Pinky2.R"
												
													name: "f_Pinky3.R"
													
				name: "leg_up.L"
				
					name: "leg.L"
					
						name: "foot.L"
						
							name: "toe.L"
							
				name: "leg_up.R"
				
					name: "leg.R"
					
						name: "foot.R"
						
							name: "toe.R"
							

[14:55:43.270692] [Import] [info] (th=14860) File loaded successfully
[14:55:43.270727] [Import] [info] (th=14860) Meshes count: 0
[14:55:43.270766] [Import] [info] (th=14860) Materials count: 0
[14:57:09.292697] [Import] [info] (th=14860) Importing from E:\!_WORK\GAMEdev\Manu\MyGame\GG\GREAT_export\GG_3_jump.fbx
[14:57:09.313674] [Import] [info] (th=14860) Imported scene tree:
name: "RootNode"

	name: "G_male_base_armature"
	
		name: "root_bone"
		
			name: "Hips"
			
				name: "spine"
				
					name: "chest_bottom"
					
						name: "chest"
						
							name: "neck"
							
								name: "Head"
								
									name: "braid1.L"
									
										name: "braid2.L"
										
											name: "braid3.L"
											
												name: "braid4.L"
												
									name: "braid1.R"
									
										name: "braid2.R"
										
											name: "braid3.R"
											
												name: "braid4.R"
												
									name: "eye.L"
									
									name: "eye.R"
									
							name: "shoulder.L"
							
								name: "arm.L"
								
									name: "forearm.L"
									
										name: "hand.L"
										
											name: "f_Thumb1.L"
											
												name: "f_Thumb2.L"
												
													name: "f_Thumb3.L"
													
											name: "f_Index1.L"
											
												name: "f_Index2.L"
												
													name: "f_Index3.L"
													
											name: "f_Middle1.L"
											
												name: "f_Middle2.L"
												
													name: "f_Middle3.L"
													
											name: "f_Ring1.L"
											
												name: "f_Ring2.L"
												
													name: "f_Ring3.L"
													
											name: "f_Pinky1.L"
											
												name: "f_Pinky2.L"
												
													name: "f_Pinky3.L"
													
							name: "shoulder.R"
							
								name: "arm.R"
								
									name: "forearm.R"
									
										name: "hand.R"
										
											name: "f_Thumb1.R"
											
												name: "f_Thumb2.R"
												
													name: "f_Thumb3.R"
													
											name: "f_Index1.R"
											
												name: "f_Index2.R"
												
													name: "f_Index3.R"
													
											name: "f_Middle1.R"
											
												name: "f_Middle2.R"
												
													name: "f_Middle3.R"
													
											name: "f_Ring1.R"
											
												name: "f_Ring2.R"
												
													name: "f_Ring3.R"
													
											name: "f_Pinky1.R"
											
												name: "f_Pinky2.R"
												
													name: "f_Pinky3.R"
													
				name: "leg_up.L"
				
					name: "leg.L"
					
						name: "foot.L"
						
							name: "toe.L"
							
				name: "leg_up.R"
				
					name: "leg.R"
					
						name: "foot.R"
						
							name: "toe.R"
							

[14:57:09.313720] [Import] [info] (th=14860) File loaded successfully
[14:57:09.313758] [Import] [info] (th=14860) Meshes count: 0
[14:57:09.313793] [Import] [info] (th=14860) Materials count: 0
[14:59:29.699393] [Import] [info] (th=14860) Importing from E:\!_WORK\GAMEdev\Manu\MyGame\GG\GREAT_export\GG_3_jump.fbx
[14:59:29.724590] [Import] [info] (th=14860) Imported scene tree:
name: "RootNode"

	name: "G_male_base_armature"
	
		name: "root_bone"
		
			name: "Hips"
			
				name: "spine"
				
					name: "chest_bottom"
					
						name: "chest"
						
							name: "neck"
							
								name: "Head"
								
									name: "braid1.L"
									
										name: "braid2.L"
										
											name: "braid3.L"
											
												name: "braid4.L"
												
									name: "braid1.R"
									
										name: "braid2.R"
										
											name: "braid3.R"
											
												name: "braid4.R"
												
									name: "eye.L"
									
									name: "eye.R"
									
							name: "shoulder.L"
							
								name: "arm.L"
								
									name: "forearm.L"
									
										name: "hand.L"
										
											name: "f_Thumb1.L"
											
												name: "f_Thumb2.L"
												
													name: "f_Thumb3.L"
													
											name: "f_Index1.L"
											
												name: "f_Index2.L"
												
													name: "f_Index3.L"
													
											name: "f_Middle1.L"
											
												name: "f_Middle2.L"
												
													name: "f_Middle3.L"
													
											name: "f_Ring1.L"
											
												name: "f_Ring2.L"
												
													name: "f_Ring3.L"
													
											name: "f_Pinky1.L"
											
												name: "f_Pinky2.L"
												
													name: "f_Pinky3.L"
													
							name: "shoulder.R"
							
								name: "arm.R"
								
									name: "forearm.R"
									
										name: "hand.R"
										
											name: "f_Thumb1.R"
											
												name: "f_Thumb2.R"
												
													name: "f_Thumb3.R"
													
											name: "f_Index1.R"
											
												name: "f_Index2.R"
												
													name: "f_Index3.R"
													
											name: "f_Middle1.R"
											
												name: "f_Middle2.R"
												
													name: "f_Middle3.R"
													
											name: "f_Ring1.R"
											
												name: "f_Ring2.R"
												
													name: "f_Ring3.R"
													
											name: "f_Pinky1.R"
											
												name: "f_Pinky2.R"
												
													name: "f_Pinky3.R"
													
				name: "leg_up.L"
				
					name: "leg.L"
					
						name: "foot.L"
						
							name: "toe.L"
							
				name: "leg_up.R"
				
					name: "leg.R"
					
						name: "foot.R"
						
							name: "toe.R"
							

[14:59:29.724639] [Import] [info] (th=14860) File loaded successfully
[14:59:29.724673] [Import] [info] (th=14860) Meshes count: 0
[14:59:29.724708] [Import] [info] (th=14860) Materials count: 0
[15:11:00.051899] [Import] [info] (th=14860) Importing from E:\!FOR_ASSETS\Nature\Pine_trees\Export_for_CGtrader\Grass_sets.fbx
[15:11:00.105009] [Import] [info] (th=14860) Imported scene tree:
name: "RootNode"

	name: "GrassSet1"
	numMeshes: 1
	 addr: "000002B26D0B9AB0"
	 name: "Plane.245"
	 numVertices: "9506"
	 numFaces: "4874"
	
	
	name: "GrassSet2"
	numMeshes: 1
	 addr: "000002B26D0B6590"
	 name: "Plane.243"
	 numVertices: "21422"
	 numFaces: "10624"
	
	
	name: "GrassSet3"
	numMeshes: 1
	 addr: "000002B26D0B9010"
	 name: "Plane.244"
	 numVertices: "16420"
	 numFaces: "8210"
	
	

[15:11:00.105068] [Import] [info] (th=14860) File loaded successfully
[15:11:00.105107] [Import] [info] (th=14860) Meshes count: 3
[15:11:00.105146] [Import] [info] (th=14860) Materials count: 1
[15:11:00.105313] [Import] [info] (th=14860) Textures count (imported): 0
[16:48:52.606932] [Import] [info] (th=14860) Importing from E:\!FOR_ASSETS\Nature\Pine_trees\Export_for_CGtrader\Fallen.fbx
[16:48:52.653965] [Import] [info] (th=14860) Imported scene tree:
name: "RootNode"

	name: "Fallen_tree1"
	numMeshes: 2
	 addr: "000002B26D0BA550"
	 name: "Cube.005"
	 numVertices: "1244"
	 numFaces: "1083"
	
	 addr: "000002B26D0BAAA0"
	 name: "Cube.005"
	 numVertices: "391"
	 numFaces: "258"
	
	
	name: "Fallen_tree2"
	numMeshes: 2
	 addr: "000002B26D0BAFF0"
	 name: "Fallen_tree2"
	 numVertices: "2468"
	 numFaces: "2176"
	
	 addr: "000002B26D0BB540"
	 name: "Fallen_tree2"
	 numVertices: "581"
	 numFaces: "378"
	
	
	name: "Fallen_brunch3"
	numMeshes: 1
	 addr: "000002B26D0B3B10"
	 name: "Cube.003"
	 numVertices: "17"
	 numFaces: "11"
	
	
	name: "Fallen_brunch2"
	numMeshes: 1
	 addr: "000002B26D0B4060"
	 name: "Cube.002"
	 numVertices: "38"
	 numFaces: "24"
	
	
	name: "Fallen_brunch1"
	numMeshes: 1
	 addr: "000002B26D0BBA90"
	 name: "Cube.001"
	 numVertices: "52"
	 numFaces: "35"
	
	
	name: "Fallen_brunch_big"
	numMeshes: 2
	 addr: "000002B26D0BBFE0"
	 name: "Cube"
	 numVertices: "161"
	 numFaces: "166"
	
	 addr: "000002B26D0BC530"
	 name: "Cube"
	 numVertices: "491"
	 numFaces: "317"
	
	

[16:48:52.654013] [Import] [info] (th=14860) File loaded successfully
[16:48:52.654048] [Import] [info] (th=14860) Meshes count: 9
[16:48:52.654082] [Import] [info] (th=14860) Materials count: 3
[16:48:52.654347] [Import] [info] (th=14860) Textures count (imported): 0
[17:58:11.410147] [Import] [info] (th=14860) Importing from E:\!_WORK\GAMEdev\Manu\MyGame\Scenes\Scene_test_03_river.fbx
[17:58:11.466284] [Import] [info] (th=14860) Imported scene tree:
name: "RootNode"

	name: "Scene_part1"
	numMeshes: 1
	 addr: "000002B26D0B25D0"
	 name: "Cube.030"
	 numVertices: "799"
	 numFaces: "598"
	
	
	name: "Scene_BLACK"
	numMeshes: 1
	 addr: "000002B26D0BCFD0"
	 name: "Cube.001"
	 numVertices: "566"
	 numFaces: "284"
	
	
	name: "Scene_part2"
	numMeshes: 1
	 addr: "000002B26D0BD520"
	 name: "Cube.047"
	 numVertices: "1029"
	 numFaces: "940"
	
	
	name: "LongCave"
	numMeshes: 1
	 addr: "000002B26D0BE510"
	 name: "Cube.048"
	 numVertices: "197"
	 numFaces: "94"
	
	
	name: "RockGround_1_LP"
	numMeshes: 1
	 addr: "000002B26D0BDA70"
	 name: "Cube.055"
	 numVertices: "5559"
	 numFaces: "5492"
	
	
	name: "RockGround_1_LP.001"
	numMeshes: 1
	 addr: "000002B26D0C0F90"
	 name: "Cube.058"
	 numVertices: "9398"
	 numFaces: "7109"
	
	
	name: "Point.005"
	
	name: "Point.006"
	
	name: "water"
	numMeshes: 1
	 addr: "000002B26D0C04F0"
	 name: "Plane.006"
	 numVertices: "4"
	 numFaces: "2"
	
	
	name: "Plane.005"
	numMeshes: 1
	 addr: "000002B26D0BDFC0"
	 name: "Plane.007"
	 numVertices: "740"
	 numFaces: "412"
	
	

[17:58:11.466382] [Import] [info] (th=14860) File loaded successfully
[17:58:11.466420] [Import] [info] (th=14860) Meshes count: 8
[17:58:11.466469] [Import] [info] (th=14860) Materials count: 6
[17:58:11.479510] [Import] [info] (th=14860) Textures count (imported): 8
[18:01:18.477022] [Import] [info] (th=14860) Importing from E:\!_WORK\GAMEdev\Manu\MyGame\Scenes\Scene_test_03_river.fbx
[18:01:18.515286] [Import] [info] (th=14860) Imported scene tree:
name: "RootNode"

	name: "RockGround_1_LP"
	numMeshes: 1
	 addr: "000002B26D0BEFB0"
	 name: "Cube.055"
	 numVertices: "5559"
	 numFaces: "5492"
	
	
	name: "RockGround_1_LP.001"
	numMeshes: 1
	 addr: "000002B26D0B7580"
	 name: "Cube.058"
	 numVertices: "9398"
	 numFaces: "7109"
	
	

[18:01:18.515331] [Import] [info] (th=14860) File loaded successfully
[18:01:18.515366] [Import] [info] (th=14860) Meshes count: 2
[18:01:18.515400] [Import] [info] (th=14860) Materials count: 2
[18:01:18.515729] [Import] [info] (th=14860) Textures count (imported): 1
[18:07:26.522003] [Import] [info] (th=14860) Importing from E:\!_WORK\GAMEdev\Manu\MyGame\Scenes\Scene_test_03_river.fbx
[18:07:26.558281] [Import] [info] (th=14860) Imported scene tree:
name: "RootNode"

	name: "RockGround_1_LP"
	numMeshes: 1
	 addr: "000002B26D0BF500"
	 name: "Cube.055"
	 numVertices: "5328"
	 numFaces: "5492"
	
	
	name: "RockGround_1_LP.001"
	numMeshes: 1
	 addr: "000002B26D0B8020"
	 name: "Cube.058"
	 numVertices: "9373"
	 numFaces: "7109"
	
	

[18:07:26.558328] [Import] [info] (th=14860) File loaded successfully
[18:07:26.558363] [Import] [info] (th=14860) Meshes count: 2
[18:07:26.558398] [Import] [info] (th=14860) Materials count: 2
[18:07:26.558767] [Import] [info] (th=14860) Textures count (imported): 2
[18:13:42.542067] [Import] [info] (th=14860) Importing from E:\!FOR_ASSETS\Nature\Stones\Stones2_FBX\stones2-123.fbx
[18:13:42.555714] [Import] [info] (th=14860) Imported scene tree:
name: "RootNode"

	name: "StoneBig1_LOD0"
	numMeshes: 1
	 addr: "000002B26D0B4B00"
	 name: "Cube.003"
	 numVertices: "888"
	 numFaces: "626"
	
	
	name: "StoneBig3_LOD0"
	numMeshes: 1
	 addr: "000002B26D0BFA50"
	 name: "Cube.002"
	 numVertices: "938"
	 numFaces: "604"
	
	
	name: "StoneBig2_LOD0"
	numMeshes: 1
	 addr: "000002B26D0BFFA0"
	 name: "Cube.004"
	 numVertices: "1264"
	 numFaces: "820"
	
	

[18:13:42.555758] [Import] [info] (th=14860) File loaded successfully
[18:13:42.555793] [Import] [info] (th=14860) Meshes count: 3
[18:13:42.555831] [Import] [info] (th=14860) Materials count: 1
[18:13:42.556119] [Import] [info] (th=14860) Textures count (imported): 2
[18:35:20.823662] [Import] [info] (th=14860) Importing from E:\!_WORK\GAMEdev\Manu\MyGame\Scenes\Unlighted_props\TheBox.fbx
[18:35:20.825904] [Import] [info] (th=14860) Imported scene tree:
name: "RootNode"

	name: "Cube.031"
	numMeshes: 1
	 addr: "000002B20E268E20"
	 name: "Cube.053"
	 numVertices: "274"
	 numFaces: "156"
	
	

[18:35:20.825945] [Import] [info] (th=14860) File loaded successfully
[18:35:20.825987] [Import] [info] (th=14860) Meshes count: 1
[18:35:20.826029] [Import] [info] (th=14860) Materials count: 1
[18:35:20.826304] [Import] [info] (th=14860) Textures count (imported): 2
[18:44:35.964195] [Import] [info] (th=14860) Importing from E:\!_WORK\GAMEdev\Manu\MyGame\Scenes\Scene_test_03_river_Part1.fbx
[18:44:35.980058] [Import] [info] (th=14860) Imported scene tree:
name: "RootNode"

	name: "RockGround_1_LP"
	numMeshes: 1
	 addr: "000002B20E267E30"
	 name: "Cube.055"
	 numVertices: "5331"
	 numFaces: "5496"
	
	

[18:44:35.980184] [Import] [info] (th=14860) File loaded successfully
[18:44:35.980227] [Import] [info] (th=14860) Meshes count: 1
[18:44:35.980304] [Import] [info] (th=14860) Materials count: 1
[18:44:36.026930] [Import] [warning] (th=14860) It seems that scene structure is different
[19:00:36.075822] [Import] [info] (th=14860) Importing from E:\!FOR_ASSETS\Nature\Pine_trees\Export_for_CGtrader\Small_plants.fbx
[19:00:36.124048] [Import] [info] (th=14860) Imported scene tree:
name: "RootNode"

	name: "Bush1"
	numMeshes: 1
	 addr: "000002B20E269370"
	 name: "Plane.178"
	 numVertices: "156"
	 numFaces: "72"
	
	
		name: "Bush1_leaves"
		numMeshes: 1
		 addr: "000002B20E262E80"
		 name: "Plane.177"
		 numVertices: "205"
		 numFaces: "150"
		
		
	name: "Bush1_nude"
	numMeshes: 1
	 addr: "000002B20E267390"
	 name: "Plane.176"
	 numVertices: "156"
	 numFaces: "72"
	
	
	name: "Grass1"
	numMeshes: 1
	 addr: "000002B20E2688D0"
	 name: "Plane.175"
	 numVertices: "12"
	 numFaces: "6"
	
	
	name: "Grass2"
	numMeshes: 1
	 addr: "000002B20E26A360"
	 name: "Plane.174"
	 numVertices: "12"
	 numFaces: "6"
	
	
	name: "RandomGrass1"
	numMeshes: 1
	 addr: "000002B20E263920"
	 name: "Plane.173"
	 numVertices: "56"
	 numFaces: "28"
	
	
	name: "RandomGrass2"
	numMeshes: 1
	 addr: "000002B20E26A8B0"
	 name: "Plane.198"
	 numVertices: "289"
	 numFaces: "101"
	
	
	name: "SmallWeed1"
	numMeshes: 1
	 addr: "000002B20E2633D0"
	 name: "Plane.171"
	 numVertices: "32"
	 numFaces: "16"
	
	
	name: "SmallWeed2"
	numMeshes: 1
	 addr: "000002B20E264E60"
	 name: "Plane.170"
	 numVertices: "36"
	 numFaces: "18"
	
	
	name: "Starw2"
	numMeshes: 1
	 addr: "000002B20E265E50"
	 name: "Plane.168"
	 numVertices: "68"
	 numFaces: "34"
	
	
	name: "Straw1"
	numMeshes: 1
	 addr: "000002B20E059450"
	 name: "Plane.167"
	 numVertices: "36"
	 numFaces: "18"
	
	
	name: "Weed1"
	numMeshes: 1
	 addr: "000002B20E0599A0"
	 name: "Plane.166"
	 numVertices: "75"
	 numFaces: "37"
	
	
	name: "Weed2"
	numMeshes: 1
	 addr: "000002B20E0589B0"
	 name: "Plane.164"
	 numVertices: "101"
	 numFaces: "47"
	
	

[19:00:36.124095] [Import] [info] (th=14860) File loaded successfully
[19:00:36.124135] [Import] [info] (th=14860) Meshes count: 13
[19:00:36.124173] [Import] [info] (th=14860) Materials count: 1
[19:00:36.124332] [Import] [info] (th=14860) Textures count (imported): 0
