[15:09:52.888459] [Import] [info] (th=24988) Log level for 'Import' set to 'info'
[15:09:52.889538] [Import] [info] (th=24988) Importing from D:\Users\Chris\Documents\ManuCollab\Props\diaty fixed.fbx
[15:09:52.911634] [Import] [info] (th=24988) Imported scene tree:
name: "RootNode"

	name: "Pan.001"
	numMeshes: 1
	 addr: "00000227E631B490"
	 name: "Cylinder.002"
	 numVertices: "112"
	 numFaces: "106"
	
	
	name: "Plane.010"
	numMeshes: 2
	 addr: "00000227E631CF20"
	 name: "Plane.011"
	 numVertices: "72"
	 numFaces: "60"
	
	 addr: "00000227E63164E0"
	 name: "Plane.011"
	 numVertices: "10"
	 numFaces: "8"
	
	
		name: "Plane.013"
		numMeshes: 1
		 addr: "00000227E6316F80"
		 name: "Plane.012"
		 numVertices: "10"
		 numFaces: "8"
		
		

[15:09:52.911755] [Import] [info] (th=24988) File loaded successfully
[15:09:52.911820] [Import] [info] (th=24988) Meshes count: 4
[15:09:52.911875] [Import] [info] (th=24988) Materials count: 3
[15:09:52.915857] [Import] [info] (th=24988) Textures count (imported): 4
[15:12:12.502586] [Import] [info] (th=24988) Importing from D:\Users\Chris\Documents\ManuCollab\Props\diary fixed.fbx
[15:12:12.506638] [Import] [info] (th=24988) Imported scene tree:
name: "RootNode"

	name: "Pan.001"
	numMeshes: 1
	 addr: "00000227AFA12110"
	 name: "Cylinder.002"
	 numVertices: "112"
	 numFaces: "106"
	
	
	name: "Plane.010"
	numMeshes: 2
	 addr: "00000227AFA13650"
	 name: "Plane.011"
	 numVertices: "72"
	 numFaces: "60"
	
	 addr: "00000227AFA0E150"
	 name: "Plane.011"
	 numVertices: "10"
	 numFaces: "8"
	
	
		name: "Plane.013"
		numMeshes: 1
		 addr: "00000227AFA0DC00"
		 name: "Plane.012"
		 numVertices: "10"
		 numFaces: "8"
		
		

[15:12:12.506713] [Import] [info] (th=24988) File loaded successfully
[15:12:12.506776] [Import] [info] (th=24988) Meshes count: 4
[15:12:12.506842] [Import] [info] (th=24988) Materials count: 3
[15:12:12.507693] [Import] [info] (th=24988) Textures count (imported): 4
[15:25:03.689343] [Import] [info] (th=24988) Importing from D:\Users\Chris\Documents\ManuCollab\Props\diary fixed.fbx
[15:25:03.694049] [Import] [info] (th=24988) Imported scene tree:
name: "RootNode"

	name: "Pan.001"
	numMeshes: 1
	 addr: "00000227E63273D0"
	 name: "Cylinder.002"
	 numVertices: "112"
	 numFaces: "106"
	
	
	name: "Plane.010"
	numMeshes: 2
	 addr: "00000227E6327E70"
	 name: "Plane.011"
	 numVertices: "72"
	 numFaces: "60"
	
	 addr: "00000227E6320990"
	 name: "Plane.011"
	 numVertices: "10"
	 numFaces: "8"
	
	
		name: "Plane.013"
		numMeshes: 1
		 addr: "00000227E6328910"
		 name: "Plane.012"
		 numVertices: "10"
		 numFaces: "8"
		
		

[15:25:03.694164] [Import] [info] (th=24988) File loaded successfully
[15:25:03.694236] [Import] [info] (th=24988) Meshes count: 4
[15:25:03.694307] [Import] [info] (th=24988) Materials count: 3
[15:25:03.695049] [Import] [info] (th=24988) Textures count (imported): 4
