[17:30:16.930475] [Import] [info] (th=24808) Log level for 'Import' set to 'info'
[17:30:16.931160] [Import] [info] (th=24808) Importing from D:\Users\Chris\Documents\ManuCollab\3D assets\Butcher's Hook.fbx
[17:30:16.969880] [Import] [info] (th=24808) Imported scene tree:
name: "RootNode"

	name: "Chain"
	numMeshes: 1
	 addr: "0000022F9B9F5060"
	 name: "Cylinder.002"
	 numVertices: "5200"
	 numFaces: "7680"
	
	
		name: "Hook"
		numMeshes: 1
		 addr: "0000022F9B9FD530"
		 name: "Cylinder.001"
		 numVertices: "728"
		 numFaces: "638"
		
		

[17:30:16.969964] [Import] [info] (th=24808) File loaded successfully
[17:30:16.970040] [Import] [info] (th=24808) Meshes count: 2
[17:30:16.970105] [Import] [info] (th=24808) Materials count: 2
[17:30:16.972317] [Import] [info] (th=24808) Textures count (imported): 0
