[16:40:32.518056] [Import] [info] (th=2748) Log level for 'Import' set to 'info'
[16:40:32.518172] [Import] [info] (th=2748) Importing from D:\Users\Chris\Documents\ManuCollab\GGG_animations_for_Game2.blend\monster_grab_bite.fbx
[16:40:32.543724] [Import] [info] (th=2748) Imported scene tree:
name: "RootNode"

	name: "thc4_arma"
	
		name: "root_bone"
		
			name: "hip"
			
				name: "spine"
				
					name: "chest"
					
						name: "neck"
						
							name: "head"
							
								name: "jaw"
								
									name: "jaw_end"
									
						name: "shoulder.L"
						
							name: "arm.L"
							
								name: "forearm.L"
								
									name: "hand.L"
									
										name: "fingers1.L"
										
											name: "fingers2.L"
											
												name: "fingers2.L_end"
												
									name: "thumb1.L"
									
										name: "thumb2.L"
										
											name: "thumb2.L_end"
											
						name: "shoulder.R"
						
							name: "arm.R"
							
								name: "forearm.R"
								
									name: "hand.R"
									
										name: "fingers1.R"
										
											name: "fingers2.R"
											
												name: "fingers2.R_end"
												
									name: "thumb1.R"
									
										name: "thumb2.R"
										
											name: "thumb2.R_end"
											
				name: "hip2.L"
				
					name: "thigh.L"
					
						name: "shin.L"
						
							name: "foot.L"
							
								name: "toe.L"
								
									name: "toe.L_end"
									
				name: "hip2.R"
				
					name: "thigh.R"
					
						name: "shin.R"
						
							name: "foot.R"
							
								name: "toe.R"
								
									name: "toe.R_end"
									
			name: "arm_IK.L"
			
				name: "arm_IK.L_end"
				
			name: "elbow_target.L"
			
				name: "elbow_target.L_end"
				
			name: "leg_IK.L"
			
				name: "leg_IK.L_end"
				
			name: "knee_target.L"
			
				name: "knee_target.L_end"
				
			name: "arm_IK.R"
			
				name: "arm_IK.R_end"
				
			name: "elbow_target.R"
			
				name: "elbow_target.R_end"
				
			name: "leg_IK.R"
			
				name: "leg_IK.R_end"
				
			name: "knee_target.R"
			
				name: "knee_target.R_end"
				

[16:40:32.543799] [Import] [info] (th=2748) File loaded successfully
[16:40:32.543855] [Import] [info] (th=2748) Meshes count: 0
[16:40:32.543909] [Import] [info] (th=2748) Materials count: 0
[16:40:32.547290] [Import] [error] (th=2748) Cannot find node: arm_IK.L
[16:40:32.547399] [Import] [error] (th=2748) Cannot find node: arm_IK.R
[16:40:32.547558] [Import] [error] (th=2748) Cannot find node: elbow_target.L
[16:40:32.547667] [Import] [error] (th=2748) Cannot find node: elbow_target.R
[16:40:32.548554] [Import] [error] (th=2748) Cannot find node: knee_target.L
[16:40:32.548699] [Import] [error] (th=2748) Cannot find node: knee_target.R
[16:40:32.548916] [Import] [error] (th=2748) Cannot find node: leg_IK.L
[16:40:32.549093] [Import] [error] (th=2748) Cannot find node: leg_IK.R
[16:40:32.550076] [Import] [error] (th=2748) File's animations are incompatible with the selected MANU's node
[16:52:34.595349] [Import] [info] (th=2748) Importing from D:\Users\Chris\Documents\ManuCollab\GGG_animations_for_Game2.blend\monster_grab_bite.fbx
[16:52:34.615479] [Import] [info] (th=2748) Imported scene tree:
name: "RootNode"

	name: "thc4_arma"
	
		name: "root_bone"
		
			name: "hip"
			
				name: "spine"
				
					name: "chest"
					
						name: "neck"
						
							name: "head"
							
								name: "jaw"
								
									name: "jaw_end"
									
						name: "shoulder.L"
						
							name: "arm.L"
							
								name: "forearm.L"
								
									name: "hand.L"
									
										name: "fingers1.L"
										
											name: "fingers2.L"
											
												name: "fingers2.L_end"
												
									name: "thumb1.L"
									
										name: "thumb2.L"
										
											name: "thumb2.L_end"
											
						name: "shoulder.R"
						
							name: "arm.R"
							
								name: "forearm.R"
								
									name: "hand.R"
									
										name: "fingers1.R"
										
											name: "fingers2.R"
											
												name: "fingers2.R_end"
												
									name: "thumb1.R"
									
										name: "thumb2.R"
										
											name: "thumb2.R_end"
											
				name: "hip2.L"
				
					name: "thigh.L"
					
						name: "shin.L"
						
							name: "foot.L"
							
								name: "toe.L"
								
									name: "toe.L_end"
									
				name: "hip2.R"
				
					name: "thigh.R"
					
						name: "shin.R"
						
							name: "foot.R"
							
								name: "toe.R"
								
									name: "toe.R_end"
									

[16:52:34.615550] [Import] [info] (th=2748) File loaded successfully
[16:52:34.615606] [Import] [info] (th=2748) Meshes count: 0
[16:52:34.615661] [Import] [info] (th=2748) Materials count: 0
[18:24:45.799970] [Import] [info] (th=2748) Importing from D:\Users\Chris\Documents\ManuCollab\GGG_sketch_export_to_MIXAMO.fbx\Mixamo animations\scary new set\fall back death F.fbx
[18:24:45.838046] [Import] [info] (th=2748) Imported scene tree:
name: "RootNode"

	name: "G_male_base_armature"
	
		name: "root_bone"
		
			name: "Hips"
			
				name: "spine"
				
					name: "chest_bottom"
					
						name: "chest"
						
							name: "neck"
							
								name: "Head"
								
									name: "braid1.L"
									
										name: "braid2.L"
										
											name: "braid3.L"
											
												name: "braid4.L"
												
													name: "braid4.L_end"
													
									name: "braid1.R"
									
										name: "braid2.R"
										
											name: "braid3.R"
											
												name: "braid4.R"
												
													name: "braid4.R_end"
													
									name: "eye.L"
									
										name: "eye.L_end"
										
									name: "eye.R"
									
										name: "eye.R_end"
										
							name: "shoulder.L"
							
								name: "arm.L"
								
									name: "forearm.L"
									
										name: "hand.L"
										
											name: "f_Thumb1.L"
											
												name: "f_Thumb2.L"
												
													name: "f_Thumb3.L"
													
														name: "f_Thumb3.L_end"
														
											name: "f_Index1.L"
											
												name: "f_Index2.L"
												
													name: "f_Index3.L"
													
														name: "f_Index3.L_end"
														
											name: "f_Middle1.L"
											
												name: "f_Middle2.L"
												
													name: "f_Middle3.L"
													
														name: "f_Middle3.L_end"
														
											name: "f_Ring1.L"
											
												name: "f_Ring2.L"
												
													name: "f_Ring3.L"
													
														name: "f_Ring3.L_end"
														
											name: "f_Pinky1.L"
											
												name: "f_Pinky2.L"
												
													name: "f_Pinky3.L"
													
														name: "f_Pinky3.L_end"
														
							name: "shoulder.R"
							
								name: "arm.R"
								
									name: "forearm.R"
									
										name: "hand.R"
										
											name: "f_Thumb1.R"
											
												name: "f_Thumb2.R"
												
													name: "f_Thumb3.R"
													
														name: "f_Thumb3.R_end"
														
											name: "f_Index1.R"
											
												name: "f_Index2.R"
												
													name: "f_Index3.R"
													
														name: "f_Index3.R_end"
														
											name: "f_Middle1.R"
											
												name: "f_Middle2.R"
												
													name: "f_Middle3.R"
													
														name: "f_Middle3.R_end"
														
											name: "f_Ring1.R"
											
												name: "f_Ring2.R"
												
													name: "f_Ring3.R"
													
														name: "f_Ring3.R_end"
														
											name: "f_Pinky1.R"
											
												name: "f_Pinky2.R"
												
													name: "f_Pinky3.R"
													
														name: "f_Pinky3.R_end"
														
				name: "leg_up.L"
				
					name: "leg.L"
					
						name: "foot.L"
						
							name: "toe.L"
							
								name: "toe.L_end"
								
				name: "leg_up.R"
				
					name: "leg.R"
					
						name: "foot.R"
						
							name: "toe.R"
							
								name: "toe.R_end"
								

[18:24:45.838119] [Import] [info] (th=2748) File loaded successfully
[18:24:45.838175] [Import] [info] (th=2748) Meshes count: 0
[18:24:45.838229] [Import] [info] (th=2748) Materials count: 0
[18:25:19.458235] [Import] [info] (th=2748) Importing from D:\Users\Chris\Documents\ManuCollab\GGG_sketch_export_to_MIXAMO.fbx\Mixamo animations\scary new set\Monster_Death.fbx
[18:25:19.501829] [Import] [info] (th=2748) Imported scene tree:
name: "RootNode"

	name: "G_male_base_armature"
	
		name: "root_bone"
		
			name: "Hips"
			
				name: "spine"
				
					name: "chest_bottom"
					
						name: "chest"
						
							name: "neck"
							
								name: "Head"
								
									name: "braid1.L"
									
										name: "braid2.L"
										
											name: "braid3.L"
											
												name: "braid4.L"
												
													name: "braid4.L_end"
													
									name: "braid1.R"
									
										name: "braid2.R"
										
											name: "braid3.R"
											
												name: "braid4.R"
												
													name: "braid4.R_end"
													
									name: "eye.L"
									
										name: "eye.L_end"
										
									name: "eye.R"
									
										name: "eye.R_end"
										
							name: "shoulder.L"
							
								name: "arm.L"
								
									name: "forearm.L"
									
										name: "hand.L"
										
											name: "f_Thumb1.L"
											
												name: "f_Thumb2.L"
												
													name: "f_Thumb3.L"
													
														name: "f_Thumb3.L_end"
														
											name: "f_Index1.L"
											
												name: "f_Index2.L"
												
													name: "f_Index3.L"
													
														name: "f_Index3.L_end"
														
											name: "f_Middle1.L"
											
												name: "f_Middle2.L"
												
													name: "f_Middle3.L"
													
														name: "f_Middle3.L_end"
														
											name: "f_Ring1.L"
											
												name: "f_Ring2.L"
												
													name: "f_Ring3.L"
													
														name: "f_Ring3.L_end"
														
											name: "f_Pinky1.L"
											
												name: "f_Pinky2.L"
												
													name: "f_Pinky3.L"
													
														name: "f_Pinky3.L_end"
														
							name: "shoulder.R"
							
								name: "arm.R"
								
									name: "forearm.R"
									
										name: "hand.R"
										
											name: "f_Thumb1.R"
											
												name: "f_Thumb2.R"
												
													name: "f_Thumb3.R"
													
														name: "f_Thumb3.R_end"
														
											name: "f_Index1.R"
											
												name: "f_Index2.R"
												
													name: "f_Index3.R"
													
														name: "f_Index3.R_end"
														
											name: "f_Middle1.R"
											
												name: "f_Middle2.R"
												
													name: "f_Middle3.R"
													
														name: "f_Middle3.R_end"
														
											name: "f_Ring1.R"
											
												name: "f_Ring2.R"
												
													name: "f_Ring3.R"
													
														name: "f_Ring3.R_end"
														
											name: "f_Pinky1.R"
											
												name: "f_Pinky2.R"
												
													name: "f_Pinky3.R"
													
														name: "f_Pinky3.R_end"
														
				name: "leg_up.L"
				
					name: "leg.L"
					
						name: "foot.L"
						
							name: "toe.L"
							
								name: "toe.L_end"
								
				name: "leg_up.R"
				
					name: "leg.R"
					
						name: "foot.R"
						
							name: "toe.R"
							
								name: "toe.R_end"
								

[18:25:19.502027] [Import] [info] (th=2748) File loaded successfully
[18:25:19.502083] [Import] [info] (th=2748) Meshes count: 0
[18:25:19.502137] [Import] [info] (th=2748) Materials count: 0
