[17:17:19.091767] [Import] [info] (th=8100) Log level for 'Import' set to 'info'
[17:17:19.091910] [Import] [info] (th=8100) Importing from D:\Users\Chris\Documents\ManuCollab\3D assets\Mine Lantern.fbx
[17:17:19.140866] [Import] [info] (th=8100) Imported scene tree:
name: "RootNode"

	name: "Cylinder.002"
	numMeshes: 1
	 addr: "000001D6F043BFC0"
	 name: "Cylinder.002"
	 numVertices: "610"
	 numFaces: "512"
	
	
		name: "Cylinder"
		numMeshes: 2
		 addr: "000001D6F04404D0"
		 name: "Cylinder"
		 numVertices: "3094"
		 numFaces: "2730"
		
		 addr: "000001D6F0440F70"
		 name: "Cylinder"
		 numVertices: "162"
		 numFaces: "122"
		
		
			name: "Sphere"
			numMeshes: 1
			 addr: "000001D6F043EA40"
			 name: "Sphere"
			 numVertices: "494"
			 numFaces: "864"
			
			

[17:17:19.140943] [Import] [info] (th=8100) File loaded successfully
[17:17:19.140999] [Import] [info] (th=8100) Meshes count: 4
[17:17:19.141054] [Import] [info] (th=8100) Materials count: 3
[17:17:19.141792] [Import] [info] (th=8100) Textures count (imported): 0
