[17:15:35.913753] [Import] [info] (th=18696) Importing from E:\!_WORK\GAMEdev\Manu\MyGame\GG\GREAT_export\GG_fall_back.fbx
[17:15:35.933268] [Import] [info] (th=18696) Imported scene tree:
name: "RootNode"

	name: "G_male_base_armature"
	
		name: "root_bone"
		
			name: "Hips"
			
				name: "spine"
				
					name: "chest_bottom"
					
						name: "chest"
						
							name: "neck"
							
								name: "Head"
								
									name: "braid1.L"
									
										name: "braid2.L"
										
											name: "braid3.L"
											
												name: "braid4.L"
												
									name: "braid1.R"
									
										name: "braid2.R"
										
											name: "braid3.R"
											
												name: "braid4.R"
												
									name: "eye.L"
									
									name: "eye.R"
									
							name: "shoulder.L"
							
								name: "arm.L"
								
									name: "forearm.L"
									
										name: "hand.L"
										
											name: "f_Thumb1.L"
											
												name: "f_Thumb2.L"
												
													name: "f_Thumb3.L"
													
											name: "f_Index1.L"
											
												name: "f_Index2.L"
												
													name: "f_Index3.L"
													
											name: "f_Middle1.L"
											
												name: "f_Middle2.L"
												
													name: "f_Middle3.L"
													
											name: "f_Ring1.L"
											
												name: "f_Ring2.L"
												
													name: "f_Ring3.L"
													
											name: "f_Pinky1.L"
											
												name: "f_Pinky2.L"
												
													name: "f_Pinky3.L"
													
							name: "shoulder.R"
							
								name: "arm.R"
								
									name: "forearm.R"
									
										name: "hand.R"
										
											name: "f_Thumb1.R"
											
												name: "f_Thumb2.R"
												
													name: "f_Thumb3.R"
													
											name: "f_Index1.R"
											
												name: "f_Index2.R"
												
													name: "f_Index3.R"
													
											name: "f_Middle1.R"
											
												name: "f_Middle2.R"
												
													name: "f_Middle3.R"
													
											name: "f_Ring1.R"
											
												name: "f_Ring2.R"
												
													name: "f_Ring3.R"
													
											name: "f_Pinky1.R"
											
												name: "f_Pinky2.R"
												
													name: "f_Pinky3.R"
													
				name: "leg_up.L"
				
					name: "leg.L"
					
						name: "foot.L"
						
							name: "toe.L"
							
				name: "leg_up.R"
				
					name: "leg.R"
					
						name: "foot.R"
						
							name: "toe.R"
							

[17:15:35.933315] [Import] [info] (th=18696) File loaded successfully
[17:15:35.933349] [Import] [info] (th=18696) Meshes count: 0
[17:15:35.933383] [Import] [info] (th=18696) Materials count: 0
[17:15:35.935706] [Import] [error] (th=18696) Cannot find node: Head
[17:15:35.935827] [Import] [error] (th=18696) Cannot find node: Hips
[17:15:35.935898] [Import] [error] (th=18696) Cannot find node: arm.L
[17:15:35.935967] [Import] [error] (th=18696) Cannot find node: arm.R
[17:15:35.936035] [Import] [error] (th=18696) Cannot find node: braid1.L
[17:15:35.936104] [Import] [error] (th=18696) Cannot find node: braid1.R
[17:15:35.936172] [Import] [error] (th=18696) Cannot find node: braid2.L
[17:15:35.936239] [Import] [error] (th=18696) Cannot find node: braid2.R
[17:15:35.936307] [Import] [error] (th=18696) Cannot find node: braid3.L
[17:15:35.936376] [Import] [error] (th=18696) Cannot find node: braid3.R
[17:15:35.936444] [Import] [error] (th=18696) Cannot find node: braid4.L
[17:15:35.936511] [Import] [error] (th=18696) Cannot find node: braid4.R
[17:15:35.936579] [Import] [error] (th=18696) Cannot find node: chest
[17:15:35.936659] [Import] [error] (th=18696) Cannot find node: chest_bottom
[17:15:35.936769] [Import] [error] (th=18696) Cannot find node: eye.L
[17:15:35.936885] [Import] [error] (th=18696) Cannot find node: eye.R
[17:15:35.937000] [Import] [error] (th=18696) Cannot find node: f_Index1.L
[17:15:35.937083] [Import] [error] (th=18696) Cannot find node: f_Index1.R
[17:15:35.937158] [Import] [error] (th=18696) Cannot find node: f_Index2.L
[17:15:35.937224] [Import] [error] (th=18696) Cannot find node: f_Index2.R
[17:15:35.937293] [Import] [error] (th=18696) Cannot find node: f_Index3.L
[17:15:35.937360] [Import] [error] (th=18696) Cannot find node: f_Index3.R
[17:15:35.937428] [Import] [error] (th=18696) Cannot find node: f_Middle1.L
[17:15:35.937497] [Import] [error] (th=18696) Cannot find node: f_Middle1.R
[17:15:35.937566] [Import] [error] (th=18696) Cannot find node: f_Middle2.L
[17:15:35.937684] [Import] [error] (th=18696) Cannot find node: f_Middle2.R
[17:15:35.937799] [Import] [error] (th=18696) Cannot find node: f_Middle3.L
[17:15:35.937869] [Import] [error] (th=18696) Cannot find node: f_Middle3.R
[17:15:35.937937] [Import] [error] (th=18696) Cannot find node: f_Pinky1.L
[17:15:35.938006] [Import] [error] (th=18696) Cannot find node: f_Pinky1.R
[17:15:35.938073] [Import] [error] (th=18696) Cannot find node: f_Pinky2.L
[17:15:35.938141] [Import] [error] (th=18696) Cannot find node: f_Pinky2.R
[17:15:35.938209] [Import] [error] (th=18696) Cannot find node: f_Pinky3.L
[17:15:35.938277] [Import] [error] (th=18696) Cannot find node: f_Pinky3.R
[17:15:35.938368] [Import] [error] (th=18696) Cannot find node: f_Ring1.L
[17:15:35.938482] [Import] [error] (th=18696) Cannot find node: f_Ring1.R
[17:15:35.938552] [Import] [error] (th=18696) Cannot find node: f_Ring2.L
[17:15:35.938630] [Import] [error] (th=18696) Cannot find node: f_Ring2.R
[17:15:35.938703] [Import] [error] (th=18696) Cannot find node: f_Ring3.L
[17:15:35.938771] [Import] [error] (th=18696) Cannot find node: f_Ring3.R
[17:15:35.938839] [Import] [error] (th=18696) Cannot find node: f_Thumb1.L
[17:15:35.938907] [Import] [error] (th=18696) Cannot find node: f_Thumb1.R
[17:15:35.938975] [Import] [error] (th=18696) Cannot find node: f_Thumb2.L
[17:15:35.939043] [Import] [error] (th=18696) Cannot find node: f_Thumb2.R
[17:15:35.939111] [Import] [error] (th=18696) Cannot find node: f_Thumb3.L
[17:15:35.939186] [Import] [error] (th=18696) Cannot find node: f_Thumb3.R
[17:15:35.939261] [Import] [error] (th=18696) Cannot find node: foot.L
[17:15:35.939335] [Import] [error] (th=18696) Cannot find node: foot.R
[17:15:35.939410] [Import] [error] (th=18696) Cannot find node: forearm.L
[17:15:35.939484] [Import] [error] (th=18696) Cannot find node: forearm.R
[17:15:35.939558] [Import] [error] (th=18696) Cannot find node: hand.L
[17:15:35.939634] [Import] [error] (th=18696) Cannot find node: hand.R
[17:15:35.939754] [Import] [error] (th=18696) Cannot find node: leg.L
[17:15:35.939829] [Import] [error] (th=18696) Cannot find node: leg.R
[17:15:35.939904] [Import] [error] (th=18696) Cannot find node: leg_up.L
[17:15:35.939979] [Import] [error] (th=18696) Cannot find node: leg_up.R
[17:15:35.940053] [Import] [error] (th=18696) Cannot find node: neck
[17:15:35.940127] [Import] [error] (th=18696) Cannot find node: root_bone
[17:15:35.940202] [Import] [error] (th=18696) Cannot find node: shoulder.L
[17:15:35.940281] [Import] [error] (th=18696) Cannot find node: shoulder.R
[17:15:35.940355] [Import] [error] (th=18696) Cannot find node: spine
[17:15:35.940429] [Import] [error] (th=18696) Cannot find node: toe.L
[17:15:35.940503] [Import] [error] (th=18696) Cannot find node: toe.R
[17:15:35.940543] [Import] [error] (th=18696) File's animations are incompatible with the selected MANU's node
[17:15:53.737859] [Import] [info] (th=18696) Importing from E:\!_WORK\GAMEdev\Manu\MyGame\GG\GREAT_export\GG_fall_back.fbx
[17:15:53.756130] [Import] [info] (th=18696) Imported scene tree:
name: "RootNode"

	name: "G_male_base_armature"
	
		name: "root_bone"
		
			name: "Hips"
			
				name: "spine"
				
					name: "chest_bottom"
					
						name: "chest"
						
							name: "neck"
							
								name: "Head"
								
									name: "braid1.L"
									
										name: "braid2.L"
										
											name: "braid3.L"
											
												name: "braid4.L"
												
									name: "braid1.R"
									
										name: "braid2.R"
										
											name: "braid3.R"
											
												name: "braid4.R"
												
									name: "eye.L"
									
									name: "eye.R"
									
							name: "shoulder.L"
							
								name: "arm.L"
								
									name: "forearm.L"
									
										name: "hand.L"
										
											name: "f_Thumb1.L"
											
												name: "f_Thumb2.L"
												
													name: "f_Thumb3.L"
													
											name: "f_Index1.L"
											
												name: "f_Index2.L"
												
													name: "f_Index3.L"
													
											name: "f_Middle1.L"
											
												name: "f_Middle2.L"
												
													name: "f_Middle3.L"
													
											name: "f_Ring1.L"
											
												name: "f_Ring2.L"
												
													name: "f_Ring3.L"
													
											name: "f_Pinky1.L"
											
												name: "f_Pinky2.L"
												
													name: "f_Pinky3.L"
													
							name: "shoulder.R"
							
								name: "arm.R"
								
									name: "forearm.R"
									
										name: "hand.R"
										
											name: "f_Thumb1.R"
											
												name: "f_Thumb2.R"
												
													name: "f_Thumb3.R"
													
											name: "f_Index1.R"
											
												name: "f_Index2.R"
												
													name: "f_Index3.R"
													
											name: "f_Middle1.R"
											
												name: "f_Middle2.R"
												
													name: "f_Middle3.R"
													
											name: "f_Ring1.R"
											
												name: "f_Ring2.R"
												
													name: "f_Ring3.R"
													
											name: "f_Pinky1.R"
											
												name: "f_Pinky2.R"
												
													name: "f_Pinky3.R"
													
				name: "leg_up.L"
				
					name: "leg.L"
					
						name: "foot.L"
						
							name: "toe.L"
							
				name: "leg_up.R"
				
					name: "leg.R"
					
						name: "foot.R"
						
							name: "toe.R"
							

[17:15:53.756177] [Import] [info] (th=18696) File loaded successfully
[17:15:53.756211] [Import] [info] (th=18696) Meshes count: 0
[17:15:53.756245] [Import] [info] (th=18696) Materials count: 0
[17:26:16.406156] [Import] [info] (th=18696) Importing from E:\!_WORK\GAMEdev\Manu\MyGame\GG\GREAT_export\GG_fall_back_fake.fbx
[17:26:16.428892] [Import] [info] (th=18696) Imported scene tree:
name: "RootNode"

	name: "G_male_base_armature"
	
		name: "root_bone"
		
			name: "Hips"
			
				name: "spine"
				
					name: "chest_bottom"
					
						name: "chest"
						
							name: "neck"
							
								name: "Head"
								
									name: "braid1.L"
									
										name: "braid2.L"
										
											name: "braid3.L"
											
												name: "braid4.L"
												
									name: "braid1.R"
									
										name: "braid2.R"
										
											name: "braid3.R"
											
												name: "braid4.R"
												
									name: "eye.L"
									
									name: "eye.R"
									
							name: "shoulder.L"
							
								name: "arm.L"
								
									name: "forearm.L"
									
										name: "hand.L"
										
											name: "f_Thumb1.L"
											
												name: "f_Thumb2.L"
												
													name: "f_Thumb3.L"
													
											name: "f_Index1.L"
											
												name: "f_Index2.L"
												
													name: "f_Index3.L"
													
											name: "f_Middle1.L"
											
												name: "f_Middle2.L"
												
													name: "f_Middle3.L"
													
											name: "f_Ring1.L"
											
												name: "f_Ring2.L"
												
													name: "f_Ring3.L"
													
											name: "f_Pinky1.L"
											
												name: "f_Pinky2.L"
												
													name: "f_Pinky3.L"
													
							name: "shoulder.R"
							
								name: "arm.R"
								
									name: "forearm.R"
									
										name: "hand.R"
										
											name: "f_Thumb1.R"
											
												name: "f_Thumb2.R"
												
													name: "f_Thumb3.R"
													
											name: "f_Index1.R"
											
												name: "f_Index2.R"
												
													name: "f_Index3.R"
													
											name: "f_Middle1.R"
											
												name: "f_Middle2.R"
												
													name: "f_Middle3.R"
													
											name: "f_Ring1.R"
											
												name: "f_Ring2.R"
												
													name: "f_Ring3.R"
													
											name: "f_Pinky1.R"
											
												name: "f_Pinky2.R"
												
													name: "f_Pinky3.R"
													
				name: "leg_up.L"
				
					name: "leg.L"
					
						name: "foot.L"
						
							name: "toe.L"
							
				name: "leg_up.R"
				
					name: "leg.R"
					
						name: "foot.R"
						
							name: "toe.R"
							

[17:26:16.428939] [Import] [info] (th=18696) File loaded successfully
[17:26:16.428974] [Import] [info] (th=18696) Meshes count: 0
[17:26:16.429042] [Import] [info] (th=18696) Materials count: 0
[17:28:24.863867] [Import] [info] (th=18696) Importing from E:\!_WORK\GAMEdev\Manu\MyGame\GG\GREAT_export\GG_fall_back_fake.fbx
[17:28:24.885355] [Import] [info] (th=18696) Imported scene tree:
name: "RootNode"

	name: "G_male_base_armature"
	
		name: "root_bone"
		
			name: "Hips"
			
				name: "spine"
				
					name: "chest_bottom"
					
						name: "chest"
						
							name: "neck"
							
								name: "Head"
								
									name: "braid1.L"
									
										name: "braid2.L"
										
											name: "braid3.L"
											
												name: "braid4.L"
												
									name: "braid1.R"
									
										name: "braid2.R"
										
											name: "braid3.R"
											
												name: "braid4.R"
												
									name: "eye.L"
									
									name: "eye.R"
									
							name: "shoulder.L"
							
								name: "arm.L"
								
									name: "forearm.L"
									
										name: "hand.L"
										
											name: "f_Thumb1.L"
											
												name: "f_Thumb2.L"
												
													name: "f_Thumb3.L"
													
											name: "f_Index1.L"
											
												name: "f_Index2.L"
												
													name: "f_Index3.L"
													
											name: "f_Middle1.L"
											
												name: "f_Middle2.L"
												
													name: "f_Middle3.L"
													
											name: "f_Ring1.L"
											
												name: "f_Ring2.L"
												
													name: "f_Ring3.L"
													
											name: "f_Pinky1.L"
											
												name: "f_Pinky2.L"
												
													name: "f_Pinky3.L"
													
							name: "shoulder.R"
							
								name: "arm.R"
								
									name: "forearm.R"
									
										name: "hand.R"
										
											name: "f_Thumb1.R"
											
												name: "f_Thumb2.R"
												
													name: "f_Thumb3.R"
													
											name: "f_Index1.R"
											
												name: "f_Index2.R"
												
													name: "f_Index3.R"
													
											name: "f_Middle1.R"
											
												name: "f_Middle2.R"
												
													name: "f_Middle3.R"
													
											name: "f_Ring1.R"
											
												name: "f_Ring2.R"
												
													name: "f_Ring3.R"
													
											name: "f_Pinky1.R"
											
												name: "f_Pinky2.R"
												
													name: "f_Pinky3.R"
													
				name: "leg_up.L"
				
					name: "leg.L"
					
						name: "foot.L"
						
							name: "toe.L"
							
				name: "leg_up.R"
				
					name: "leg.R"
					
						name: "foot.R"
						
							name: "toe.R"
							

[17:28:24.885404] [Import] [info] (th=18696) File loaded successfully
[17:28:24.885439] [Import] [info] (th=18696) Meshes count: 0
[17:28:24.885473] [Import] [info] (th=18696) Materials count: 0
[17:32:09.646721] [Import] [info] (th=18696) Importing from E:\!_WORK\GAMEdev\Manu\MyGame\GG\GREAT_export\GG_fall_back_fake.fbx
[17:32:09.669180] [Import] [info] (th=18696) Imported scene tree:
name: "RootNode"

	name: "G_male_base_armature"
	
		name: "root_bone"
		
			name: "Hips"
			
				name: "spine"
				
					name: "chest_bottom"
					
						name: "chest"
						
							name: "neck"
							
								name: "Head"
								
									name: "braid1.L"
									
										name: "braid2.L"
										
											name: "braid3.L"
											
												name: "braid4.L"
												
									name: "braid1.R"
									
										name: "braid2.R"
										
											name: "braid3.R"
											
												name: "braid4.R"
												
									name: "eye.L"
									
									name: "eye.R"
									
							name: "shoulder.L"
							
								name: "arm.L"
								
									name: "forearm.L"
									
										name: "hand.L"
										
											name: "f_Thumb1.L"
											
												name: "f_Thumb2.L"
												
													name: "f_Thumb3.L"
													
											name: "f_Index1.L"
											
												name: "f_Index2.L"
												
													name: "f_Index3.L"
													
											name: "f_Middle1.L"
											
												name: "f_Middle2.L"
												
													name: "f_Middle3.L"
													
											name: "f_Ring1.L"
											
												name: "f_Ring2.L"
												
													name: "f_Ring3.L"
													
											name: "f_Pinky1.L"
											
												name: "f_Pinky2.L"
												
													name: "f_Pinky3.L"
													
							name: "shoulder.R"
							
								name: "arm.R"
								
									name: "forearm.R"
									
										name: "hand.R"
										
											name: "f_Thumb1.R"
											
												name: "f_Thumb2.R"
												
													name: "f_Thumb3.R"
													
											name: "f_Index1.R"
											
												name: "f_Index2.R"
												
													name: "f_Index3.R"
													
											name: "f_Middle1.R"
											
												name: "f_Middle2.R"
												
													name: "f_Middle3.R"
													
											name: "f_Ring1.R"
											
												name: "f_Ring2.R"
												
													name: "f_Ring3.R"
													
											name: "f_Pinky1.R"
											
												name: "f_Pinky2.R"
												
													name: "f_Pinky3.R"
													
				name: "leg_up.L"
				
					name: "leg.L"
					
						name: "foot.L"
						
							name: "toe.L"
							
				name: "leg_up.R"
				
					name: "leg.R"
					
						name: "foot.R"
						
							name: "toe.R"
							

[17:32:09.669228] [Import] [info] (th=18696) File loaded successfully
[17:32:09.669262] [Import] [info] (th=18696) Meshes count: 0
[17:32:09.669295] [Import] [info] (th=18696) Materials count: 0
[17:35:25.417384] [Import] [info] (th=18696) Importing from E:\!_WORK\GAMEdev\Manu\MyGame\GG\GREAT_export\GG_fall_back.fbx
[17:35:25.448065] [Import] [info] (th=18696) Imported scene tree:
name: "RootNode"

	name: "G_male_base_armature"
	
		name: "root_bone"
		
			name: "Hips"
			
				name: "spine"
				
					name: "chest_bottom"
					
						name: "chest"
						
							name: "neck"
							
								name: "Head"
								
									name: "braid1.L"
									
										name: "braid2.L"
										
											name: "braid3.L"
											
												name: "braid4.L"
												
									name: "braid1.R"
									
										name: "braid2.R"
										
											name: "braid3.R"
											
												name: "braid4.R"
												
									name: "eye.L"
									
									name: "eye.R"
									
							name: "shoulder.L"
							
								name: "arm.L"
								
									name: "forearm.L"
									
										name: "hand.L"
										
											name: "f_Thumb1.L"
											
												name: "f_Thumb2.L"
												
													name: "f_Thumb3.L"
													
											name: "f_Index1.L"
											
												name: "f_Index2.L"
												
													name: "f_Index3.L"
													
											name: "f_Middle1.L"
											
												name: "f_Middle2.L"
												
													name: "f_Middle3.L"
													
											name: "f_Ring1.L"
											
												name: "f_Ring2.L"
												
													name: "f_Ring3.L"
													
											name: "f_Pinky1.L"
											
												name: "f_Pinky2.L"
												
													name: "f_Pinky3.L"
													
							name: "shoulder.R"
							
								name: "arm.R"
								
									name: "forearm.R"
									
										name: "hand.R"
										
											name: "f_Thumb1.R"
											
												name: "f_Thumb2.R"
												
													name: "f_Thumb3.R"
													
											name: "f_Index1.R"
											
												name: "f_Index2.R"
												
													name: "f_Index3.R"
													
											name: "f_Middle1.R"
											
												name: "f_Middle2.R"
												
													name: "f_Middle3.R"
													
											name: "f_Ring1.R"
											
												name: "f_Ring2.R"
												
													name: "f_Ring3.R"
													
											name: "f_Pinky1.R"
											
												name: "f_Pinky2.R"
												
													name: "f_Pinky3.R"
													
				name: "leg_up.L"
				
					name: "leg.L"
					
						name: "foot.L"
						
							name: "toe.L"
							
				name: "leg_up.R"
				
					name: "leg.R"
					
						name: "foot.R"
						
							name: "toe.R"
							

[17:35:25.448111] [Import] [info] (th=18696) File loaded successfully
[17:35:25.448146] [Import] [info] (th=18696) Meshes count: 0
[17:35:25.448180] [Import] [info] (th=18696) Materials count: 0
