[10:26:32.039602] [Import] [info] (th=11592) Importing from E:\!FOR_ASSETS\PROPS\CageGate1\CageGate1.fbx
[10:26:32.145139] [Import] [info] (th=11592) Imported scene tree:
name: "RootNode"

	name: "CageGate"
	numMeshes: 1
	 addr: "000001F9EC8AE410"
	 name: "Plane.008"
	 numVertices: "1990"
	 numFaces: "1448"
	
	

[10:26:32.145188] [Import] [info] (th=11592) File loaded successfully
[10:26:32.145224] [Import] [info] (th=11592) Meshes count: 1
[10:26:32.145259] [Import] [info] (th=11592) Materials count: 1
[10:26:32.146465] [Import] [info] (th=11592) Textures count (imported): 1
[11:06:12.015592] [Import] [info] (th=11592) Importing from E:\!_WORK\GAMEdev\Manu\MyGame\Scenes\Scene_LONG_cave.fbx
[11:06:12.028202] [Import] [info] (th=11592) Imported scene tree:
name: "RootNode"

	name: "Scene_BLACK"
	numMeshes: 1
	 addr: "000001F9EC8A8F10"
	 name: "Cube.001"
	 numVertices: "426"
	 numFaces: "216"
	
	
	name: "Scene_part2.001"
	numMeshes: 1
	 addr: "000001F9EC8AF950"
	 name: "Cube.048"
	 numVertices: "44"
	 numFaces: "22"
	
	

[11:06:12.028375] [Import] [info] (th=11592) File loaded successfully
[11:06:12.028419] [Import] [info] (th=11592) Meshes count: 2
[11:06:12.028460] [Import] [info] (th=11592) Materials count: 1
[11:06:12.028576] [Import] [info] (th=11592) Textures count (imported): 0
[11:11:48.915418] [Import] [info] (th=11592) Importing from E:\!_WORK\GAMEdev\Manu\MyGame\Scenes\Scene_LONG_cave.fbx
[11:11:48.918933] [Import] [info] (th=11592) Imported scene tree:
name: "RootNode"

	name: "Scene_BLACK"
	numMeshes: 1
	 addr: "000001F9EC8B03F0"
	 name: "Cube.001"
	 numVertices: "522"
	 numFaces: "274"
	
	
	name: "LongCave"
	numMeshes: 1
	 addr: "000001F9EC8A9460"
	 name: "Cube.048"
	 numVertices: "44"
	 numFaces: "22"
	
	

[11:11:48.919067] [Import] [info] (th=11592) File loaded successfully
[11:11:48.919182] [Import] [info] (th=11592) Meshes count: 2
[11:11:48.919303] [Import] [info] (th=11592) Materials count: 1
[11:11:48.919599] [Import] [info] (th=11592) Textures count (imported): 0
