[17:57:45.948865] [Import] [info] (th=6880) Log level for 'Import' set to 'info'
[17:57:45.948865] [Import] [info] (th=6880) Importing from E:\Users\Chris\Documents\ManuCollab\Camera.fbx
[17:57:45.950865] [Import] [info] (th=6880) Imported scene tree:
name: "RootNode"

	name: "Camera"
	numMeshes: 1
	 addr: "000000014D3D5730"
	 name: "Cylinder"
	 numVertices: "142"
	 numFaces: "80"
	
	
	name: "Range"
	numMeshes: 1
	 addr: "000000014D3D3750"
	 name: "Cylinder.001"
	 numVertices: "22"
	 numFaces: "12"
	
	

[17:57:45.950865] [Import] [info] (th=6880) File loaded successfully
[17:57:45.950865] [Import] [info] (th=6880) Meshes count: 2
[17:57:45.950865] [Import] [info] (th=6880) Materials count: 2
[17:57:45.950865] [Import] [info] (th=6880) Textures count (imported): 0
