[09:19:33.666613] [Import] [info] (th=12020) Log level for 'Import' set to 'info'
[09:19:33.693607] [Import] [info] (th=12020) Importing from E:\!_WORK\GAMEdev\Manu\MyGame\Scenes\True_origin_FBX_parts\part_02.fbx
[09:19:33.800995] [Import] [info] (th=12020) Imported scene tree:
name: "RootNode"

	name: "Scene_part2"
	numMeshes: 1
	 addr: "000001EE54B962F0"
	 name: "Cube.047"
	 numVertices: "1029"
	 numFaces: "940"
	
	

[09:19:33.801047] [Import] [info] (th=12020) File loaded successfully
[09:19:33.801085] [Import] [info] (th=12020) Meshes count: 1
[09:19:33.801121] [Import] [info] (th=12020) Materials count: 1
[09:19:33.802037] [Import] [warning] (th=12020) It seems that scene structure is different
[09:20:27.724043] [Import] [info] (th=12020) Importing from E:\!_WORK\GAMEdev\Manu\MyGame\Scenes\True_origin_FBX_parts\part_01.fbx
[09:20:27.729842] [Import] [info] (th=12020) Imported scene tree:
name: "RootNode"

	name: "Scene_part1"
	numMeshes: 1
	 addr: "000001EE54B95300"
	 name: "Cube.030"
	 numVertices: "745"
	 numFaces: "534"
	
	

[09:20:27.729966] [Import] [info] (th=12020) File loaded successfully
[09:20:27.730049] [Import] [info] (th=12020) Meshes count: 1
[09:20:27.730091] [Import] [info] (th=12020) Materials count: 1
[09:20:27.730316] [Import] [warning] (th=12020) It seems that scene structure is different
[09:21:50.276791] [Import] [info] (th=12020) Importing from E:\!_WORK\GAMEdev\Manu\MyGame\Scenes\True_origin_FBX_parts\part_01.fbx
[09:21:50.280756] [Import] [info] (th=12020) Imported scene tree:
name: "RootNode"

	name: "Scene_part1"
	numMeshes: 1
	 addr: "000001EE54B9A800"
	 name: "Cube.030"
	 numVertices: "745"
	 numFaces: "534"
	
	

[09:21:50.280833] [Import] [info] (th=12020) File loaded successfully
[09:21:50.280905] [Import] [info] (th=12020) Meshes count: 1
[09:21:50.280974] [Import] [info] (th=12020) Materials count: 1
[09:21:50.281240] [Import] [warning] (th=12020) It seems that scene structure is different
[09:25:57.836466] [Import] [info] (th=12020) Importing from E:\!_WORK\GAMEdev\Manu\MyGame\Scenes\True_origin_FBX_parts\part_01.fbx
[09:25:57.838932] [Import] [info] (th=12020) Imported scene tree:
name: "RootNode"

	name: "Scene_part1"
	numMeshes: 1
	 addr: "000001F019217110"
	 name: "Cube.030"
	 numVertices: "745"
	 numFaces: "534"
	
	

[09:25:57.838975] [Import] [info] (th=12020) File loaded successfully
[09:25:57.839018] [Import] [info] (th=12020) Meshes count: 1
[09:25:57.839057] [Import] [info] (th=12020) Materials count: 1
[09:25:57.839241] [Import] [warning] (th=12020) It seems that scene structure is different
[09:26:05.060256] [Import] [info] (th=12020) Importing from E:\!_WORK\GAMEdev\Manu\MyGame\Scenes\True_origin_FBX_parts\part_02.fbx
[09:26:05.064278] [Import] [info] (th=12020) Imported scene tree:
name: "RootNode"

	name: "Scene_part2"
	numMeshes: 1
	 addr: "000001F019214140"
	 name: "Cube.047"
	 numVertices: "1029"
	 numFaces: "940"
	
	

[09:26:05.064329] [Import] [info] (th=12020) File loaded successfully
[09:26:05.064365] [Import] [info] (th=12020) Meshes count: 1
[09:26:05.064400] [Import] [info] (th=12020) Materials count: 1
[09:26:05.064548] [Import] [warning] (th=12020) It seems that scene structure is different
[09:26:44.485537] [Import] [info] (th=12020) Importing from E:\!_WORK\GAMEdev\Manu\MyGame\Scenes\True_origin_FBX_parts\part_02_long_cave.fbx
[09:26:44.489431] [Import] [info] (th=12020) Imported scene tree:
name: "RootNode"

	name: "LongCave"
	numMeshes: 1
	 addr: "000001F019213150"
	 name: "Cube.048"
	 numVertices: "149"
	 numFaces: "70"
	
	

[09:26:44.489596] [Import] [info] (th=12020) File loaded successfully
[09:26:44.489702] [Import] [info] (th=12020) Meshes count: 1
[09:26:44.489853] [Import] [info] (th=12020) Materials count: 1
[09:27:55.260164] [Import] [info] (th=12020) Importing from E:\!_WORK\GAMEdev\Manu\MyGame\Scenes\True_origin_FBX_parts\part_03_bllod_bath.fbx
[09:27:55.287232] [Import] [info] (th=12020) Imported scene tree:
name: "RootNode"

	name: "Scene_Bath"
	numMeshes: 1
	 addr: "000001F019216BC0"
	 name: "Cube.094"
	 numVertices: "1368"
	 numFaces: "806"
	
	

[09:27:55.287289] [Import] [info] (th=12020) File loaded successfully
[09:27:55.287326] [Import] [info] (th=12020) Meshes count: 1
[09:27:55.287405] [Import] [info] (th=12020) Materials count: 1
[09:29:21.128815] [Import] [info] (th=12020) Importing from E:\!_WORK\GAMEdev\Manu\MyGame\Scenes\True_origin_FBX_parts\part_05_cave_exit.fbx
[09:29:21.144228] [Import] [info] (th=12020) Imported scene tree:
name: "RootNode"

	name: "RockGround_1_LP"
	numMeshes: 1
	 addr: "000001F019218100"
	 name: "Cube.055"
	 numVertices: "5331"
	 numFaces: "5496"
	
	

[09:29:21.144277] [Import] [info] (th=12020) File loaded successfully
[09:29:21.144313] [Import] [info] (th=12020) Meshes count: 1
[09:29:21.144349] [Import] [info] (th=12020) Materials count: 1
[09:29:21.144497] [Import] [warning] (th=12020) It seems that scene structure is different
[09:31:27.914086] [Import] [info] (th=12020) Importing from E:\!_WORK\GAMEdev\Manu\MyGame\Scenes\True_origin_FBX_parts\part_06_trees_plane.fbx
[09:31:27.937122] [Import] [info] (th=12020) Imported scene tree:
name: "RootNode"

	name: "RockGround_2_LP"
	numMeshes: 1
	 addr: "000001F019218BA0"
	 name: "Cube.058"
	 numVertices: "9373"
	 numFaces: "7109"
	
	

[09:31:27.937170] [Import] [info] (th=12020) File loaded successfully
[09:31:27.937211] [Import] [info] (th=12020) Meshes count: 1
[09:31:27.937252] [Import] [info] (th=12020) Materials count: 1
[09:31:27.937417] [Import] [warning] (th=12020) It seems that scene structure is different
[09:31:53.515467] [Import] [info] (th=12020) Importing from E:\!_WORK\GAMEdev\Manu\MyGame\Scenes\True_origin_FBX_parts\part_07_hill.fbx
[09:31:53.526936] [Import] [info] (th=12020) Imported scene tree:
name: "RootNode"

	name: "RockGround_3_LP"
	numMeshes: 1
	 addr: "000001F019217660"
	 name: "Cube.029"
	 numVertices: "3368"
	 numFaces: "3657"
	
	

[09:31:53.526984] [Import] [info] (th=12020) File loaded successfully
[09:31:53.527021] [Import] [info] (th=12020) Meshes count: 1
[09:31:53.527056] [Import] [info] (th=12020) Materials count: 1
[09:31:53.527202] [Import] [warning] (th=12020) It seems that scene structure is different
[09:53:59.334651] [Import] [info] (th=12020) Importing from E:\!_WORK\GAMEdev\Manu\MyGame\Scenes\True_origin_FBX_parts\part_08_House_ground.fbx
[09:53:59.338669] [Import] [info] (th=12020) Imported scene tree:
name: "RootNode"

	name: "House_enter_LP"
	numMeshes: 1
	 addr: "000001F019218650"
	 name: "Cube.053"
	 numVertices: "2329"
	 numFaces: "1228"
	
	

[09:53:59.338770] [Import] [info] (th=12020) File loaded successfully
[09:53:59.338866] [Import] [info] (th=12020) Meshes count: 1
[09:53:59.338933] [Import] [info] (th=12020) Materials count: 1
[09:53:59.339289] [Import] [warning] (th=12020) It seems that scene structure is different
[09:56:19.948663] [Import] [info] (th=12020) Importing from E:\!_WORK\GAMEdev\Manu\MyGame\Scenes\True_origin_FBX_parts\part_09_House_facade.fbx
[09:56:19.951978] [Import] [info] (th=12020) Imported scene tree:
name: "RootNode"

	name: "House_Exterior.004"
	numMeshes: 1
	 addr: "000001F019215680"
	 name: "Cube.058"
	 numVertices: "1790"
	 numFaces: "952"
	
	

[09:56:19.952075] [Import] [info] (th=12020) File loaded successfully
[09:56:19.952156] [Import] [info] (th=12020) Meshes count: 1
[09:56:19.952236] [Import] [info] (th=12020) Materials count: 1
[09:56:19.952431] [Import] [warning] (th=12020) It seems that scene structure is different
[09:59:49.611441] [Import] [info] (th=12020) Importing from E:\!_WORK\GAMEdev\Manu\MyGame\Scenes\True_origin_FBX_parts\part_10_Room1.fbx
[09:59:49.621594] [Import] [info] (th=12020) Imported scene tree:
name: "RootNode"

	name: "Scene4_room1"
	numMeshes: 1
	 addr: "000001F019214BE0"
	 name: "Cube.085"
	 numVertices: "6977"
	 numFaces: "4219"
	
	

[09:59:49.621642] [Import] [info] (th=12020) File loaded successfully
[09:59:49.621686] [Import] [info] (th=12020) Meshes count: 1
[09:59:49.621721] [Import] [info] (th=12020) Materials count: 1
[09:59:59.439404] [Import] [info] (th=12020) Importing from E:\!_WORK\GAMEdev\Manu\MyGame\Scenes\True_origin_FBX_parts\part_11_Room1_Props.fbx
[09:59:59.488522] [Import] [info] (th=12020) Imported scene tree:
name: "RootNode"

	name: "Scene4_room1_props"
	numMeshes: 1
	 addr: "000001F019219640"
	 name: "Cube.047"
	 numVertices: "15375"
	 numFaces: "21145"
	
	

[09:59:59.488570] [Import] [info] (th=12020) File loaded successfully
[09:59:59.488607] [Import] [info] (th=12020) Meshes count: 1
[09:59:59.488642] [Import] [info] (th=12020) Materials count: 1
[09:59:59.488792] [Import] [warning] (th=12020) It seems that scene structure is different
[10:06:03.847687] [Import] [info] (th=12020) Importing from E:\!_WORK\GAMEdev\Manu\MyGame\Scenes\True_origin_FBX_parts\part_12_Room2.fbx
[10:06:03.854468] [Import] [info] (th=12020) Imported scene tree:
name: "RootNode"

	name: "Scene4_room2"
	numMeshes: 1
	 addr: "000001F019215130"
	 name: "Cube.056"
	 numVertices: "4567"
	 numFaces: "2609"
	
	

[10:06:03.854517] [Import] [info] (th=12020) File loaded successfully
[10:06:03.854553] [Import] [info] (th=12020) Meshes count: 1
[10:06:03.854588] [Import] [info] (th=12020) Materials count: 1
[10:06:30.443258] [Import] [info] (th=12020) Importing from E:\!_WORK\GAMEdev\Manu\MyGame\Scenes\True_origin_FBX_parts\part_13_Room2_props.fbx
[10:06:30.500362] [Import] [info] (th=12020) Imported scene tree:
name: "RootNode"

	name: "Scene4_room2_props"
	numMeshes: 1
	 addr: "000001F0192136A0"
	 name: "meshId0_name.003"
	 numVertices: "17430"
	 numFaces: "25250"
	
	

[10:06:30.500423] [Import] [info] (th=12020) File loaded successfully
[10:06:30.500461] [Import] [info] (th=12020) Meshes count: 1
[10:06:30.500498] [Import] [info] (th=12020) Materials count: 1
[10:10:58.392827] [Import] [info] (th=12020) Importing from E:\!_WORK\GAMEdev\Manu\MyGame\Scenes\True_origin_FBX_parts\part_14_stairs.fbx
[10:10:58.407748] [Import] [info] (th=12020) Imported scene tree:
name: "RootNode"

	name: "Room3"
	numMeshes: 1
	 addr: "000001F019219B90"
	 name: "Cube.169"
	 numVertices: "10689"
	 numFaces: "6119"
	
	

[10:10:58.407797] [Import] [info] (th=12020) File loaded successfully
[10:10:58.407838] [Import] [info] (th=12020) Meshes count: 1
[10:10:58.407878] [Import] [info] (th=12020) Materials count: 1
[10:10:58.408045] [Import] [warning] (th=12020) It seems that scene structure is different
[10:11:27.220876] [Import] [info] (th=12020) Importing from E:\!_WORK\GAMEdev\Manu\MyGame\Scenes\True_origin_FBX_parts\part_14_stairs.fbx
[10:11:27.241329] [Import] [info] (th=12020) Imported scene tree:
name: "RootNode"

	name: "Room3"
	numMeshes: 1
	 addr: "000001F019212C00"
	 name: "Cube.169"
	 numVertices: "10689"
	 numFaces: "6119"
	
	

[10:11:27.241384] [Import] [info] (th=12020) File loaded successfully
[10:11:27.241432] [Import] [info] (th=12020) Meshes count: 1
[10:11:27.241480] [Import] [info] (th=12020) Materials count: 1
[10:12:07.839542] [Import] [info] (th=12020) Importing from E:\!_WORK\GAMEdev\Manu\MyGame\Scenes\True_origin_FBX_parts\part_14_stairs.fbx
[10:12:07.854541] [Import] [info] (th=12020) Imported scene tree:
name: "RootNode"

	name: "Room3"
	numMeshes: 1
	 addr: "000001F019216120"
	 name: "Cube.169"
	 numVertices: "10631"
	 numFaces: "6119"
	
	

[10:12:07.854647] [Import] [info] (th=12020) File loaded successfully
[10:12:07.854738] [Import] [info] (th=12020) Meshes count: 1
[10:12:07.854827] [Import] [info] (th=12020) Materials count: 1
[10:12:25.676304] [Import] [info] (th=12020) Importing from E:\!_WORK\GAMEdev\Manu\MyGame\Scenes\True_origin_FBX_parts\part_15_helic.fbx
[10:12:25.681648] [Import] [info] (th=12020) Imported scene tree:
name: "RootNode"

	name: "Helic"
	numMeshes: 1
	 addr: "000001F0192190F0"
	 name: "Plane.021"
	 numVertices: "2276"
	 numFaces: "2194"
	
	

[10:12:25.681694] [Import] [info] (th=12020) File loaded successfully
[10:12:25.681731] [Import] [info] (th=12020) Meshes count: 1
[10:12:25.681773] [Import] [info] (th=12020) Materials count: 1
[10:12:59.236471] [Import] [info] (th=12020) Importing from E:\!_WORK\GAMEdev\Manu\MyGame\Scenes\True_origin_FBX_parts\part_16_plants.fbx
[10:12:59.239087] [Import] [info] (th=12020) Imported scene tree:
name: "RootNode"

	name: "Bush1_nude.008"
	numMeshes: 1
	 addr: "000001F019216670"
	 name: "Plane.048"
	 numVertices: "1146"
	 numFaces: "550"
	
	

[10:12:59.239130] [Import] [info] (th=12020) File loaded successfully
[10:12:59.239166] [Import] [info] (th=12020) Meshes count: 1
[10:12:59.239200] [Import] [info] (th=12020) Materials count: 1
[10:16:46.205145] [Import] [info] (th=12020) Importing from E:\!_WORK\GAMEdev\Manu\MyGame\Scenes\True_origin_FBX_parts\part_17_WardrobeRoom.fbx
[10:16:46.207530] [Import] [info] (th=12020) Imported scene tree:
name: "RootNode"

	name: "Room4"
	numMeshes: 1
	 addr: "000001F019212160"
	 name: "Cube.135"
	 numVertices: "654"
	 numFaces: "428"
	
	

[10:16:46.207575] [Import] [info] (th=12020) File loaded successfully
[10:16:46.207612] [Import] [info] (th=12020) Meshes count: 1
[10:16:46.207647] [Import] [info] (th=12020) Materials count: 1
[10:16:46.271612] [Import] [info] (th=12020) Textures count (imported): 2
[10:49:39.175728] [Import] [info] (th=12020) Importing from E:\!_WORK\GAMEdev\Manu\MyGame\Scenes\True_origin_FBX_parts\part_18_Wardrobe.fbx
[10:49:39.179854] [Import] [info] (th=12020) Imported scene tree:
name: "RootNode"

	name: "wardrobe"
	numMeshes: 1
	 addr: "000001EE54B95850"
	 name: "Cube.138"
	 numVertices: "594"
	 numFaces: "410"
	
	
		name: "wardrobe_door.L"
		numMeshes: 1
		 addr: "000001EE54B99810"
		 name: "Cube.054"
		 numVertices: "320"
		 numFaces: "196"
		
		
		name: "wardrobe_door.R"
		numMeshes: 1
		 addr: "000001EE54B94310"
		 name: "Cube.002"
		 numVertices: "320"
		 numFaces: "196"
		
		

[10:49:39.179898] [Import] [info] (th=12020) File loaded successfully
[10:49:39.179934] [Import] [info] (th=12020) Meshes count: 3
[10:49:39.179968] [Import] [info] (th=12020) Materials count: 1
[10:49:39.180195] [Import] [info] (th=12020) Textures count (imported): 1
[11:02:18.757053] [Import] [info] (th=12020) Importing from E:\!_WORK\GAMEdev\Manu\MyGame\Scenes\True_origin_FBX_parts\House_Black_body.fbx
[11:02:18.789805] [Import] [info] (th=12020) Imported scene tree:
name: "RootNode"

	name: "House_Exterior.003"
	numMeshes: 1
	 addr: "000001F034BCB870"
	 name: "Cube.108"
	 numVertices: "277"
	 numFaces: "155"
	
	

[11:02:18.789882] [Import] [info] (th=12020) File loaded successfully
[11:02:18.789942] [Import] [info] (th=12020) Meshes count: 1
[11:02:18.790007] [Import] [info] (th=12020) Materials count: 1
[11:02:55.634031] [Import] [info] (th=12020) Importing from E:\!_WORK\GAMEdev\Manu\MyGame\Scenes\True_origin_FBX_parts\House_Black_body.fbx
[11:02:55.636999] [Import] [info] (th=12020) Imported scene tree:
name: "RootNode"

	name: "House_Exterior.003"
	numMeshes: 1
	 addr: "000001F034BCFD80"
	 name: "Cube.108"
	 numVertices: "275"
	 numFaces: "155"
	
	

[11:02:55.637045] [Import] [info] (th=12020) File loaded successfully
[11:02:55.637088] [Import] [info] (th=12020) Meshes count: 1
[11:02:55.637190] [Import] [info] (th=12020) Materials count: 1
[11:28:08.303262] [Import] [info] (th=12020) Importing from E:\!_WORK\GAMEdev\Manu\MyGame\Scenes\True_origin_FBX_parts\part_17_WardrobeRoom.fbx
[11:28:08.307048] [Import] [info] (th=12020) Imported scene tree:
name: "RootNode"

	name: "Room4"
	numMeshes: 1
	 addr: "000001F034BCBDC0"
	 name: "Cube.135"
	 numVertices: "654"
	 numFaces: "428"
	
	

[11:28:08.307092] [Import] [info] (th=12020) File loaded successfully
[11:28:08.307128] [Import] [info] (th=12020) Meshes count: 1
[11:28:08.307164] [Import] [info] (th=12020) Materials count: 1
[11:28:08.307315] [Import] [warning] (th=12020) It seems that scene structure is different
[11:31:38.172344] [Import] [info] (th=12020) Importing from E:\!_WORK\GAMEdev\Manu\MyGame\Scenes\True_origin_FBX_parts\part_17_WardrobeRoom.fbx
[11:31:38.176113] [Import] [info] (th=12020) Imported scene tree:
name: "RootNode"

	name: "Room4"
	numMeshes: 1
	 addr: "000001F034BCC310"
	 name: "Cube.135"
	 numVertices: "654"
	 numFaces: "428"
	
	

[11:31:38.176159] [Import] [info] (th=12020) File loaded successfully
[11:31:38.176199] [Import] [info] (th=12020) Meshes count: 1
[11:31:38.176238] [Import] [info] (th=12020) Materials count: 1
[11:31:38.176415] [Import] [warning] (th=12020) It seems that scene structure is different
[11:32:04.550153] [Import] [info] (th=12020) Importing from E:\!_WORK\GAMEdev\Manu\MyGame\Scenes\True_origin_FBX_parts\part_14_stairs.fbx
[11:32:04.571015] [Import] [info] (th=12020) Imported scene tree:
name: "RootNode"

	name: "Room3"
	numMeshes: 1
	 addr: "000001F034BD02D0"
	 name: "Cube.169"
	 numVertices: "10631"
	 numFaces: "6119"
	
	

[11:32:04.571118] [Import] [info] (th=12020) File loaded successfully
[11:32:04.571204] [Import] [info] (th=12020) Meshes count: 1
[11:32:04.571283] [Import] [info] (th=12020) Materials count: 1
[11:32:04.571448] [Import] [warning] (th=12020) It seems that scene structure is different
[11:41:25.845144] [Import] [info] (th=12020) Importing from E:\!_WORK\GAMEdev\Manu\MyGame\Scenes\True_origin_FBX_parts\part_19_Chairs.fbx
[11:41:25.851681] [Import] [info] (th=12020) Imported scene tree:
name: "RootNode"

	name: "Chair.004"
	numMeshes: 1
	 addr: "000001F034BCF2E0"
	 name: "Chair.001_Cube.007"
	 numVertices: "2847"
	 numFaces: "2724"
	
	

[11:41:25.851729] [Import] [info] (th=12020) File loaded successfully
[11:41:25.851772] [Import] [info] (th=12020) Meshes count: 1
[11:41:25.851809] [Import] [info] (th=12020) Materials count: 1
[11:41:25.852102] [Import] [info] (th=12020) Textures count (imported): 1
[12:11:11.827423] [Import] [info] (th=12020) Importing from E:\!_WORK\GAMEdev\Manu\MyGame\Scenes\True_origin_FBX_parts\part_19_Chairs.fbx
[12:11:11.838429] [Import] [info] (th=12020) Imported scene tree:
name: "RootNode"

	name: "Chair.004"
	numMeshes: 1
	 addr: "000001F034BCED90"
	 name: "Chair.001_Cube.007"
	 numVertices: "2847"
	 numFaces: "2724"
	
	

[12:11:11.838579] [Import] [info] (th=12020) File loaded successfully
[12:11:11.838667] [Import] [info] (th=12020) Meshes count: 1
[12:11:11.838733] [Import] [info] (th=12020) Materials count: 1
[12:11:11.839475] [Import] [warning] (th=12020) Texture not found: E:\!FOR_ASSETS\PROPS\Broken_Furniture\Chair\Chair_chair_Normal.png
[12:11:11.839527] [Import] [info] (th=12020) Textures count (imported): 0
[12:21:08.830404] [Import] [info] (th=12020) Importing from E:\!_WORK\GAMEdev\Manu\MyGame\Scenes\True_origin_FBX_parts\part_20_小hest_of_drawers.fbx
[12:21:08.832736] [Import] [info] (th=12020) Imported scene tree:
name: "RootNode"

	name: "小hest_of_drawers.001"
	numMeshes: 1
	 addr: "000001F034BCE2F0"
	 name: "Cube.123"
	 numVertices: "375"
	 numFaces: "256"
	
	

[12:21:08.832779] [Import] [info] (th=12020) File loaded successfully
[12:21:08.832820] [Import] [info] (th=12020) Meshes count: 1
[12:21:08.832857] [Import] [info] (th=12020) Materials count: 1
[12:21:08.833152] [Import] [info] (th=12020) Textures count (imported): 2
[12:22:39.446256] [Import] [info] (th=12020) Importing from E:\!_WORK\GAMEdev\Manu\MyGame\Scenes\True_origin_FBX_parts\part_20_小hest_of_drawers.fbx
[12:22:39.451116] [Import] [info] (th=12020) Imported scene tree:
name: "RootNode"

	name: "小hest_of_drawers.001"
	numMeshes: 1
	 addr: "000001F034BD0820"
	 name: "Cube.123"
	 numVertices: "1287"
	 numFaces: "1036"
	
	

[12:22:39.451179] [Import] [info] (th=12020) File loaded successfully
[12:22:39.451238] [Import] [info] (th=12020) Meshes count: 1
[12:22:39.451277] [Import] [info] (th=12020) Materials count: 1
[12:25:19.893452] [Import] [info] (th=12020) Importing from E:\!_WORK\GAMEdev\Manu\MyGame\Scenes\True_origin_FBX_parts\part_21_Doors.fbx
[12:25:19.898765] [Import] [info] (th=12020) Imported scene tree:
name: "RootNode"

	name: "Door_Cracked.001"
	numMeshes: 1
	 addr: "000001F034BCE840"
	 name: "Cube.073"
	 numVertices: "688"
	 numFaces: "588"
	
	
	name: "Door_Cracked.002"
	numMeshes: 1
	 addr: "000001F034BC9DE0"
	 name: "Cube.124"
	 numVertices: "399"
	 numFaces: "337"
	
	

[12:25:19.898813] [Import] [info] (th=12020) File loaded successfully
[12:25:19.898849] [Import] [info] (th=12020) Meshes count: 2
[12:25:19.898883] [Import] [info] (th=12020) Materials count: 1
[12:25:19.899190] [Import] [info] (th=12020) Textures count (imported): 2
