[17:30:56.260422] [Import] [info] (th=20920) Log level for 'Import' set to 'info'
[17:30:56.260535] [Import] [info] (th=20920) Importing from D:\Users\Chris\Documents\ManuCollab\3D assets\river boat.fbx
[17:30:56.264252] [Import] [info] (th=20920) Imported scene tree:
name: "RootNode"

	name: "Sphere"
	numMeshes: 1
	 addr: "000001B029C4EEE0"
	 name: "Sphere"
	 numVertices: "339"
	 numFaces: "302"
	
	

[17:30:56.264314] [Import] [info] (th=20920) File loaded successfully
[17:30:56.264367] [Import] [info] (th=20920) Meshes count: 1
[17:30:56.264422] [Import] [info] (th=20920) Materials count: 1
[17:30:56.264879] [Import] [info] (th=20920) Textures count (imported): 1
[18:38:59.140068] [Import] [info] (th=20920) Importing from D:\Users\Chris\Documents\ManuCollab\3D assets\River boat Broken.fbx
[18:38:59.144133] [Import] [info] (th=20920) Imported scene tree:
name: "RootNode"

	name: "Sphere.001"
	numMeshes: 1
	 addr: "000001B02B849040"
	 name: "Sphere.001"
	 numVertices: "827"
	 numFaces: "712"
	
	

[18:38:59.144374] [Import] [info] (th=20920) File loaded successfully
[18:38:59.144447] [Import] [info] (th=20920) Meshes count: 1
[18:38:59.144517] [Import] [info] (th=20920) Materials count: 1
[18:38:59.145064] [Import] [info] (th=20920) Textures count (imported): 1
