[10:14:19.154984] [Import] [info] (th=7528) Log level for 'Import' set to 'info'
[10:14:19.155984] [Import] [info] (th=7528) Importing from E:\Users\Chris\Documents\ManuCollab\Jar.fbx
[10:14:19.215987] [Import] [info] (th=7528) Imported scene tree:
name: "RootNode"

	name: "Jar"
	numMeshes: 2
	 addr: "00000000CA699120"
	 name: "Body"
	 numVertices: "881"
	 numFaces: "670"
	
	 addr: "00000000CA699670"
	 name: "Body"
	 numVertices: "553"
	 numFaces: "350"
	
	
		name: "Cap"
		numMeshes: 1
		 addr: "00000000CA699BC0"
		 name: "Cylinder.001"
		 numVertices: "385"
		 numFaces: "222"
		
		

[10:14:19.215987] [Import] [info] (th=7528) File loaded successfully
[10:14:19.215987] [Import] [info] (th=7528) Meshes count: 3
[10:14:19.215987] [Import] [info] (th=7528) Materials count: 3
[10:14:19.218987] [Import] [info] (th=7528) Textures count (imported): 0
