[11:17:47.498535] [Import] [info] (th=21496) Log level for 'Import' set to 'info'
[11:17:47.499259] [Import] [info] (th=21496) Importing from D:\Users\Chris\Documents\ManuCollab\3D assets\River plants 2.fbx
[11:17:47.532408] [Import] [info] (th=21496) Imported scene tree:
name: "RootNode"

	name: "River_straw1.001"
	numMeshes: 1
	 addr: "000002176B40E650"
	 name: "Plane.002"
	 numVertices: "8945"
	 numFaces: "4483"
	
	

[11:17:47.532489] [Import] [info] (th=21496) File loaded successfully
[11:17:47.532545] [Import] [info] (th=21496) Meshes count: 1
[11:17:47.532600] [Import] [info] (th=21496) Materials count: 1
[11:17:47.534891] [Import] [info] (th=21496) Textures count (imported): 0
[11:26:38.841600] [Import] [info] (th=21496) Importing from D:\Users\Chris\Documents\ManuCollab\3D assets\River plants.fbx
[11:26:39.376445] [Import] [info] (th=21496) Imported scene tree:
name: "RootNode"

	name: "River_straw1.001"
	numMeshes: 1
	 addr: "000002176B4140A0"
	 name: "Plane.002"
	 numVertices: "9267"
	 numFaces: "4611"
	
	

[11:26:39.376588] [Import] [info] (th=21496) File loaded successfully
[11:26:39.376645] [Import] [info] (th=21496) Meshes count: 1
[11:26:39.376768] [Import] [info] (th=21496) Materials count: 1
[11:26:39.376935] [Import] [info] (th=21496) Textures count (imported): 0
