[11:42:26.763091] [Import] [info] (th=11868) Log level for 'Import' set to 'info'
[11:42:26.763223] [Import] [info] (th=11868) Importing from D:\Users\Chris\Documents\ManuCollab\3D assets\waste pipe.fbx
[11:42:26.780339] [Import] [info] (th=11868) Imported scene tree:
name: "RootNode"

	name: "Cylinder"
	numMeshes: 1
	 addr: "00000172E5627B80"
	 name: "Cylinder"
	 numVertices: "344"
	 numFaces: "320"
	
	
	name: "Plane"
	numMeshes: 1
	 addr: "00000172E56260F0"
	 name: "Plane"
	 numVertices: "72"
	 numFaces: "100"
	
	

[11:42:26.780415] [Import] [info] (th=11868) File loaded successfully
[11:42:26.780471] [Import] [info] (th=11868) Meshes count: 2
[11:42:26.780526] [Import] [info] (th=11868) Materials count: 2
[11:42:26.782232] [Import] [info] (th=11868) Textures count (imported): 2
