[17:11:17.247544] [Import] [info] (th=13272) Log level for 'Import' set to 'info'
[17:11:17.248319] [Import] [info] (th=13272) Importing from D:\Users\Chris\Documents\ManuCollab\Ghost girl\Placement to Idle.fbx
[17:11:17.320850] [Import] [info] (th=13272) Imported scene tree:
name: "RootNode"

	name: "Armature"
	
		name: "Hips"
		
			name: "Spine"
			
				name: "Spine1"
				
					name: "Spine2"
					
						name: "Neck"
						
							name: "Head"
							
								name: "HeadTop_End"
								
									name: "HeadTop_End_end"
									
										name: "HeadTop_End_end_end"
										
						name: "LeftShoulder"
						
							name: "LeftArm"
							
								name: "LeftForeArm"
								
									name: "LeftHand"
									
										name: "LeftHandThumb1"
										
											name: "LeftHandThumb2"
											
												name: "LeftHandThumb3"
												
													name: "LeftHandThumb4"
													
														name: "LeftHandThumb4_end"
														
															name: "LeftHandThumb4_end_end"
															
										name: "LeftHandIndex1"
										
											name: "LeftHandIndex2"
											
												name: "LeftHandIndex3"
												
													name: "LeftHandIndex4"
													
														name: "LeftHandIndex4_end"
														
															name: "LeftHandIndex4_end_end"
															
										name: "LeftHandMiddle1"
										
											name: "LeftHandMiddle2"
											
												name: "LeftHandMiddle3"
												
													name: "LeftHandMiddle4"
													
														name: "LeftHandMiddle4_end"
														
															name: "LeftHandMiddle4_end_end"
															
										name: "LeftHandRing1"
										
											name: "LeftHandRing2"
											
												name: "LeftHandRing3"
												
													name: "LeftHandRing4"
													
														name: "LeftHandRing4_end"
														
															name: "LeftHandRing4_end_end"
															
										name: "LeftHandPinky1"
										
											name: "LeftHandPinky2"
											
												name: "LeftHandPinky3"
												
													name: "LeftHandPinky4"
													
														name: "LeftHandPinky4_end"
														
															name: "LeftHandPinky4_end_end"
															
						name: "RightShoulder"
						
							name: "RightArm"
							
								name: "RightForeArm"
								
									name: "RightHand"
									
										name: "RightHandThumb1"
										
											name: "RightHandThumb2"
											
												name: "RightHandThumb3"
												
													name: "RightHandThumb4"
													
														name: "RightHandThumb4_end"
														
															name: "RightHandThumb4_end_end"
															
										name: "RightHandIndex1"
										
											name: "RightHandIndex2"
											
												name: "RightHandIndex3"
												
													name: "RightHandIndex4"
													
														name: "RightHandIndex4_end"
														
															name: "RightHandIndex4_end_end"
															
										name: "RightHandMiddle1"
										
											name: "RightHandMiddle2"
											
												name: "RightHandMiddle3"
												
													name: "RightHandMiddle4"
													
														name: "RightHandMiddle4_end"
														
															name: "RightHandMiddle4_end_end"
															
										name: "RightHandRing1"
										
											name: "RightHandRing2"
											
												name: "RightHandRing3"
												
													name: "RightHandRing4"
													
														name: "RightHandRing4_end"
														
															name: "RightHandRing4_end_end"
															
										name: "RightHandPinky1"
										
											name: "RightHandPinky2"
											
												name: "RightHandPinky3"
												
													name: "RightHandPinky4"
													
														name: "RightHandPinky4_end"
														
															name: "RightHandPinky4_end_end"
															
			name: "LeftUpLeg"
			
				name: "LeftLeg"
				
					name: "LeftFoot"
					
						name: "LeftToeBase"
						
							name: "LeftToe_End"
							
								name: "LeftToe_End_end"
								
									name: "LeftToe_End_end_end"
									
			name: "RightUpLeg"
			
				name: "RightLeg"
				
					name: "RightFoot"
					
						name: "RightToeBase"
						
							name: "RightToe_End"
							
								name: "RightToe_End_end"
								
									name: "RightToe_End_end_end"
									

[17:11:17.320940] [Import] [info] (th=13272) File loaded successfully
[17:11:17.320995] [Import] [info] (th=13272) Meshes count: 0
[17:11:17.321049] [Import] [info] (th=13272) Materials count: 0
