[17:41:23.463541] [Import] [info] (th=22412) Importing from E:\!_WORK\GAMEdev\Manu\Small_tasks\Generic_male\Generic_male_base.fbx
[17:41:23.536937] [Import] [info] (th=22412) Imported scene tree:
name: "RootNode"

	name: "G_male_base_armature"
	
		name: "root_bone"
		
			name: "Hips"
			
				name: "spine"
				
					name: "chest_bottom"
					
						name: "chest"
						
							name: "neck"
							
								name: "Head"
								
							name: "shoulder.L"
							
								name: "arm.L"
								
									name: "forearm.L"
									
										name: "hand.L"
										
											name: "f_Thumb1.L"
											
												name: "f_Thumb2.L"
												
													name: "f_Thumb3.L"
													
														name: "f_Thumb4.L"
														
											name: "f_Index1.L"
											
												name: "f_Index2.L"
												
													name: "f_Index3.L"
													
														name: "f_Index4.L"
														
											name: "f_Middle1.L"
											
												name: "f_Middle2.L"
												
													name: "f_Middle3.L"
													
														name: "f_Middle4.L"
														
											name: "f_Ring1.L"
											
												name: "f_Ring2.L"
												
													name: "f_Ring3.L"
													
														name: "f_Ring4.L"
														
											name: "f_Pinky1.L"
											
												name: "f_Pinky2.L"
												
													name: "f_Pinky3.L"
													
														name: "f_Pinky4.L"
														
							name: "shoulder.R"
							
								name: "arm.R"
								
									name: "forearm.R"
									
										name: "hand.R"
										
											name: "f_Thumb1.R"
											
												name: "f_Thumb2.R"
												
													name: "f_Thumb3.R"
													
														name: "f_Thumb4.R"
														
											name: "f_Index1.R"
											
												name: "f_Index2.R"
												
													name: "f_Index3.R"
													
														name: "f_Index4.R"
														
											name: "f_Middle1.R"
											
												name: "f_Middle2.R"
												
													name: "f_Middle3.R"
													
														name: "f_Middle4.R"
														
											name: "f_Ring1.R"
											
												name: "f_Ring2.R"
												
													name: "f_Ring3.R"
													
														name: "f_Ring4.R"
														
											name: "f_Pinky1.R"
											
												name: "f_Pinky2.R"
												
													name: "f_Pinky3.R"
													
														name: "f_Pinky4.R"
														
				name: "leg_up.L"
				
					name: "leg.L"
					
						name: "foot.L"
						
							name: "toe.L"
							
				name: "leg_up.R"
				
					name: "leg.R"
					
						name: "foot.R"
						
							name: "toe.R"
							
	name: "G_male_base"
	numMeshes: 1
	 addr: "000002E48F8733C0"
	 name: "Mesh.001"
	 numVertices: "12760"
	 numFaces: "19288"
	
	

[17:41:23.537040] [Import] [info] (th=22412) File loaded successfully
[17:41:23.537100] [Import] [info] (th=22412) Meshes count: 1
[17:41:23.537158] [Import] [info] (th=22412) Materials count: 1
[17:41:23.537668] [Import] [info] (th=22412) Textures count (imported): 1
[17:43:29.557060] [Import] [info] (th=22412) Importing from E:\!_WORK\GAMEdev\Manu\Small_tasks\Generic_male\Base_animations_NEW\G_male_01_idle.fbx
[17:43:29.580877] [Import] [info] (th=22412) Imported scene tree:
name: "RootNode"

	name: "G_male_base_armature"
	
		name: "root_bone"
		
			name: "Hips"
			
				name: "spine"
				
					name: "chest_bottom"
					
						name: "chest"
						
							name: "neck"
							
								name: "Head"
								
							name: "shoulder.L"
							
								name: "arm.L"
								
									name: "forearm.L"
									
										name: "hand.L"
										
											name: "f_Thumb1.L"
											
												name: "f_Thumb2.L"
												
													name: "f_Thumb3.L"
													
														name: "f_Thumb4.L"
														
											name: "f_Index1.L"
											
												name: "f_Index2.L"
												
													name: "f_Index3.L"
													
														name: "f_Index4.L"
														
											name: "f_Middle1.L"
											
												name: "f_Middle2.L"
												
													name: "f_Middle3.L"
													
														name: "f_Middle4.L"
														
											name: "f_Ring1.L"
											
												name: "f_Ring2.L"
												
													name: "f_Ring3.L"
													
														name: "f_Ring4.L"
														
											name: "f_Pinky1.L"
											
												name: "f_Pinky2.L"
												
													name: "f_Pinky3.L"
													
														name: "f_Pinky4.L"
														
							name: "shoulder.R"
							
								name: "arm.R"
								
									name: "forearm.R"
									
										name: "hand.R"
										
											name: "f_Thumb1.R"
											
												name: "f_Thumb2.R"
												
													name: "f_Thumb3.R"
													
														name: "f_Thumb4.R"
														
											name: "f_Index1.R"
											
												name: "f_Index2.R"
												
													name: "f_Index3.R"
													
														name: "f_Index4.R"
														
											name: "f_Middle1.R"
											
												name: "f_Middle2.R"
												
													name: "f_Middle3.R"
													
														name: "f_Middle4.R"
														
											name: "f_Ring1.R"
											
												name: "f_Ring2.R"
												
													name: "f_Ring3.R"
													
														name: "f_Ring4.R"
														
											name: "f_Pinky1.R"
											
												name: "f_Pinky2.R"
												
													name: "f_Pinky3.R"
													
														name: "f_Pinky4.R"
														
				name: "leg_up.L"
				
					name: "leg.L"
					
						name: "foot.L"
						
							name: "toe.L"
							
				name: "leg_up.R"
				
					name: "leg.R"
					
						name: "foot.R"
						
							name: "toe.R"
							

[17:43:29.580925] [Import] [info] (th=22412) File loaded successfully
[17:43:29.580959] [Import] [info] (th=22412) Meshes count: 0
[17:43:29.580993] [Import] [info] (th=22412) Materials count: 0
[17:43:53.098762] [Import] [info] (th=22412) Importing from E:\!_WORK\GAMEdev\Manu\Small_tasks\Generic_male\Base_animations_NEW\G_male_02_run.fbx
[17:43:53.120798] [Import] [info] (th=22412) Imported scene tree:
name: "RootNode"

	name: "G_male_base_armature"
	
		name: "root_bone"
		
			name: "Hips"
			
				name: "spine"
				
					name: "chest_bottom"
					
						name: "chest"
						
							name: "neck"
							
								name: "Head"
								
							name: "shoulder.L"
							
								name: "arm.L"
								
									name: "forearm.L"
									
										name: "hand.L"
										
											name: "f_Thumb1.L"
											
												name: "f_Thumb2.L"
												
													name: "f_Thumb3.L"
													
														name: "f_Thumb4.L"
														
											name: "f_Index1.L"
											
												name: "f_Index2.L"
												
													name: "f_Index3.L"
													
														name: "f_Index4.L"
														
											name: "f_Middle1.L"
											
												name: "f_Middle2.L"
												
													name: "f_Middle3.L"
													
														name: "f_Middle4.L"
														
											name: "f_Ring1.L"
											
												name: "f_Ring2.L"
												
													name: "f_Ring3.L"
													
														name: "f_Ring4.L"
														
											name: "f_Pinky1.L"
											
												name: "f_Pinky2.L"
												
													name: "f_Pinky3.L"
													
														name: "f_Pinky4.L"
														
							name: "shoulder.R"
							
								name: "arm.R"
								
									name: "forearm.R"
									
										name: "hand.R"
										
											name: "f_Thumb1.R"
											
												name: "f_Thumb2.R"
												
													name: "f_Thumb3.R"
													
														name: "f_Thumb4.R"
														
											name: "f_Index1.R"
											
												name: "f_Index2.R"
												
													name: "f_Index3.R"
													
														name: "f_Index4.R"
														
											name: "f_Middle1.R"
											
												name: "f_Middle2.R"
												
													name: "f_Middle3.R"
													
														name: "f_Middle4.R"
														
											name: "f_Ring1.R"
											
												name: "f_Ring2.R"
												
													name: "f_Ring3.R"
													
														name: "f_Ring4.R"
														
											name: "f_Pinky1.R"
											
												name: "f_Pinky2.R"
												
													name: "f_Pinky3.R"
													
														name: "f_Pinky4.R"
														
				name: "leg_up.L"
				
					name: "leg.L"
					
						name: "foot.L"
						
							name: "toe.L"
							
				name: "leg_up.R"
				
					name: "leg.R"
					
						name: "foot.R"
						
							name: "toe.R"
							

[17:43:53.120846] [Import] [info] (th=22412) File loaded successfully
[17:43:53.120885] [Import] [info] (th=22412) Meshes count: 0
[17:43:53.120924] [Import] [info] (th=22412) Materials count: 0
[17:43:58.755304] [Import] [info] (th=22412) Importing from E:\!_WORK\GAMEdev\Manu\Small_tasks\Generic_male\Base_animations_NEW\G_male_03_crouch_walk.fbx
[17:43:58.777429] [Import] [info] (th=22412) Imported scene tree:
name: "RootNode"

	name: "G_male_base_armature"
	
		name: "root_bone"
		
			name: "Hips"
			
				name: "spine"
				
					name: "chest_bottom"
					
						name: "chest"
						
							name: "neck"
							
								name: "Head"
								
							name: "shoulder.L"
							
								name: "arm.L"
								
									name: "forearm.L"
									
										name: "hand.L"
										
											name: "f_Thumb1.L"
											
												name: "f_Thumb2.L"
												
													name: "f_Thumb3.L"
													
														name: "f_Thumb4.L"
														
											name: "f_Index1.L"
											
												name: "f_Index2.L"
												
													name: "f_Index3.L"
													
														name: "f_Index4.L"
														
											name: "f_Middle1.L"
											
												name: "f_Middle2.L"
												
													name: "f_Middle3.L"
													
														name: "f_Middle4.L"
														
											name: "f_Ring1.L"
											
												name: "f_Ring2.L"
												
													name: "f_Ring3.L"
													
														name: "f_Ring4.L"
														
											name: "f_Pinky1.L"
											
												name: "f_Pinky2.L"
												
													name: "f_Pinky3.L"
													
														name: "f_Pinky4.L"
														
							name: "shoulder.R"
							
								name: "arm.R"
								
									name: "forearm.R"
									
										name: "hand.R"
										
											name: "f_Thumb1.R"
											
												name: "f_Thumb2.R"
												
													name: "f_Thumb3.R"
													
														name: "f_Thumb4.R"
														
											name: "f_Index1.R"
											
												name: "f_Index2.R"
												
													name: "f_Index3.R"
													
														name: "f_Index4.R"
														
											name: "f_Middle1.R"
											
												name: "f_Middle2.R"
												
													name: "f_Middle3.R"
													
														name: "f_Middle4.R"
														
											name: "f_Ring1.R"
											
												name: "f_Ring2.R"
												
													name: "f_Ring3.R"
													
														name: "f_Ring4.R"
														
											name: "f_Pinky1.R"
											
												name: "f_Pinky2.R"
												
													name: "f_Pinky3.R"
													
														name: "f_Pinky4.R"
														
				name: "leg_up.L"
				
					name: "leg.L"
					
						name: "foot.L"
						
							name: "toe.L"
							
				name: "leg_up.R"
				
					name: "leg.R"
					
						name: "foot.R"
						
							name: "toe.R"
							

[17:43:58.777550] [Import] [info] (th=22412) File loaded successfully
[17:43:58.777592] [Import] [info] (th=22412) Meshes count: 0
[17:43:58.777626] [Import] [info] (th=22412) Materials count: 0
[17:44:04.616038] [Import] [info] (th=22412) Importing from E:\!_WORK\GAMEdev\Manu\Small_tasks\Generic_male\Base_animations_NEW\G_male_04_stand_to_crouch.fbx
[17:44:04.645752] [Import] [info] (th=22412) Imported scene tree:
name: "RootNode"

	name: "G_male_base_armature"
	
		name: "root_bone"
		
			name: "Hips"
			
				name: "spine"
				
					name: "chest_bottom"
					
						name: "chest"
						
							name: "neck"
							
								name: "Head"
								
							name: "shoulder.L"
							
								name: "arm.L"
								
									name: "forearm.L"
									
										name: "hand.L"
										
											name: "f_Thumb1.L"
											
												name: "f_Thumb2.L"
												
													name: "f_Thumb3.L"
													
														name: "f_Thumb4.L"
														
											name: "f_Index1.L"
											
												name: "f_Index2.L"
												
													name: "f_Index3.L"
													
														name: "f_Index4.L"
														
											name: "f_Middle1.L"
											
												name: "f_Middle2.L"
												
													name: "f_Middle3.L"
													
														name: "f_Middle4.L"
														
											name: "f_Ring1.L"
											
												name: "f_Ring2.L"
												
													name: "f_Ring3.L"
													
														name: "f_Ring4.L"
														
											name: "f_Pinky1.L"
											
												name: "f_Pinky2.L"
												
													name: "f_Pinky3.L"
													
														name: "f_Pinky4.L"
														
							name: "shoulder.R"
							
								name: "arm.R"
								
									name: "forearm.R"
									
										name: "hand.R"
										
											name: "f_Thumb1.R"
											
												name: "f_Thumb2.R"
												
													name: "f_Thumb3.R"
													
														name: "f_Thumb4.R"
														
											name: "f_Index1.R"
											
												name: "f_Index2.R"
												
													name: "f_Index3.R"
													
														name: "f_Index4.R"
														
											name: "f_Middle1.R"
											
												name: "f_Middle2.R"
												
													name: "f_Middle3.R"
													
														name: "f_Middle4.R"
														
											name: "f_Ring1.R"
											
												name: "f_Ring2.R"
												
													name: "f_Ring3.R"
													
														name: "f_Ring4.R"
														
											name: "f_Pinky1.R"
											
												name: "f_Pinky2.R"
												
													name: "f_Pinky3.R"
													
														name: "f_Pinky4.R"
														
				name: "leg_up.L"
				
					name: "leg.L"
					
						name: "foot.L"
						
							name: "toe.L"
							
				name: "leg_up.R"
				
					name: "leg.R"
					
						name: "foot.R"
						
							name: "toe.R"
							

[17:44:04.645878] [Import] [info] (th=22412) File loaded successfully
[17:44:04.645921] [Import] [info] (th=22412) Meshes count: 0
[17:44:04.645957] [Import] [info] (th=22412) Materials count: 0
[17:44:09.851354] [Import] [info] (th=22412) Importing from E:\!_WORK\GAMEdev\Manu\Small_tasks\Generic_male\Base_animations_NEW\G_male_06_crouch_idle.fbx
[17:44:09.872094] [Import] [info] (th=22412) Imported scene tree:
name: "RootNode"

	name: "G_male_base_armature"
	
		name: "root_bone"
		
			name: "Hips"
			
				name: "spine"
				
					name: "chest_bottom"
					
						name: "chest"
						
							name: "neck"
							
								name: "Head"
								
							name: "shoulder.L"
							
								name: "arm.L"
								
									name: "forearm.L"
									
										name: "hand.L"
										
											name: "f_Thumb1.L"
											
												name: "f_Thumb2.L"
												
													name: "f_Thumb3.L"
													
														name: "f_Thumb4.L"
														
											name: "f_Index1.L"
											
												name: "f_Index2.L"
												
													name: "f_Index3.L"
													
														name: "f_Index4.L"
														
											name: "f_Middle1.L"
											
												name: "f_Middle2.L"
												
													name: "f_Middle3.L"
													
														name: "f_Middle4.L"
														
											name: "f_Ring1.L"
											
												name: "f_Ring2.L"
												
													name: "f_Ring3.L"
													
														name: "f_Ring4.L"
														
											name: "f_Pinky1.L"
											
												name: "f_Pinky2.L"
												
													name: "f_Pinky3.L"
													
														name: "f_Pinky4.L"
														
							name: "shoulder.R"
							
								name: "arm.R"
								
									name: "forearm.R"
									
										name: "hand.R"
										
											name: "f_Thumb1.R"
											
												name: "f_Thumb2.R"
												
													name: "f_Thumb3.R"
													
														name: "f_Thumb4.R"
														
											name: "f_Index1.R"
											
												name: "f_Index2.R"
												
													name: "f_Index3.R"
													
														name: "f_Index4.R"
														
											name: "f_Middle1.R"
											
												name: "f_Middle2.R"
												
													name: "f_Middle3.R"
													
														name: "f_Middle4.R"
														
											name: "f_Ring1.R"
											
												name: "f_Ring2.R"
												
													name: "f_Ring3.R"
													
														name: "f_Ring4.R"
														
											name: "f_Pinky1.R"
											
												name: "f_Pinky2.R"
												
													name: "f_Pinky3.R"
													
														name: "f_Pinky4.R"
														
				name: "leg_up.L"
				
					name: "leg.L"
					
						name: "foot.L"
						
							name: "toe.L"
							
				name: "leg_up.R"
				
					name: "leg.R"
					
						name: "foot.R"
						
							name: "toe.R"
							

[17:44:09.872152] [Import] [info] (th=22412) File loaded successfully
[17:44:09.872208] [Import] [info] (th=22412) Meshes count: 0
[17:44:09.872264] [Import] [info] (th=22412) Materials count: 0
[17:44:30.700618] [Import] [info] (th=22412) Importing from E:\!_WORK\GAMEdev\Manu\Small_tasks\Generic_male\Base_animations_NEW\G_male_09_jump_floating.fbx
[17:44:30.725645] [Import] [info] (th=22412) Imported scene tree:
name: "RootNode"

	name: "G_male_base_armature"
	
		name: "root_bone"
		
			name: "Hips"
			
				name: "spine"
				
					name: "chest_bottom"
					
						name: "chest"
						
							name: "neck"
							
								name: "Head"
								
							name: "shoulder.L"
							
								name: "arm.L"
								
									name: "forearm.L"
									
										name: "hand.L"
										
											name: "f_Thumb1.L"
											
												name: "f_Thumb2.L"
												
													name: "f_Thumb3.L"
													
														name: "f_Thumb4.L"
														
											name: "f_Index1.L"
											
												name: "f_Index2.L"
												
													name: "f_Index3.L"
													
														name: "f_Index4.L"
														
											name: "f_Middle1.L"
											
												name: "f_Middle2.L"
												
													name: "f_Middle3.L"
													
														name: "f_Middle4.L"
														
											name: "f_Ring1.L"
											
												name: "f_Ring2.L"
												
													name: "f_Ring3.L"
													
														name: "f_Ring4.L"
														
											name: "f_Pinky1.L"
											
												name: "f_Pinky2.L"
												
													name: "f_Pinky3.L"
													
														name: "f_Pinky4.L"
														
							name: "shoulder.R"
							
								name: "arm.R"
								
									name: "forearm.R"
									
										name: "hand.R"
										
											name: "f_Thumb1.R"
											
												name: "f_Thumb2.R"
												
													name: "f_Thumb3.R"
													
														name: "f_Thumb4.R"
														
											name: "f_Index1.R"
											
												name: "f_Index2.R"
												
													name: "f_Index3.R"
													
														name: "f_Index4.R"
														
											name: "f_Middle1.R"
											
												name: "f_Middle2.R"
												
													name: "f_Middle3.R"
													
														name: "f_Middle4.R"
														
											name: "f_Ring1.R"
											
												name: "f_Ring2.R"
												
													name: "f_Ring3.R"
													
														name: "f_Ring4.R"
														
											name: "f_Pinky1.R"
											
												name: "f_Pinky2.R"
												
													name: "f_Pinky3.R"
													
														name: "f_Pinky4.R"
														
				name: "leg_up.L"
				
					name: "leg.L"
					
						name: "foot.L"
						
							name: "toe.L"
							
				name: "leg_up.R"
				
					name: "leg.R"
					
						name: "foot.R"
						
							name: "toe.R"
							

[17:44:30.725696] [Import] [info] (th=22412) File loaded successfully
[17:44:30.725735] [Import] [info] (th=22412) Meshes count: 0
[17:44:30.725773] [Import] [info] (th=22412) Materials count: 0
