[12:52:20.751525] [Import] [info] (th=16092) Log level for 'Import' set to 'info'
[12:52:20.751675] [Import] [info] (th=16092) Importing from D:\Users\Chris\Documents\ManuCollab\GGG_sketch_export_to_MIXAMO.fbx\Mixamo animations\scary new set\duckingSmooth.fbx
[12:52:20.789333] [Import] [info] (th=16092) Imported scene tree:
name: "RootNode"

	name: "G_male_base_armature"
	
		name: "root_bone"
		
			name: "Hips"
			
				name: "spine"
				
					name: "chest_bottom"
					
						name: "chest"
						
							name: "neck"
							
								name: "Head"
								
									name: "braid1.L"
									
										name: "braid2.L"
										
											name: "braid3.L"
											
												name: "braid4.L"
												
													name: "braid4.L_end"
													
									name: "braid1.R"
									
										name: "braid2.R"
										
											name: "braid3.R"
											
												name: "braid4.R"
												
													name: "braid4.R_end"
													
									name: "eye.L"
									
										name: "eye.L_end"
										
									name: "eye.R"
									
										name: "eye.R_end"
										
							name: "shoulder.L"
							
								name: "arm.L"
								
									name: "forearm.L"
									
										name: "hand.L"
										
											name: "f_Thumb1.L"
											
												name: "f_Thumb2.L"
												
													name: "f_Thumb3.L"
													
														name: "f_Thumb3.L_end"
														
											name: "f_Index1.L"
											
												name: "f_Index2.L"
												
													name: "f_Index3.L"
													
														name: "f_Index3.L_end"
														
											name: "f_Middle1.L"
											
												name: "f_Middle2.L"
												
													name: "f_Middle3.L"
													
														name: "f_Middle3.L_end"
														
											name: "f_Ring1.L"
											
												name: "f_Ring2.L"
												
													name: "f_Ring3.L"
													
														name: "f_Ring3.L_end"
														
											name: "f_Pinky1.L"
											
												name: "f_Pinky2.L"
												
													name: "f_Pinky3.L"
													
														name: "f_Pinky3.L_end"
														
							name: "shoulder.R"
							
								name: "arm.R"
								
									name: "forearm.R"
									
										name: "hand.R"
										
											name: "f_Thumb1.R"
											
												name: "f_Thumb2.R"
												
													name: "f_Thumb3.R"
													
														name: "f_Thumb3.R_end"
														
											name: "f_Index1.R"
											
												name: "f_Index2.R"
												
													name: "f_Index3.R"
													
														name: "f_Index3.R_end"
														
											name: "f_Middle1.R"
											
												name: "f_Middle2.R"
												
													name: "f_Middle3.R"
													
														name: "f_Middle3.R_end"
														
											name: "f_Ring1.R"
											
												name: "f_Ring2.R"
												
													name: "f_Ring3.R"
													
														name: "f_Ring3.R_end"
														
											name: "f_Pinky1.R"
											
												name: "f_Pinky2.R"
												
													name: "f_Pinky3.R"
													
														name: "f_Pinky3.R_end"
														
				name: "leg_up.L"
				
					name: "leg.L"
					
						name: "foot.L"
						
							name: "toe.L"
							
								name: "toe.L_end"
								
				name: "leg_up.R"
				
					name: "leg.R"
					
						name: "foot.R"
						
							name: "toe.R"
							
								name: "toe.R_end"
								

[12:52:20.789402] [Import] [info] (th=16092) File loaded successfully
[12:52:20.789457] [Import] [info] (th=16092) Meshes count: 0
[12:52:20.789511] [Import] [info] (th=16092) Materials count: 0
[13:33:16.645185] [Import] [info] (th=16092) Importing from D:\Users\Chris\Documents\ManuCollab\3D assets\river_plants_new.fbx
[13:33:16.687868] [Import] [info] (th=16092) Imported scene tree:
name: "RootNode"

	name: "River_straw1.002"
	numMeshes: 1
	 addr: "000001E26D885260"
	 name: "Plane.003"
	 numVertices: "8499"
	 numFaces: "4315"
	
	

[13:33:16.687935] [Import] [info] (th=16092) File loaded successfully
[13:33:16.687991] [Import] [info] (th=16092) Meshes count: 1
[13:33:16.688108] [Import] [info] (th=16092) Materials count: 1
[13:33:16.709337] [Import] [info] (th=16092) Textures count (imported): 0
[13:38:48.590258] [Import] [info] (th=16092) Importing from D:\Users\Chris\Documents\ManuCollab\3D assets\river_plants_new.fbx
[13:38:48.603389] [Import] [info] (th=16092) Imported scene tree:
name: "RootNode"

	name: "River_straw1.002"
	numMeshes: 1
	 addr: "000001E29C96E6F0"
	 name: "Plane.003"
	 numVertices: "8499"
	 numFaces: "4315"
	
	

[13:38:48.603455] [Import] [info] (th=16092) File loaded successfully
[13:38:48.603511] [Import] [info] (th=16092) Meshes count: 1
[13:38:48.603566] [Import] [info] (th=16092) Materials count: 1
[13:38:48.603816] [Import] [info] (th=16092) Textures count (imported): 0
