[17:49:22.607872] [Import] [info] (th=18228) Importing from E:\!_WORK\GAMEdev\Manu\MyGame\GG\GREAT_export\GG_4_fall.fbx
[17:49:22.626047] [Import] [info] (th=18228) Imported scene tree:
name: "RootNode"

	name: "G_male_base_armature"
	
		name: "root_bone"
		
			name: "Hips"
			
				name: "spine"
				
					name: "chest_bottom"
					
						name: "chest"
						
							name: "neck"
							
								name: "Head"
								
									name: "braid1.L"
									
										name: "braid2.L"
										
											name: "braid3.L"
											
												name: "braid4.L"
												
									name: "braid1.R"
									
										name: "braid2.R"
										
											name: "braid3.R"
											
												name: "braid4.R"
												
									name: "eye.L"
									
									name: "eye.R"
									
							name: "shoulder.L"
							
								name: "arm.L"
								
									name: "forearm.L"
									
										name: "hand.L"
										
											name: "f_Thumb1.L"
											
												name: "f_Thumb2.L"
												
													name: "f_Thumb3.L"
													
											name: "f_Index1.L"
											
												name: "f_Index2.L"
												
													name: "f_Index3.L"
													
											name: "f_Middle1.L"
											
												name: "f_Middle2.L"
												
													name: "f_Middle3.L"
													
											name: "f_Ring1.L"
											
												name: "f_Ring2.L"
												
													name: "f_Ring3.L"
													
											name: "f_Pinky1.L"
											
												name: "f_Pinky2.L"
												
													name: "f_Pinky3.L"
													
							name: "shoulder.R"
							
								name: "arm.R"
								
									name: "forearm.R"
									
										name: "hand.R"
										
											name: "f_Thumb1.R"
											
												name: "f_Thumb2.R"
												
													name: "f_Thumb3.R"
													
											name: "f_Index1.R"
											
												name: "f_Index2.R"
												
													name: "f_Index3.R"
													
											name: "f_Middle1.R"
											
												name: "f_Middle2.R"
												
													name: "f_Middle3.R"
													
											name: "f_Ring1.R"
											
												name: "f_Ring2.R"
												
													name: "f_Ring3.R"
													
											name: "f_Pinky1.R"
											
												name: "f_Pinky2.R"
												
													name: "f_Pinky3.R"
													
				name: "leg_up.L"
				
					name: "leg.L"
					
						name: "foot.L"
						
							name: "toe.L"
							
				name: "leg_up.R"
				
					name: "leg.R"
					
						name: "foot.R"
						
							name: "toe.R"
							

[17:49:22.626094] [Import] [info] (th=18228) File loaded successfully
[17:49:22.626128] [Import] [info] (th=18228) Meshes count: 0
[17:49:22.626162] [Import] [info] (th=18228) Materials count: 0
[17:49:22.628720] [Import] [error] (th=18228) Cannot find node: Head
[17:49:22.628848] [Import] [error] (th=18228) Cannot find node: Hips
[17:49:22.628927] [Import] [error] (th=18228) Cannot find node: arm.L
[17:49:22.629004] [Import] [error] (th=18228) Cannot find node: arm.R
[17:49:22.629081] [Import] [error] (th=18228) Cannot find node: braid1.L
[17:49:22.629159] [Import] [error] (th=18228) Cannot find node: braid1.R
[17:49:22.629236] [Import] [error] (th=18228) Cannot find node: braid2.L
[17:49:22.629313] [Import] [error] (th=18228) Cannot find node: braid2.R
[17:49:22.629390] [Import] [error] (th=18228) Cannot find node: braid3.L
[17:49:22.629467] [Import] [error] (th=18228) Cannot find node: braid3.R
[17:49:22.629543] [Import] [error] (th=18228) Cannot find node: braid4.L
[17:49:22.629620] [Import] [error] (th=18228) Cannot find node: braid4.R
[17:49:22.629703] [Import] [error] (th=18228) Cannot find node: chest
[17:49:22.629781] [Import] [error] (th=18228) Cannot find node: chest_bottom
[17:49:22.629857] [Import] [error] (th=18228) Cannot find node: eye.L
[17:49:22.629935] [Import] [error] (th=18228) Cannot find node: eye.R
[17:49:22.630012] [Import] [error] (th=18228) Cannot find node: f_Index1.L
[17:49:22.630089] [Import] [error] (th=18228) Cannot find node: f_Index1.R
[17:49:22.630165] [Import] [error] (th=18228) Cannot find node: f_Index2.L
[17:49:22.630241] [Import] [error] (th=18228) Cannot find node: f_Index2.R
[17:49:22.630317] [Import] [error] (th=18228) Cannot find node: f_Index3.L
[17:49:22.630394] [Import] [error] (th=18228) Cannot find node: f_Index3.R
[17:49:22.630471] [Import] [error] (th=18228) Cannot find node: f_Middle1.L
[17:49:22.630548] [Import] [error] (th=18228) Cannot find node: f_Middle1.R
[17:49:22.630627] [Import] [error] (th=18228) Cannot find node: f_Middle2.L
[17:49:22.630709] [Import] [error] (th=18228) Cannot find node: f_Middle2.R
[17:49:22.630785] [Import] [error] (th=18228) Cannot find node: f_Middle3.L
[17:49:22.630862] [Import] [error] (th=18228) Cannot find node: f_Middle3.R
[17:49:22.630939] [Import] [error] (th=18228) Cannot find node: f_Pinky1.L
[17:49:22.631015] [Import] [error] (th=18228) Cannot find node: f_Pinky1.R
[17:49:22.631092] [Import] [error] (th=18228) Cannot find node: f_Pinky2.L
[17:49:22.631169] [Import] [error] (th=18228) Cannot find node: f_Pinky2.R
[17:49:22.631245] [Import] [error] (th=18228) Cannot find node: f_Pinky3.L
[17:49:22.631322] [Import] [error] (th=18228) Cannot find node: f_Pinky3.R
[17:49:22.631399] [Import] [error] (th=18228) Cannot find node: f_Ring1.L
[17:49:22.631472] [Import] [error] (th=18228) Cannot find node: f_Ring1.R
[17:49:22.631549] [Import] [error] (th=18228) Cannot find node: f_Ring2.L
[17:49:22.631626] [Import] [error] (th=18228) Cannot find node: f_Ring2.R
[17:49:22.631710] [Import] [error] (th=18228) Cannot find node: f_Ring3.L
[17:49:22.631787] [Import] [error] (th=18228) Cannot find node: f_Ring3.R
[17:49:22.631864] [Import] [error] (th=18228) Cannot find node: f_Thumb1.L
[17:49:22.631940] [Import] [error] (th=18228) Cannot find node: f_Thumb1.R
[17:49:22.632016] [Import] [error] (th=18228) Cannot find node: f_Thumb2.L
[17:49:22.632092] [Import] [error] (th=18228) Cannot find node: f_Thumb2.R
[17:49:22.632169] [Import] [error] (th=18228) Cannot find node: f_Thumb3.L
[17:49:22.632245] [Import] [error] (th=18228) Cannot find node: f_Thumb3.R
[17:49:22.632321] [Import] [error] (th=18228) Cannot find node: foot.L
[17:49:22.632398] [Import] [error] (th=18228) Cannot find node: foot.R
[17:49:22.632474] [Import] [error] (th=18228) Cannot find node: forearm.L
[17:49:22.632551] [Import] [error] (th=18228) Cannot find node: forearm.R
[17:49:22.632628] [Import] [error] (th=18228) Cannot find node: hand.L
[17:49:22.632709] [Import] [error] (th=18228) Cannot find node: hand.R
[17:49:22.632785] [Import] [error] (th=18228) Cannot find node: leg.L
[17:49:22.632861] [Import] [error] (th=18228) Cannot find node: leg.R
[17:49:22.632938] [Import] [error] (th=18228) Cannot find node: leg_up.L
[17:49:22.633014] [Import] [error] (th=18228) Cannot find node: leg_up.R
[17:49:22.633091] [Import] [error] (th=18228) Cannot find node: neck
[17:49:22.633167] [Import] [error] (th=18228) Cannot find node: root_bone
[17:49:22.633244] [Import] [error] (th=18228) Cannot find node: shoulder.L
[17:49:22.633324] [Import] [error] (th=18228) Cannot find node: shoulder.R
[17:49:22.633400] [Import] [error] (th=18228) Cannot find node: spine
[17:49:22.633476] [Import] [error] (th=18228) Cannot find node: toe.L
[17:49:22.633552] [Import] [error] (th=18228) Cannot find node: toe.R
[17:49:22.633592] [Import] [error] (th=18228) File's animations are incompatible with the selected MANU's node
[17:49:37.047014] [Import] [info] (th=18228) Importing from E:\!_WORK\GAMEdev\Manu\MyGame\GG\GREAT_export\GG_4_fall.fbx
[17:49:37.065137] [Import] [info] (th=18228) Imported scene tree:
name: "RootNode"

	name: "G_male_base_armature"
	
		name: "root_bone"
		
			name: "Hips"
			
				name: "spine"
				
					name: "chest_bottom"
					
						name: "chest"
						
							name: "neck"
							
								name: "Head"
								
									name: "braid1.L"
									
										name: "braid2.L"
										
											name: "braid3.L"
											
												name: "braid4.L"
												
									name: "braid1.R"
									
										name: "braid2.R"
										
											name: "braid3.R"
											
												name: "braid4.R"
												
									name: "eye.L"
									
									name: "eye.R"
									
							name: "shoulder.L"
							
								name: "arm.L"
								
									name: "forearm.L"
									
										name: "hand.L"
										
											name: "f_Thumb1.L"
											
												name: "f_Thumb2.L"
												
													name: "f_Thumb3.L"
													
											name: "f_Index1.L"
											
												name: "f_Index2.L"
												
													name: "f_Index3.L"
													
											name: "f_Middle1.L"
											
												name: "f_Middle2.L"
												
													name: "f_Middle3.L"
													
											name: "f_Ring1.L"
											
												name: "f_Ring2.L"
												
													name: "f_Ring3.L"
													
											name: "f_Pinky1.L"
											
												name: "f_Pinky2.L"
												
													name: "f_Pinky3.L"
													
							name: "shoulder.R"
							
								name: "arm.R"
								
									name: "forearm.R"
									
										name: "hand.R"
										
											name: "f_Thumb1.R"
											
												name: "f_Thumb2.R"
												
													name: "f_Thumb3.R"
													
											name: "f_Index1.R"
											
												name: "f_Index2.R"
												
													name: "f_Index3.R"
													
											name: "f_Middle1.R"
											
												name: "f_Middle2.R"
												
													name: "f_Middle3.R"
													
											name: "f_Ring1.R"
											
												name: "f_Ring2.R"
												
													name: "f_Ring3.R"
													
											name: "f_Pinky1.R"
											
												name: "f_Pinky2.R"
												
													name: "f_Pinky3.R"
													
				name: "leg_up.L"
				
					name: "leg.L"
					
						name: "foot.L"
						
							name: "toe.L"
							
				name: "leg_up.R"
				
					name: "leg.R"
					
						name: "foot.R"
						
							name: "toe.R"
							

[17:49:37.065187] [Import] [info] (th=18228) File loaded successfully
[17:49:37.065224] [Import] [info] (th=18228) Meshes count: 0
[17:49:37.065262] [Import] [info] (th=18228) Materials count: 0
[17:50:50.754034] [Import] [info] (th=18228) Importing from E:\!_WORK\GAMEdev\Manu\MyGame\GG\GREAT_export\GG_3_jump.fbx
[17:50:50.772249] [Import] [info] (th=18228) Imported scene tree:
name: "RootNode"

	name: "G_male_base_armature"
	
		name: "root_bone"
		
			name: "Hips"
			
				name: "spine"
				
					name: "chest_bottom"
					
						name: "chest"
						
							name: "neck"
							
								name: "Head"
								
									name: "braid1.L"
									
										name: "braid2.L"
										
											name: "braid3.L"
											
												name: "braid4.L"
												
									name: "braid1.R"
									
										name: "braid2.R"
										
											name: "braid3.R"
											
												name: "braid4.R"
												
									name: "eye.L"
									
									name: "eye.R"
									
							name: "shoulder.L"
							
								name: "arm.L"
								
									name: "forearm.L"
									
										name: "hand.L"
										
											name: "f_Thumb1.L"
											
												name: "f_Thumb2.L"
												
													name: "f_Thumb3.L"
													
											name: "f_Index1.L"
											
												name: "f_Index2.L"
												
													name: "f_Index3.L"
													
											name: "f_Middle1.L"
											
												name: "f_Middle2.L"
												
													name: "f_Middle3.L"
													
											name: "f_Ring1.L"
											
												name: "f_Ring2.L"
												
													name: "f_Ring3.L"
													
											name: "f_Pinky1.L"
											
												name: "f_Pinky2.L"
												
													name: "f_Pinky3.L"
													
							name: "shoulder.R"
							
								name: "arm.R"
								
									name: "forearm.R"
									
										name: "hand.R"
										
											name: "f_Thumb1.R"
											
												name: "f_Thumb2.R"
												
													name: "f_Thumb3.R"
													
											name: "f_Index1.R"
											
												name: "f_Index2.R"
												
													name: "f_Index3.R"
													
											name: "f_Middle1.R"
											
												name: "f_Middle2.R"
												
													name: "f_Middle3.R"
													
											name: "f_Ring1.R"
											
												name: "f_Ring2.R"
												
													name: "f_Ring3.R"
													
											name: "f_Pinky1.R"
											
												name: "f_Pinky2.R"
												
													name: "f_Pinky3.R"
													
				name: "leg_up.L"
				
					name: "leg.L"
					
						name: "foot.L"
						
							name: "toe.L"
							
				name: "leg_up.R"
				
					name: "leg.R"
					
						name: "foot.R"
						
							name: "toe.R"
							

[17:50:50.772298] [Import] [info] (th=18228) File loaded successfully
[17:50:50.772336] [Import] [info] (th=18228) Meshes count: 0
[17:50:50.772373] [Import] [info] (th=18228) Materials count: 0
[17:52:30.462157] [Import] [info] (th=18228) Importing from E:\!_WORK\GAMEdev\Manu\MyGame\GG\GREAT_export\GG_4_fall.fbx
[17:52:30.486825] [Import] [info] (th=18228) Imported scene tree:
name: "RootNode"

	name: "G_male_base_armature"
	
		name: "root_bone"
		
			name: "Hips"
			
				name: "spine"
				
					name: "chest_bottom"
					
						name: "chest"
						
							name: "neck"
							
								name: "Head"
								
									name: "braid1.L"
									
										name: "braid2.L"
										
											name: "braid3.L"
											
												name: "braid4.L"
												
									name: "braid1.R"
									
										name: "braid2.R"
										
											name: "braid3.R"
											
												name: "braid4.R"
												
									name: "eye.L"
									
									name: "eye.R"
									
							name: "shoulder.L"
							
								name: "arm.L"
								
									name: "forearm.L"
									
										name: "hand.L"
										
											name: "f_Thumb1.L"
											
												name: "f_Thumb2.L"
												
													name: "f_Thumb3.L"
													
											name: "f_Index1.L"
											
												name: "f_Index2.L"
												
													name: "f_Index3.L"
													
											name: "f_Middle1.L"
											
												name: "f_Middle2.L"
												
													name: "f_Middle3.L"
													
											name: "f_Ring1.L"
											
												name: "f_Ring2.L"
												
													name: "f_Ring3.L"
													
											name: "f_Pinky1.L"
											
												name: "f_Pinky2.L"
												
													name: "f_Pinky3.L"
													
							name: "shoulder.R"
							
								name: "arm.R"
								
									name: "forearm.R"
									
										name: "hand.R"
										
											name: "f_Thumb1.R"
											
												name: "f_Thumb2.R"
												
													name: "f_Thumb3.R"
													
											name: "f_Index1.R"
											
												name: "f_Index2.R"
												
													name: "f_Index3.R"
													
											name: "f_Middle1.R"
											
												name: "f_Middle2.R"
												
													name: "f_Middle3.R"
													
											name: "f_Ring1.R"
											
												name: "f_Ring2.R"
												
													name: "f_Ring3.R"
													
											name: "f_Pinky1.R"
											
												name: "f_Pinky2.R"
												
													name: "f_Pinky3.R"
													
				name: "leg_up.L"
				
					name: "leg.L"
					
						name: "foot.L"
						
							name: "toe.L"
							
				name: "leg_up.R"
				
					name: "leg.R"
					
						name: "foot.R"
						
							name: "toe.R"
							

[17:52:30.486872] [Import] [info] (th=18228) File loaded successfully
[17:52:30.486906] [Import] [info] (th=18228) Meshes count: 0
[17:52:30.486939] [Import] [info] (th=18228) Materials count: 0
[17:52:37.005922] [Import] [info] (th=18228) Importing from E:\!_WORK\GAMEdev\Manu\MyGame\GG\GREAT_export\GG_3_jump.fbx
[17:52:37.027994] [Import] [info] (th=18228) Imported scene tree:
name: "RootNode"

	name: "G_male_base_armature"
	
		name: "root_bone"
		
			name: "Hips"
			
				name: "spine"
				
					name: "chest_bottom"
					
						name: "chest"
						
							name: "neck"
							
								name: "Head"
								
									name: "braid1.L"
									
										name: "braid2.L"
										
											name: "braid3.L"
											
												name: "braid4.L"
												
									name: "braid1.R"
									
										name: "braid2.R"
										
											name: "braid3.R"
											
												name: "braid4.R"
												
									name: "eye.L"
									
									name: "eye.R"
									
							name: "shoulder.L"
							
								name: "arm.L"
								
									name: "forearm.L"
									
										name: "hand.L"
										
											name: "f_Thumb1.L"
											
												name: "f_Thumb2.L"
												
													name: "f_Thumb3.L"
													
											name: "f_Index1.L"
											
												name: "f_Index2.L"
												
													name: "f_Index3.L"
													
											name: "f_Middle1.L"
											
												name: "f_Middle2.L"
												
													name: "f_Middle3.L"
													
											name: "f_Ring1.L"
											
												name: "f_Ring2.L"
												
													name: "f_Ring3.L"
													
											name: "f_Pinky1.L"
											
												name: "f_Pinky2.L"
												
													name: "f_Pinky3.L"
													
							name: "shoulder.R"
							
								name: "arm.R"
								
									name: "forearm.R"
									
										name: "hand.R"
										
											name: "f_Thumb1.R"
											
												name: "f_Thumb2.R"
												
													name: "f_Thumb3.R"
													
											name: "f_Index1.R"
											
												name: "f_Index2.R"
												
													name: "f_Index3.R"
													
											name: "f_Middle1.R"
											
												name: "f_Middle2.R"
												
													name: "f_Middle3.R"
													
											name: "f_Ring1.R"
											
												name: "f_Ring2.R"
												
													name: "f_Ring3.R"
													
											name: "f_Pinky1.R"
											
												name: "f_Pinky2.R"
												
													name: "f_Pinky3.R"
													
				name: "leg_up.L"
				
					name: "leg.L"
					
						name: "foot.L"
						
							name: "toe.L"
							
				name: "leg_up.R"
				
					name: "leg.R"
					
						name: "foot.R"
						
							name: "toe.R"
							

[17:52:37.028042] [Import] [info] (th=18228) File loaded successfully
[17:52:37.028076] [Import] [info] (th=18228) Meshes count: 0
[17:52:37.028109] [Import] [info] (th=18228) Materials count: 0
[17:55:17.480764] [Import] [info] (th=18228) Importing from E:\!_WORK\GAMEdev\Manu\MyGame\GG\GREAT_export\GG_3_jump.fbx
[17:55:17.502154] [Import] [info] (th=18228) Imported scene tree:
name: "RootNode"

	name: "G_male_base_armature"
	
		name: "root_bone"
		
			name: "Hips"
			
				name: "spine"
				
					name: "chest_bottom"
					
						name: "chest"
						
							name: "neck"
							
								name: "Head"
								
									name: "braid1.L"
									
										name: "braid2.L"
										
											name: "braid3.L"
											
												name: "braid4.L"
												
									name: "braid1.R"
									
										name: "braid2.R"
										
											name: "braid3.R"
											
												name: "braid4.R"
												
									name: "eye.L"
									
									name: "eye.R"
									
							name: "shoulder.L"
							
								name: "arm.L"
								
									name: "forearm.L"
									
										name: "hand.L"
										
											name: "f_Thumb1.L"
											
												name: "f_Thumb2.L"
												
													name: "f_Thumb3.L"
													
											name: "f_Index1.L"
											
												name: "f_Index2.L"
												
													name: "f_Index3.L"
													
											name: "f_Middle1.L"
											
												name: "f_Middle2.L"
												
													name: "f_Middle3.L"
													
											name: "f_Ring1.L"
											
												name: "f_Ring2.L"
												
													name: "f_Ring3.L"
													
											name: "f_Pinky1.L"
											
												name: "f_Pinky2.L"
												
													name: "f_Pinky3.L"
													
							name: "shoulder.R"
							
								name: "arm.R"
								
									name: "forearm.R"
									
										name: "hand.R"
										
											name: "f_Thumb1.R"
											
												name: "f_Thumb2.R"
												
													name: "f_Thumb3.R"
													
											name: "f_Index1.R"
											
												name: "f_Index2.R"
												
													name: "f_Index3.R"
													
											name: "f_Middle1.R"
											
												name: "f_Middle2.R"
												
													name: "f_Middle3.R"
													
											name: "f_Ring1.R"
											
												name: "f_Ring2.R"
												
													name: "f_Ring3.R"
													
											name: "f_Pinky1.R"
											
												name: "f_Pinky2.R"
												
													name: "f_Pinky3.R"
													
				name: "leg_up.L"
				
					name: "leg.L"
					
						name: "foot.L"
						
							name: "toe.L"
							
				name: "leg_up.R"
				
					name: "leg.R"
					
						name: "foot.R"
						
							name: "toe.R"
							

[17:55:17.502204] [Import] [info] (th=18228) File loaded successfully
[17:55:17.502243] [Import] [info] (th=18228) Meshes count: 0
[17:55:17.502282] [Import] [info] (th=18228) Materials count: 0
[17:57:12.723610] [Import] [info] (th=18228) Importing from E:\!_WORK\GAMEdev\Manu\MyGame\GG\GREAT_export\GG_3_jump.fbx
[17:57:12.745275] [Import] [info] (th=18228) Imported scene tree:
name: "RootNode"

	name: "G_male_base_armature"
	
		name: "root_bone"
		
			name: "Hips"
			
				name: "spine"
				
					name: "chest_bottom"
					
						name: "chest"
						
							name: "neck"
							
								name: "Head"
								
									name: "braid1.L"
									
										name: "braid2.L"
										
											name: "braid3.L"
											
												name: "braid4.L"
												
									name: "braid1.R"
									
										name: "braid2.R"
										
											name: "braid3.R"
											
												name: "braid4.R"
												
									name: "eye.L"
									
									name: "eye.R"
									
							name: "shoulder.L"
							
								name: "arm.L"
								
									name: "forearm.L"
									
										name: "hand.L"
										
											name: "f_Thumb1.L"
											
												name: "f_Thumb2.L"
												
													name: "f_Thumb3.L"
													
											name: "f_Index1.L"
											
												name: "f_Index2.L"
												
													name: "f_Index3.L"
													
											name: "f_Middle1.L"
											
												name: "f_Middle2.L"
												
													name: "f_Middle3.L"
													
											name: "f_Ring1.L"
											
												name: "f_Ring2.L"
												
													name: "f_Ring3.L"
													
											name: "f_Pinky1.L"
											
												name: "f_Pinky2.L"
												
													name: "f_Pinky3.L"
													
							name: "shoulder.R"
							
								name: "arm.R"
								
									name: "forearm.R"
									
										name: "hand.R"
										
											name: "f_Thumb1.R"
											
												name: "f_Thumb2.R"
												
													name: "f_Thumb3.R"
													
											name: "f_Index1.R"
											
												name: "f_Index2.R"
												
													name: "f_Index3.R"
													
											name: "f_Middle1.R"
											
												name: "f_Middle2.R"
												
													name: "f_Middle3.R"
													
											name: "f_Ring1.R"
											
												name: "f_Ring2.R"
												
													name: "f_Ring3.R"
													
											name: "f_Pinky1.R"
											
												name: "f_Pinky2.R"
												
													name: "f_Pinky3.R"
													
				name: "leg_up.L"
				
					name: "leg.L"
					
						name: "foot.L"
						
							name: "toe.L"
							
				name: "leg_up.R"
				
					name: "leg.R"
					
						name: "foot.R"
						
							name: "toe.R"
							

[17:57:12.745326] [Import] [info] (th=18228) File loaded successfully
[17:57:12.745362] [Import] [info] (th=18228) Meshes count: 0
[17:57:12.745398] [Import] [info] (th=18228) Materials count: 0
[17:58:18.044896] [Import] [info] (th=18228) Importing from E:\!_WORK\GAMEdev\Manu\MyGame\GG\GREAT_export\GG_3_jump.fbx
[17:58:18.063088] [Import] [info] (th=18228) Imported scene tree:
name: "RootNode"

	name: "G_male_base_armature"
	
		name: "root_bone"
		
			name: "Hips"
			
				name: "spine"
				
					name: "chest_bottom"
					
						name: "chest"
						
							name: "neck"
							
								name: "Head"
								
									name: "braid1.L"
									
										name: "braid2.L"
										
											name: "braid3.L"
											
												name: "braid4.L"
												
									name: "braid1.R"
									
										name: "braid2.R"
										
											name: "braid3.R"
											
												name: "braid4.R"
												
									name: "eye.L"
									
									name: "eye.R"
									
							name: "shoulder.L"
							
								name: "arm.L"
								
									name: "forearm.L"
									
										name: "hand.L"
										
											name: "f_Thumb1.L"
											
												name: "f_Thumb2.L"
												
													name: "f_Thumb3.L"
													
											name: "f_Index1.L"
											
												name: "f_Index2.L"
												
													name: "f_Index3.L"
													
											name: "f_Middle1.L"
											
												name: "f_Middle2.L"
												
													name: "f_Middle3.L"
													
											name: "f_Ring1.L"
											
												name: "f_Ring2.L"
												
													name: "f_Ring3.L"
													
											name: "f_Pinky1.L"
											
												name: "f_Pinky2.L"
												
													name: "f_Pinky3.L"
													
							name: "shoulder.R"
							
								name: "arm.R"
								
									name: "forearm.R"
									
										name: "hand.R"
										
											name: "f_Thumb1.R"
											
												name: "f_Thumb2.R"
												
													name: "f_Thumb3.R"
													
											name: "f_Index1.R"
											
												name: "f_Index2.R"
												
													name: "f_Index3.R"
													
											name: "f_Middle1.R"
											
												name: "f_Middle2.R"
												
													name: "f_Middle3.R"
													
											name: "f_Ring1.R"
											
												name: "f_Ring2.R"
												
													name: "f_Ring3.R"
													
											name: "f_Pinky1.R"
											
												name: "f_Pinky2.R"
												
													name: "f_Pinky3.R"
													
				name: "leg_up.L"
				
					name: "leg.L"
					
						name: "foot.L"
						
							name: "toe.L"
							
				name: "leg_up.R"
				
					name: "leg.R"
					
						name: "foot.R"
						
							name: "toe.R"
							

[17:58:18.063135] [Import] [info] (th=18228) File loaded successfully
[17:58:18.063169] [Import] [info] (th=18228) Meshes count: 0
[17:58:18.063203] [Import] [info] (th=18228) Materials count: 0
[18:00:21.311577] [Import] [info] (th=18228) Importing from E:\!_WORK\GAMEdev\Manu\MyGame\GG\GREAT_export\GG_4_fall.fbx
[18:00:21.331179] [Import] [info] (th=18228) Imported scene tree:
name: "RootNode"

	name: "G_male_base_armature"
	
		name: "root_bone"
		
			name: "Hips"
			
				name: "spine"
				
					name: "chest_bottom"
					
						name: "chest"
						
							name: "neck"
							
								name: "Head"
								
									name: "braid1.L"
									
										name: "braid2.L"
										
											name: "braid3.L"
											
												name: "braid4.L"
												
									name: "braid1.R"
									
										name: "braid2.R"
										
											name: "braid3.R"
											
												name: "braid4.R"
												
									name: "eye.L"
									
									name: "eye.R"
									
							name: "shoulder.L"
							
								name: "arm.L"
								
									name: "forearm.L"
									
										name: "hand.L"
										
											name: "f_Thumb1.L"
											
												name: "f_Thumb2.L"
												
													name: "f_Thumb3.L"
													
											name: "f_Index1.L"
											
												name: "f_Index2.L"
												
													name: "f_Index3.L"
													
											name: "f_Middle1.L"
											
												name: "f_Middle2.L"
												
													name: "f_Middle3.L"
													
											name: "f_Ring1.L"
											
												name: "f_Ring2.L"
												
													name: "f_Ring3.L"
													
											name: "f_Pinky1.L"
											
												name: "f_Pinky2.L"
												
													name: "f_Pinky3.L"
													
							name: "shoulder.R"
							
								name: "arm.R"
								
									name: "forearm.R"
									
										name: "hand.R"
										
											name: "f_Thumb1.R"
											
												name: "f_Thumb2.R"
												
													name: "f_Thumb3.R"
													
											name: "f_Index1.R"
											
												name: "f_Index2.R"
												
													name: "f_Index3.R"
													
											name: "f_Middle1.R"
											
												name: "f_Middle2.R"
												
													name: "f_Middle3.R"
													
											name: "f_Ring1.R"
											
												name: "f_Ring2.R"
												
													name: "f_Ring3.R"
													
											name: "f_Pinky1.R"
											
												name: "f_Pinky2.R"
												
													name: "f_Pinky3.R"
													
				name: "leg_up.L"
				
					name: "leg.L"
					
						name: "foot.L"
						
							name: "toe.L"
							
				name: "leg_up.R"
				
					name: "leg.R"
					
						name: "foot.R"
						
							name: "toe.R"
							

[18:00:21.331228] [Import] [info] (th=18228) File loaded successfully
[18:00:21.331266] [Import] [info] (th=18228) Meshes count: 0
[18:00:21.331304] [Import] [info] (th=18228) Materials count: 0
[18:00:25.496377] [Import] [info] (th=18228) Importing from E:\!_WORK\GAMEdev\Manu\MyGame\GG\GREAT_export\GG_3_jump.fbx
[18:00:25.515543] [Import] [info] (th=18228) Imported scene tree:
name: "RootNode"

	name: "G_male_base_armature"
	
		name: "root_bone"
		
			name: "Hips"
			
				name: "spine"
				
					name: "chest_bottom"
					
						name: "chest"
						
							name: "neck"
							
								name: "Head"
								
									name: "braid1.L"
									
										name: "braid2.L"
										
											name: "braid3.L"
											
												name: "braid4.L"
												
									name: "braid1.R"
									
										name: "braid2.R"
										
											name: "braid3.R"
											
												name: "braid4.R"
												
									name: "eye.L"
									
									name: "eye.R"
									
							name: "shoulder.L"
							
								name: "arm.L"
								
									name: "forearm.L"
									
										name: "hand.L"
										
											name: "f_Thumb1.L"
											
												name: "f_Thumb2.L"
												
													name: "f_Thumb3.L"
													
											name: "f_Index1.L"
											
												name: "f_Index2.L"
												
													name: "f_Index3.L"
													
											name: "f_Middle1.L"
											
												name: "f_Middle2.L"
												
													name: "f_Middle3.L"
													
											name: "f_Ring1.L"
											
												name: "f_Ring2.L"
												
													name: "f_Ring3.L"
													
											name: "f_Pinky1.L"
											
												name: "f_Pinky2.L"
												
													name: "f_Pinky3.L"
													
							name: "shoulder.R"
							
								name: "arm.R"
								
									name: "forearm.R"
									
										name: "hand.R"
										
											name: "f_Thumb1.R"
											
												name: "f_Thumb2.R"
												
													name: "f_Thumb3.R"
													
											name: "f_Index1.R"
											
												name: "f_Index2.R"
												
													name: "f_Index3.R"
													
											name: "f_Middle1.R"
											
												name: "f_Middle2.R"
												
													name: "f_Middle3.R"
													
											name: "f_Ring1.R"
											
												name: "f_Ring2.R"
												
													name: "f_Ring3.R"
													
											name: "f_Pinky1.R"
											
												name: "f_Pinky2.R"
												
													name: "f_Pinky3.R"
													
				name: "leg_up.L"
				
					name: "leg.L"
					
						name: "foot.L"
						
							name: "toe.L"
							
				name: "leg_up.R"
				
					name: "leg.R"
					
						name: "foot.R"
						
							name: "toe.R"
							

[18:00:25.515590] [Import] [info] (th=18228) File loaded successfully
[18:00:25.515623] [Import] [info] (th=18228) Meshes count: 0
[18:00:25.515656] [Import] [info] (th=18228) Materials count: 0
