[14:49:28.186272] [Import] [info] (th=12956) Importing from E:\!_WORK\GAMEdev\Manu\MyGame\GG\GREAT_export\GG_push_walk.fbx
[14:49:28.210539] [Import] [info] (th=12956) Imported scene tree:
name: "RootNode"

	name: "G_male_base_armature"
	
		name: "root_bone"
		
			name: "Hips"
			
				name: "spine"
				
					name: "chest_bottom"
					
						name: "chest"
						
							name: "neck"
							
								name: "Head"
								
									name: "braid1.L"
									
										name: "braid2.L"
										
											name: "braid3.L"
											
												name: "braid4.L"
												
									name: "braid1.R"
									
										name: "braid2.R"
										
											name: "braid3.R"
											
												name: "braid4.R"
												
									name: "eye.L"
									
									name: "eye.R"
									
							name: "shoulder.L"
							
								name: "arm.L"
								
									name: "forearm.L"
									
										name: "hand.L"
										
											name: "f_Thumb1.L"
											
												name: "f_Thumb2.L"
												
													name: "f_Thumb3.L"
													
											name: "f_Index1.L"
											
												name: "f_Index2.L"
												
													name: "f_Index3.L"
													
											name: "f_Middle1.L"
											
												name: "f_Middle2.L"
												
													name: "f_Middle3.L"
													
											name: "f_Ring1.L"
											
												name: "f_Ring2.L"
												
													name: "f_Ring3.L"
													
											name: "f_Pinky1.L"
											
												name: "f_Pinky2.L"
												
													name: "f_Pinky3.L"
													
							name: "shoulder.R"
							
								name: "arm.R"
								
									name: "forearm.R"
									
										name: "hand.R"
										
											name: "f_Thumb1.R"
											
												name: "f_Thumb2.R"
												
													name: "f_Thumb3.R"
													
											name: "f_Index1.R"
											
												name: "f_Index2.R"
												
													name: "f_Index3.R"
													
											name: "f_Middle1.R"
											
												name: "f_Middle2.R"
												
													name: "f_Middle3.R"
													
											name: "f_Ring1.R"
											
												name: "f_Ring2.R"
												
													name: "f_Ring3.R"
													
											name: "f_Pinky1.R"
											
												name: "f_Pinky2.R"
												
													name: "f_Pinky3.R"
													
				name: "leg_up.L"
				
					name: "leg.L"
					
						name: "foot.L"
						
							name: "toe.L"
							
				name: "leg_up.R"
				
					name: "leg.R"
					
						name: "foot.R"
						
							name: "toe.R"
							

[14:49:28.210588] [Import] [info] (th=12956) File loaded successfully
[14:49:28.210625] [Import] [info] (th=12956) Meshes count: 0
[14:49:28.210663] [Import] [info] (th=12956) Materials count: 0
