[12:24:19.905882] [Import] [info] (th=14060) Log level for 'Import' set to 'info'
[12:24:19.906555] [Import] [info] (th=14060) Importing from D:\Users\Chris\Documents\ManuCollab\Ghost girl\Tender Placement.fbx
[12:24:19.955293] [Import] [info] (th=14060) Imported scene tree:
name: "RootNode"

	name: "Hips"
	
		name: "Spine"
		
			name: "Spine1"
			
				name: "Spine2"
				
					name: "Neck"
					
						name: "Head"
						
							name: "HeadTop_End"
							
					name: "LeftShoulder"
					
						name: "LeftArm"
						
							name: "LeftForeArm"
							
								name: "LeftHand"
								
									name: "LeftHandThumb1"
									
										name: "LeftHandThumb2"
										
											name: "LeftHandThumb3"
											
												name: "LeftHandThumb4"
												
									name: "LeftHandIndex1"
									
										name: "LeftHandIndex2"
										
											name: "LeftHandIndex3"
											
												name: "LeftHandIndex4"
												
									name: "LeftHandMiddle1"
									
										name: "LeftHandMiddle2"
										
											name: "LeftHandMiddle3"
											
												name: "LeftHandMiddle4"
												
									name: "LeftHandRing1"
									
										name: "LeftHandRing2"
										
											name: "LeftHandRing3"
											
												name: "LeftHandRing4"
												
									name: "LeftHandPinky1"
									
										name: "LeftHandPinky2"
										
											name: "LeftHandPinky3"
											
												name: "LeftHandPinky4"
												
					name: "RightShoulder"
					
						name: "RightArm"
						
							name: "RightForeArm"
							
								name: "RightHand"
								
									name: "RightHandThumb1"
									
										name: "RightHandThumb2"
										
											name: "RightHandThumb3"
											
												name: "RightHandThumb4"
												
									name: "RightHandIndex1"
									
										name: "RightHandIndex2"
										
											name: "RightHandIndex3"
											
												name: "RightHandIndex4"
												
									name: "RightHandMiddle1"
									
										name: "RightHandMiddle2"
										
											name: "RightHandMiddle3"
											
												name: "RightHandMiddle4"
												
									name: "RightHandRing1"
									
										name: "RightHandRing2"
										
											name: "RightHandRing3"
											
												name: "RightHandRing4"
												
									name: "RightHandPinky1"
									
										name: "RightHandPinky2"
										
											name: "RightHandPinky3"
											
												name: "RightHandPinky4"
												
		name: "LeftUpLeg"
		
			name: "LeftLeg"
			
				name: "LeftFoot"
				
					name: "LeftToeBase"
					
						name: "LeftToe_End"
						
		name: "RightUpLeg"
		
			name: "RightLeg"
			
				name: "RightFoot"
				
					name: "RightToeBase"
					
						name: "RightToe_End"
						

[12:24:19.955361] [Import] [info] (th=14060) File loaded successfully
[12:24:19.955487] [Import] [info] (th=14060) Meshes count: 0
[12:24:19.955542] [Import] [info] (th=14060) Materials count: 0
[12:30:09.086093] [Import] [info] (th=14060) Importing from D:\Users\Chris\Documents\ManuCollab\Ghost girl\Tender Placement.fbx
[12:30:09.122933] [Import] [info] (th=14060) Imported scene tree:
name: "RootNode"

	name: "Armature"
	
		name: "Hips"
		
			name: "Spine"
			
				name: "Spine1"
				
					name: "Spine2"
					
						name: "Neck"
						
							name: "Head"
							
								name: "HeadTop_End"
								
									name: "HeadTop_End_end"
									
						name: "LeftShoulder"
						
							name: "LeftArm"
							
								name: "LeftForeArm"
								
									name: "LeftHand"
									
										name: "LeftHandThumb1"
										
											name: "LeftHandThumb2"
											
												name: "LeftHandThumb3"
												
													name: "LeftHandThumb4"
													
														name: "LeftHandThumb4_end"
														
										name: "LeftHandIndex1"
										
											name: "LeftHandIndex2"
											
												name: "LeftHandIndex3"
												
													name: "LeftHandIndex4"
													
														name: "LeftHandIndex4_end"
														
										name: "LeftHandMiddle1"
										
											name: "LeftHandMiddle2"
											
												name: "LeftHandMiddle3"
												
													name: "LeftHandMiddle4"
													
														name: "LeftHandMiddle4_end"
														
										name: "LeftHandRing1"
										
											name: "LeftHandRing2"
											
												name: "LeftHandRing3"
												
													name: "LeftHandRing4"
													
														name: "LeftHandRing4_end"
														
										name: "LeftHandPinky1"
										
											name: "LeftHandPinky2"
											
												name: "LeftHandPinky3"
												
													name: "LeftHandPinky4"
													
														name: "LeftHandPinky4_end"
														
						name: "RightShoulder"
						
							name: "RightArm"
							
								name: "RightForeArm"
								
									name: "RightHand"
									
										name: "RightHandThumb1"
										
											name: "RightHandThumb2"
											
												name: "RightHandThumb3"
												
													name: "RightHandThumb4"
													
														name: "RightHandThumb4_end"
														
										name: "RightHandIndex1"
										
											name: "RightHandIndex2"
											
												name: "RightHandIndex3"
												
													name: "RightHandIndex4"
													
														name: "RightHandIndex4_end"
														
										name: "RightHandMiddle1"
										
											name: "RightHandMiddle2"
											
												name: "RightHandMiddle3"
												
													name: "RightHandMiddle4"
													
														name: "RightHandMiddle4_end"
														
										name: "RightHandRing1"
										
											name: "RightHandRing2"
											
												name: "RightHandRing3"
												
													name: "RightHandRing4"
													
														name: "RightHandRing4_end"
														
										name: "RightHandPinky1"
										
											name: "RightHandPinky2"
											
												name: "RightHandPinky3"
												
													name: "RightHandPinky4"
													
														name: "RightHandPinky4_end"
														
			name: "LeftUpLeg"
			
				name: "LeftLeg"
				
					name: "LeftFoot"
					
						name: "LeftToeBase"
						
							name: "LeftToe_End"
							
								name: "LeftToe_End_end"
								
			name: "RightUpLeg"
			
				name: "RightLeg"
				
					name: "RightFoot"
					
						name: "RightToeBase"
						
							name: "RightToe_End"
							
								name: "RightToe_End_end"
								

[12:30:09.123105] [Import] [info] (th=14060) File loaded successfully
[12:30:09.123180] [Import] [info] (th=14060) Meshes count: 0
[12:30:09.123248] [Import] [info] (th=14060) Materials count: 0
