[18:51:06.145063] [Import] [info] (th=6568) Log level for 'Import' set to 'info'
[18:51:06.145063] [Import] [info] (th=6568) Importing from E:\Users\Chris\Downloads\!Assets Manu\1. The Curse Assets\Animals by quaternius\Crow.fbx
[18:51:06.150063] [Import] [info] (th=6568) Imported scene tree:
name: "RootNode"

	name: "Sphere"
	numMeshes: 3
	 addr: "000000009042C050"
	 name: "Sphere.001"
	 numVertices: "480"
	 numFaces: "160"
	
	 addr: "0000000090428B30"
	 name: "Sphere.001"
	 numVertices: "708"
	 numFaces: "352"
	
	 addr: "000000009042C5A0"
	 name: "Sphere.001"
	 numVertices: "2198"
	 numFaces: "1078"
	
	

[18:51:06.150063] [Import] [info] (th=6568) File loaded successfully
[18:51:06.150063] [Import] [info] (th=6568) Meshes count: 3
[18:51:06.150063] [Import] [info] (th=6568) Materials count: 3
[18:51:06.150063] [Import] [info] (th=6568) Textures count (imported): 0
