[16:41:10.464086] [Import] [info] (th=18940) Log level for 'Import' set to 'info'
[16:41:10.553662] [Import] [info] (th=18940) Importing from E:\!_WORK\GAMEdev\Manu\MyGame\Scenes\Scene_Room3Stairs.fbx
[16:41:10.745839] [Import] [info] (th=18940) Imported scene tree:
name: "RootNode"

	name: "Helic"
	numMeshes: 1
	 addr: "000002CBCCFB6BD0"
	 name: "Plane.021"
	 numVertices: "2276"
	 numFaces: "2194"
	
	
	name: "Room3"
	numMeshes: 1
	 addr: "000002CBCCFB5690"
	 name: "Cube.169"
	 numVertices: "10709"
	 numFaces: "6129"
	
	
	name: "Bush1_nude.008"
	numMeshes: 2
	 addr: "000002CBCCFB7120"
	 name: "Plane.048"
	 numVertices: "624"
	 numFaces: "288"
	
	 addr: "000002CBCCFB7670"
	 name: "Plane.048"
	 numVertices: "522"
	 numFaces: "262"
	
	

[16:41:10.746416] [Import] [info] (th=18940) File loaded successfully
[16:41:10.746458] [Import] [info] (th=18940) Meshes count: 4
[16:41:10.746495] [Import] [info] (th=18940) Materials count: 4
[16:41:10.768521] [Import] [info] (th=18940) Textures count (imported): 3
[17:10:33.832644] [Import] [info] (th=18940) Importing from E:\!FOR_ASSETS\PROPS\Broken_Furniture\Сhandelier\bra.fbx
[17:10:33.875193] [Import] [info] (th=18940) Imported scene tree:
name: "RootNode"

	name: "Bra_handler"
	numMeshes: 1
	 addr: "000002CD74568210"
	 name: "Sphere.003"
	 numVertices: "1092"
	 numFaces: "1266"
	
	
		name: "Bra_plafon"
		numMeshes: 1
		 addr: "000002CD7456DC60"
		 name: "Sphere.004"
		 numVertices: "212"
		 numFaces: "288"
		
		
		name: "Bra_lamp"
		numMeshes: 1
		 addr: "000002CD74567CC0"
		 name: "Sphere.005"
		 numVertices: "53"
		 numFaces: "72"
		
		

[17:10:33.875242] [Import] [info] (th=18940) File loaded successfully
[17:10:33.875278] [Import] [info] (th=18940) Meshes count: 3
[17:10:33.875312] [Import] [info] (th=18940) Materials count: 2
[17:10:33.875695] [Import] [info] (th=18940) Textures count (imported): 2
