[18:36:19.430264] [Import] [info] (th=5604) Log level for 'Import' set to 'info'
[18:36:19.430264] [Import] [info] (th=5604) Importing from E:\Users\Chris\Downloads\!Assets Manu\1. The Curse Assets\Animals by quaternius\CrowNew.fbx
[18:36:19.518269] [Import] [info] (th=5604) Imported scene tree:
name: "RootNode"

	name: "BatArmature"
	
		name: "Root"
		
			name: "BodyRoot"
			
				name: "Body"
				
					name: "Neck"
					
						name: "Head"
						
							name: "Face"
							
								name: "Eyes"
								numMeshes: 1
								 addr: "0000000023CDBA00"
								 name: "Sphere.001"
								 numVertices: "140"
								 numFaces: "160"
								
								
								name: "Nose"
								
									name: "Nose_end"
									
					name: "Shoulder.L"
					
						name: "Wing1.L"
						
							name: "Wing2.L"
							
								name: "Wing3.L"
								
									name: "Wing4.L"
									
										name: "Wing4.L_end"
										
					name: "Shoulder.R"
					
						name: "Wing1.R"
						
							name: "Wing2.R"
							
								name: "Wing3.R"
								
									name: "Wing4.R"
									
										name: "Wing4.R_end"
										
				name: "UpperLeg.L"
				
					name: "LowerLeg.L"
					
						name: "Feet.L"
						
							name: "Feet.L_end"
							
				name: "UpperLeg.R"
				
					name: "LowerLeg.R"
					
						name: "Feet.R"
						
							name: "Feet.R_end"
							
	name: "Crow"
	numMeshes: 4
	 addr: "0000000023CDCF40"
	 name: "Sphere"
	 numVertices: "486"
	 numFaces: "386"
	
	 addr: "0000000023CDDF30"
	 name: "Sphere"
	 numVertices: "1376"
	 numFaces: "1322"
	
	 addr: "0000000023CDE9D0"
	 name: "Sphere"
	 numVertices: "68"
	 numFaces: "46"
	
	 addr: "0000000023CDEF20"
	 name: "Sphere"
	 numVertices: "7247"
	 numFaces: "3752"
	
	

[18:36:19.518269] [Import] [info] (th=5604) File loaded successfully
[18:36:19.518269] [Import] [info] (th=5604) Meshes count: 5
[18:36:19.518269] [Import] [info] (th=5604) Materials count: 5
[18:36:19.518269] [Import] [info] (th=5604) Textures count (imported): 0
