[11:27:19.989320] [Import] [info] (th=12828) Log level for 'Import' set to 'info'
[11:27:19.989443] [Import] [info] (th=12828) Importing from D:\Users\Chris\Documents\ManuCollab\Mother\DC_Placement_Mom.fbx
[11:27:20.049577] [Import] [info] (th=12828) Imported scene tree:
name: "RootNode"

	name: "Gretta_Armature"
	
		name: "pelvis"
		
			name: "spine01"
			
				name: "spine02"
				
					name: "spine03"
					
						name: "clavicle_L"
						
							name: "upperarm_L"
							
								name: "lowerarm_L"
								
									name: "hand_L"
									
										name: "thumb01_L"
										
											name: "thumb02_L"
											
												name: "thumb03_L"
												
													name: "thumb03_L_end"
													
										name: "index01_L"
										
											name: "index02_L"
											
												name: "index03_L"
												
													name: "index03_L_end"
													
										name: "middle01_L"
										
											name: "middle02_L"
											
												name: "middle03_L"
												
													name: "middle03_L_end"
													
										name: "ring01_L"
										
											name: "ring02_L"
											
												name: "ring03_L"
												
													name: "ring03_L_end"
													
										name: "pinky01_L"
										
											name: "pinky02_L"
											
												name: "pinky03_L"
												
													name: "pinky03_L_end"
													
						name: "clavicle_R"
						
							name: "upperarm_R"
							
								name: "lowerarm_R"
								
									name: "hand_R"
									
										name: "thumb01_R"
										
											name: "thumb02_R"
											
												name: "thumb03_R"
												
													name: "thumb03_R_end"
													
										name: "index01_R"
										
											name: "index02_R"
											
												name: "index03_R"
												
													name: "index03_R_end"
													
										name: "middle01_R"
										
											name: "middle02_R"
											
												name: "middle03_R"
												
													name: "middle03_R_end"
													
										name: "ring01_R"
										
											name: "ring02_R"
											
												name: "ring03_R"
												
													name: "ring03_R_end"
													
										name: "pinky01_R"
										
											name: "pinky02_R"
											
												name: "pinky03_R"
												
													name: "pinky03_R_end"
													
						name: "neck"
						
							name: "head2"
							
								name: "head2_end"
								
			name: "thigh_R"
			
				name: "calf_R"
				
					name: "foot_R"
					
						name: "toes_R"
						
							name: "toes_R_end"
							
			name: "thigh_L"
			
				name: "calf_L"
				
					name: "foot_L"
					
						name: "toes_L"
						
							name: "toes_L_end"
							

[11:27:20.049681] [Import] [info] (th=12828) File loaded successfully
[11:27:20.049811] [Import] [info] (th=12828) Meshes count: 0
[11:27:20.049877] [Import] [info] (th=12828) Materials count: 0
[11:58:34.271392] [Import] [info] (th=12828) Importing from D:\Users\Chris\Documents\ManuCollab\Mother\MIXAMO_Animations\Walking.fbx
[11:58:34.287242] [Import] [info] (th=12828) Imported scene tree:
name: "RootNode"

	name: "Gretta_Armature"
	
		name: "pelvis"
		
			name: "spine01"
			
				name: "spine02"
				
					name: "spine03"
					
						name: "clavicle_L"
						
							name: "upperarm_L"
							
								name: "lowerarm_L"
								
									name: "hand_L"
									
										name: "thumb01_L"
										
											name: "thumb02_L"
											
												name: "thumb03_L"
												
										name: "index01_L"
										
											name: "index02_L"
											
												name: "index03_L"
												
										name: "middle01_L"
										
											name: "middle02_L"
											
												name: "middle03_L"
												
										name: "ring01_L"
										
											name: "ring02_L"
											
												name: "ring03_L"
												
										name: "pinky01_L"
										
											name: "pinky02_L"
											
												name: "pinky03_L"
												
						name: "clavicle_R"
						
							name: "upperarm_R"
							
								name: "lowerarm_R"
								
									name: "hand_R"
									
										name: "thumb01_R"
										
											name: "thumb02_R"
											
												name: "thumb03_R"
												
										name: "index01_R"
										
											name: "index02_R"
											
												name: "index03_R"
												
										name: "middle01_R"
										
											name: "middle02_R"
											
												name: "middle03_R"
												
										name: "ring01_R"
										
											name: "ring02_R"
											
												name: "ring03_R"
												
										name: "pinky01_R"
										
											name: "pinky02_R"
											
												name: "pinky03_R"
												
						name: "neck"
						
							name: "head2"
							
			name: "thigh_R"
			
				name: "calf_R"
				
					name: "foot_R"
					
						name: "toes_R"
						
			name: "thigh_L"
			
				name: "calf_L"
				
					name: "foot_L"
					
						name: "toes_L"
						

[11:58:34.287329] [Import] [info] (th=12828) File loaded successfully
[11:58:34.287405] [Import] [info] (th=12828) Meshes count: 0
[11:58:34.287471] [Import] [info] (th=12828) Materials count: 0
[11:59:23.511662] [Import] [info] (th=12828) Importing from D:\Users\Chris\Documents\ManuCollab\Mother\MIXAMO_Animations\Walking.fbx
[11:59:23.527517] [Import] [info] (th=12828) Imported scene tree:
name: "RootNode"

	name: "Gretta_Armature"
	
		name: "pelvis"
		
			name: "spine01"
			
				name: "spine02"
				
					name: "spine03"
					
						name: "clavicle_L"
						
							name: "upperarm_L"
							
								name: "lowerarm_L"
								
									name: "hand_L"
									
										name: "thumb01_L"
										
											name: "thumb02_L"
											
												name: "thumb03_L"
												
										name: "index01_L"
										
											name: "index02_L"
											
												name: "index03_L"
												
										name: "middle01_L"
										
											name: "middle02_L"
											
												name: "middle03_L"
												
										name: "ring01_L"
										
											name: "ring02_L"
											
												name: "ring03_L"
												
										name: "pinky01_L"
										
											name: "pinky02_L"
											
												name: "pinky03_L"
												
						name: "clavicle_R"
						
							name: "upperarm_R"
							
								name: "lowerarm_R"
								
									name: "hand_R"
									
										name: "thumb01_R"
										
											name: "thumb02_R"
											
												name: "thumb03_R"
												
										name: "index01_R"
										
											name: "index02_R"
											
												name: "index03_R"
												
										name: "middle01_R"
										
											name: "middle02_R"
											
												name: "middle03_R"
												
										name: "ring01_R"
										
											name: "ring02_R"
											
												name: "ring03_R"
												
										name: "pinky01_R"
										
											name: "pinky02_R"
											
												name: "pinky03_R"
												
						name: "neck"
						
							name: "head2"
							
			name: "thigh_R"
			
				name: "calf_R"
				
					name: "foot_R"
					
						name: "toes_R"
						
			name: "thigh_L"
			
				name: "calf_L"
				
					name: "foot_L"
					
						name: "toes_L"
						

[11:59:23.527603] [Import] [info] (th=12828) File loaded successfully
[11:59:23.527673] [Import] [info] (th=12828) Meshes count: 0
[11:59:23.527741] [Import] [info] (th=12828) Materials count: 0
[12:39:14.531354] [Import] [info] (th=12828) Importing from D:\Users\Chris\Documents\ManuCollab\3D assets\dreamcatcher.fbx
[12:39:14.539493] [Import] [info] (th=12828) Imported scene tree:
name: "RootNode"

	name: "Main"
	numMeshes: 2
	 addr: "000001698B27D020"
	 name: "Cylinder"
	 numVertices: "1012"
	 numFaces: "950"
	
	 addr: "000001698B27B590"
	 name: "Cylinder"
	 numVertices: "64"
	 numFaces: "56"
	
	

[12:39:14.539664] [Import] [info] (th=12828) File loaded successfully
[12:39:14.539742] [Import] [info] (th=12828) Meshes count: 2
[12:39:14.539810] [Import] [info] (th=12828) Materials count: 2
[12:39:14.558221] [Import] [info] (th=12828) Textures count (imported): 1
