[17:17:21.227098] [Import] [info] (th=24492) Log level for 'Import' set to 'info'
[17:17:21.227208] [Import] [info] (th=24492) Importing from D:\Users\Chris\Documents\ManuCollab\3D assets\river boat.fbx
[17:17:21.236814] [Import] [info] (th=24492) Imported scene tree:
name: "RootNode"

	name: "Sphere"
	numMeshes: 1
	 addr: "0000015248EAC570"
	 name: "Sphere"
	 numVertices: "341"
	 numFaces: "302"
	
	

[17:17:21.236884] [Import] [info] (th=24492) File loaded successfully
[17:17:21.236945] [Import] [info] (th=24492) Meshes count: 1
[17:17:21.237008] [Import] [info] (th=24492) Materials count: 1
[17:17:21.237917] [Import] [info] (th=24492) Textures count (imported): 1
[17:23:00.193640] [Import] [info] (th=24492) Importing from D:\Users\Chris\Documents\ManuCollab\3D assets\river boat.fbx
[17:23:00.196861] [Import] [info] (th=24492) Imported scene tree:
name: "RootNode"

	name: "Sphere"
	numMeshes: 1
	 addr: "0000015248EAFA90"
	 name: "Sphere"
	 numVertices: "341"
	 numFaces: "302"
	
	

[17:23:00.196923] [Import] [info] (th=24492) File loaded successfully
[17:23:00.196978] [Import] [info] (th=24492) Meshes count: 1
[17:23:00.197031] [Import] [info] (th=24492) Materials count: 1
[17:23:00.197303] [Import] [info] (th=24492) Textures count (imported): 1
[17:25:56.438995] [Import] [info] (th=24492) Importing from D:\Users\Chris\Documents\ManuCollab\3D assets\river boat.fbx
[17:25:56.442049] [Import] [info] (th=24492) Imported scene tree:
name: "RootNode"

	name: "Sphere"
	numMeshes: 1
	 addr: "0000015248EA8060"
	 name: "Sphere"
	 numVertices: "341"
	 numFaces: "302"
	
	

[17:25:56.442125] [Import] [info] (th=24492) File loaded successfully
[17:25:56.442180] [Import] [info] (th=24492) Meshes count: 1
[17:25:56.442236] [Import] [info] (th=24492) Materials count: 1
[17:25:56.442501] [Import] [info] (th=24492) Textures count (imported): 1
[17:28:18.339297] [Import] [info] (th=24492) Importing from D:\Users\Chris\Documents\ManuCollab\3D assets\river boat.fbx
[17:28:18.342544] [Import] [info] (th=24492) Imported scene tree:
name: "RootNode"

	name: "Sphere"
	numMeshes: 1
	 addr: "0000015248EB0FD0"
	 name: "Sphere"
	 numVertices: "339"
	 numFaces: "302"
	
	

[17:28:18.342610] [Import] [info] (th=24492) File loaded successfully
[17:28:18.342664] [Import] [info] (th=24492) Meshes count: 1
[17:28:18.342717] [Import] [info] (th=24492) Materials count: 1
[17:28:18.342991] [Import] [info] (th=24492) Textures count (imported): 1
