[10:46:34.487554] [Import] [info] (th=14744) Log level for 'Import' set to 'info'
[10:46:34.488662] [Import] [info] (th=14744) Importing from D:\Users\Chris\Documents\ManuCollab\3D assets\DarkFrame.fbx
[10:46:34.513482] [Import] [info] (th=14744) Imported scene tree:
name: "RootNode"

	name: "Scene_BLACK"
	numMeshes: 1
	 addr: "000001B51CBFCCA0"
	 name: "Cube.168"
	 numVertices: "387"
	 numFaces: "214"
	
	
	name: "Scene_BLACK.001"
	numMeshes: 1
	 addr: "000001B51CBFE1E0"
	 name: "Cube.002"
	 numVertices: "345"
	 numFaces: "185"
	
	

[10:46:34.513558] [Import] [info] (th=14744) File loaded successfully
[10:46:34.513617] [Import] [info] (th=14744) Meshes count: 2
[10:46:34.513683] [Import] [info] (th=14744) Materials count: 1
[10:46:34.516533] [Import] [info] (th=14744) Textures count (imported): 0
[11:00:25.803166] [Import] [info] (th=14744) Importing from D:\Users\Chris\Documents\ManuCollab\3D assets\DarkFrame2.fbx
[11:00:25.805899] [Import] [info] (th=14744) Imported scene tree:
name: "RootNode"

	name: "Scene_BLACK"
	numMeshes: 1
	 addr: "000001B51B05BF50"
	 name: "Cube.168"
	 numVertices: "393"
	 numFaces: "214"
	
	

[11:00:25.805966] [Import] [info] (th=14744) File loaded successfully
[11:00:25.806022] [Import] [info] (th=14744) Meshes count: 1
[11:00:25.806077] [Import] [info] (th=14744) Materials count: 1
[11:00:25.806238] [Import] [info] (th=14744) Textures count (imported): 0
