[10:28:15.466197] [Import] [info] (th=17112) Log level for 'Import' set to 'info'
[10:28:15.466441] [Import] [info] (th=17112) Importing from E:\!_WORK\GAMEdev\Manu\MyGame\Scenes\Scene_Bath.fbx
[10:28:15.540565] [Import] [info] (th=17112) Imported scene tree:
name: "RootNode"

	name: "Scene_Bath.001"
	numMeshes: 1
	 addr: "000001A120EBA530"
	 name: "Cube.070"
	 numVertices: "146"
	 numFaces: "150"
	
	

[10:28:15.540609] [Import] [info] (th=17112) File loaded successfully
[10:28:15.540644] [Import] [info] (th=17112) Meshes count: 1
[10:28:15.540678] [Import] [info] (th=17112) Materials count: 1
[10:28:15.540835] [Import] [warning] (th=17112) It seems that scene structure is different
[10:28:56.141985] [Import] [info] (th=17112) Importing from E:\!_WORK\GAMEdev\Manu\MyGame\Scenes\Scene_Bath2.fbx
[10:28:56.144797] [Import] [info] (th=17112) Imported scene tree:
name: "RootNode"

	name: "Scene_Bath"
	numMeshes: 1
	 addr: "000001A29273C050"
	 name: "Cube.094"
	 numVertices: "1250"
	 numFaces: "674"
	
	

[10:28:56.144839] [Import] [info] (th=17112) File loaded successfully
[10:28:56.144876] [Import] [info] (th=17112) Meshes count: 1
[10:28:56.144915] [Import] [info] (th=17112) Materials count: 1
[10:28:56.145559] [Import] [info] (th=17112) Textures count (imported): 1
