[15:05:19.920774] [Import] [info] (th=972) Log level for 'Import' set to 'info'
[15:05:19.921744] [Import] [info] (th=972) Importing from D:\Users\Chris\Documents\ManuCollab\3D assets\Mary Extra Environment .fbx
[15:05:19.994181] [Import] [info] (th=972) Imported scene tree:
name: "RootNode"

	name: "RockGround_3_LP.001"
	numMeshes: 3
	 addr: "0000023D2281ED90"
	 name: "Cube.006"
	 numVertices: "3191"
	 numFaces: "3437"
	
	 addr: "0000023D22821810"
	 name: "Cube.006"
	 numVertices: "815"
	 numFaces: "903"
	
	 addr: "0000023D22820820"
	 name: "Cube.006"
	 numVertices: "4908"
	 numFaces: "3598"
	
	
	name: "Cube.001"
	numMeshes: 1
	 addr: "0000023D22820D70"
	 name: "Cube.010"
	 numVertices: "10080"
	 numFaces: "6336"
	
	
	name: "RockGround_3_LP.003"
	numMeshes: 1
	 addr: "0000023D228222B0"
	 name: "Cube.011"
	 numVertices: "3009"
	 numFaces: "3260"
	
	

[15:05:19.994342] [Import] [info] (th=972) File loaded successfully
[15:05:19.994403] [Import] [info] (th=972) Meshes count: 5
[15:05:19.994465] [Import] [info] (th=972) Materials count: 5
[15:05:19.997304] [Import] [warning] (th=972) Texture not found: D:\Users\Chris\Documents\ManuCollab\GGG_animations_for_Game2.blend\Scene3\RockGround_3_n.png
[15:05:19.997614] [Import] [warning] (th=972) Texture not found: D:\Users\Chris\Documents\ManuCollab\GGG_animations_for_Game2.blend\Scene3\RockGround_3_n.png
[15:05:19.997883] [Import] [warning] (th=972) Texture not found: D:\Users\Chris\Documents\ManuCollab\GGG_animations_for_Game2.blend\Scene3\RockGround_2_n.png
[15:05:19.999155] [Import] [warning] (th=972) Texture not found: D:\Users\Chris\Documents\ManuCollab\GGG_animations_for_Game2.blend\Scene3\RockGround_3_n.png
[15:05:19.999231] [Import] [info] (th=972) Textures count (imported): 1
