[11:16:06.937095] [Import] [info] (th=21316) Importing from E:\!_WORK\GAMEdev\Manu\MyGame\GG\GREAT_export\GG_3_jump.fbx
[11:16:06.959785] [Import] [info] (th=21316) Imported scene tree:
name: "RootNode"

	name: "G_male_base_armature"
	
		name: "root_bone"
		
			name: "Hips"
			
				name: "spine"
				
					name: "chest_bottom"
					
						name: "chest"
						
							name: "neck"
							
								name: "Head"
								
									name: "braid1.L"
									
										name: "braid2.L"
										
											name: "braid3.L"
											
												name: "braid4.L"
												
									name: "braid1.R"
									
										name: "braid2.R"
										
											name: "braid3.R"
											
												name: "braid4.R"
												
									name: "eye.L"
									
									name: "eye.R"
									
							name: "shoulder.L"
							
								name: "arm.L"
								
									name: "forearm.L"
									
										name: "hand.L"
										
											name: "f_Thumb1.L"
											
												name: "f_Thumb2.L"
												
													name: "f_Thumb3.L"
													
											name: "f_Index1.L"
											
												name: "f_Index2.L"
												
													name: "f_Index3.L"
													
											name: "f_Middle1.L"
											
												name: "f_Middle2.L"
												
													name: "f_Middle3.L"
													
											name: "f_Ring1.L"
											
												name: "f_Ring2.L"
												
													name: "f_Ring3.L"
													
											name: "f_Pinky1.L"
											
												name: "f_Pinky2.L"
												
													name: "f_Pinky3.L"
													
							name: "shoulder.R"
							
								name: "arm.R"
								
									name: "forearm.R"
									
										name: "hand.R"
										
											name: "f_Thumb1.R"
											
												name: "f_Thumb2.R"
												
													name: "f_Thumb3.R"
													
											name: "f_Index1.R"
											
												name: "f_Index2.R"
												
													name: "f_Index3.R"
													
											name: "f_Middle1.R"
											
												name: "f_Middle2.R"
												
													name: "f_Middle3.R"
													
											name: "f_Ring1.R"
											
												name: "f_Ring2.R"
												
													name: "f_Ring3.R"
													
											name: "f_Pinky1.R"
											
												name: "f_Pinky2.R"
												
													name: "f_Pinky3.R"
													
				name: "leg_up.L"
				
					name: "leg.L"
					
						name: "foot.L"
						
							name: "toe.L"
							
				name: "leg_up.R"
				
					name: "leg.R"
					
						name: "foot.R"
						
							name: "toe.R"
							

[11:16:06.959839] [Import] [info] (th=21316) File loaded successfully
[11:16:06.959876] [Import] [info] (th=21316) Meshes count: 0
[11:16:06.959912] [Import] [info] (th=21316) Materials count: 0
[11:33:59.682967] [Import] [info] (th=21316) Importing from E:\!_WORK\GAMEdev\Manu\MyGame\Scenes\Scene_BlackBody.fbx
[11:33:59.685084] [Import] [info] (th=21316) Imported scene tree:
name: "RootNode"

	name: "Scene_BLACK"
	numMeshes: 1
	 addr: "00000189A75B7570"
	 name: "Cube.001"
	 numVertices: "603"
	 numFaces: "327"
	
	

[11:33:59.685124] [Import] [info] (th=21316) File loaded successfully
[11:33:59.685163] [Import] [info] (th=21316) Meshes count: 1
[11:33:59.685205] [Import] [info] (th=21316) Materials count: 1
[11:33:59.698950] [Import] [warning] (th=21316) It seems that scene structure is different
[11:34:46.724678] [Import] [info] (th=21316) Importing from E:\!_WORK\GAMEdev\Manu\MyGame\Scenes\Scene_BlackBody.fbx
[11:34:46.726814] [Import] [info] (th=21316) Imported scene tree:
name: "RootNode"

	name: "Scene_BLACK"
	numMeshes: 1
	 addr: "00000189A75B8560"
	 name: "Cube.001"
	 numVertices: "596"
	 numFaces: "327"
	
	

[11:34:46.726854] [Import] [info] (th=21316) File loaded successfully
[11:34:46.726889] [Import] [info] (th=21316) Meshes count: 1
[11:34:46.726931] [Import] [info] (th=21316) Materials count: 1
[11:34:46.727101] [Import] [warning] (th=21316) It seems that scene structure is different
[11:35:04.728608] [Import] [info] (th=21316) Importing from E:\!_WORK\GAMEdev\Manu\MyGame\Scenes\Scene_BlackBody.fbx
[11:35:04.730706] [Import] [info] (th=21316) Imported scene tree:
name: "RootNode"

	name: "Scene_BLACK"
	numMeshes: 1
	 addr: "00000189A75BB530"
	 name: "Cube.001"
	 numVertices: "590"
	 numFaces: "327"
	
	

[11:35:04.730751] [Import] [info] (th=21316) File loaded successfully
[11:35:04.730790] [Import] [info] (th=21316) Meshes count: 1
[11:35:04.730831] [Import] [info] (th=21316) Materials count: 1
[11:35:04.731007] [Import] [warning] (th=21316) It seems that scene structure is different
[11:39:20.490051] [Import] [info] (th=21316) Importing from E:\!_WORK\GAMEdev\Manu\MyGame\GG\GREAT_export\GG_2_run.fbx
[11:39:20.513623] [Import] [info] (th=21316) Imported scene tree:
name: "RootNode"

	name: "G_male_base_armature"
	
		name: "root_bone"
		
			name: "Hips"
			
				name: "spine"
				
					name: "chest_bottom"
					
						name: "chest"
						
							name: "neck"
							
								name: "Head"
								
									name: "braid1.L"
									
										name: "braid2.L"
										
											name: "braid3.L"
											
												name: "braid4.L"
												
									name: "braid1.R"
									
										name: "braid2.R"
										
											name: "braid3.R"
											
												name: "braid4.R"
												
									name: "eye.L"
									
									name: "eye.R"
									
							name: "shoulder.L"
							
								name: "arm.L"
								
									name: "forearm.L"
									
										name: "hand.L"
										
											name: "f_Thumb1.L"
											
												name: "f_Thumb2.L"
												
													name: "f_Thumb3.L"
													
											name: "f_Index1.L"
											
												name: "f_Index2.L"
												
													name: "f_Index3.L"
													
											name: "f_Middle1.L"
											
												name: "f_Middle2.L"
												
													name: "f_Middle3.L"
													
											name: "f_Ring1.L"
											
												name: "f_Ring2.L"
												
													name: "f_Ring3.L"
													
											name: "f_Pinky1.L"
											
												name: "f_Pinky2.L"
												
													name: "f_Pinky3.L"
													
							name: "shoulder.R"
							
								name: "arm.R"
								
									name: "forearm.R"
									
										name: "hand.R"
										
											name: "f_Thumb1.R"
											
												name: "f_Thumb2.R"
												
													name: "f_Thumb3.R"
													
											name: "f_Index1.R"
											
												name: "f_Index2.R"
												
													name: "f_Index3.R"
													
											name: "f_Middle1.R"
											
												name: "f_Middle2.R"
												
													name: "f_Middle3.R"
													
											name: "f_Ring1.R"
											
												name: "f_Ring2.R"
												
													name: "f_Ring3.R"
													
											name: "f_Pinky1.R"
											
												name: "f_Pinky2.R"
												
													name: "f_Pinky3.R"
													
				name: "leg_up.L"
				
					name: "leg.L"
					
						name: "foot.L"
						
							name: "toe.L"
							
				name: "leg_up.R"
				
					name: "leg.R"
					
						name: "foot.R"
						
							name: "toe.R"
							

[11:39:20.513674] [Import] [info] (th=21316) File loaded successfully
[11:39:20.513713] [Import] [info] (th=21316) Meshes count: 0
[11:39:20.513751] [Import] [info] (th=21316) Materials count: 0
[11:41:21.280719] [Import] [info] (th=21316) Importing from E:\!_WORK\GAMEdev\Manu\MyGame\GG\GREAT_export\GG_2_run.fbx
[11:41:21.307195] [Import] [info] (th=21316) Imported scene tree:
name: "RootNode"

	name: "G_male_base_armature"
	
		name: "root_bone"
		
			name: "Hips"
			
				name: "spine"
				
					name: "chest_bottom"
					
						name: "chest"
						
							name: "neck"
							
								name: "Head"
								
									name: "braid1.L"
									
										name: "braid2.L"
										
											name: "braid3.L"
											
												name: "braid4.L"
												
									name: "braid1.R"
									
										name: "braid2.R"
										
											name: "braid3.R"
											
												name: "braid4.R"
												
									name: "eye.L"
									
									name: "eye.R"
									
							name: "shoulder.L"
							
								name: "arm.L"
								
									name: "forearm.L"
									
										name: "hand.L"
										
											name: "f_Thumb1.L"
											
												name: "f_Thumb2.L"
												
													name: "f_Thumb3.L"
													
											name: "f_Index1.L"
											
												name: "f_Index2.L"
												
													name: "f_Index3.L"
													
											name: "f_Middle1.L"
											
												name: "f_Middle2.L"
												
													name: "f_Middle3.L"
													
											name: "f_Ring1.L"
											
												name: "f_Ring2.L"
												
													name: "f_Ring3.L"
													
											name: "f_Pinky1.L"
											
												name: "f_Pinky2.L"
												
													name: "f_Pinky3.L"
													
							name: "shoulder.R"
							
								name: "arm.R"
								
									name: "forearm.R"
									
										name: "hand.R"
										
											name: "f_Thumb1.R"
											
												name: "f_Thumb2.R"
												
													name: "f_Thumb3.R"
													
											name: "f_Index1.R"
											
												name: "f_Index2.R"
												
													name: "f_Index3.R"
													
											name: "f_Middle1.R"
											
												name: "f_Middle2.R"
												
													name: "f_Middle3.R"
													
											name: "f_Ring1.R"
											
												name: "f_Ring2.R"
												
													name: "f_Ring3.R"
													
											name: "f_Pinky1.R"
											
												name: "f_Pinky2.R"
												
													name: "f_Pinky3.R"
													
				name: "leg_up.L"
				
					name: "leg.L"
					
						name: "foot.L"
						
							name: "toe.L"
							
				name: "leg_up.R"
				
					name: "leg.R"
					
						name: "foot.R"
						
							name: "toe.R"
							

[11:41:21.307253] [Import] [info] (th=21316) File loaded successfully
[11:41:21.307295] [Import] [info] (th=21316) Meshes count: 0
[11:41:21.307335] [Import] [info] (th=21316) Materials count: 0
[11:47:24.748460] [Import] [info] (th=21316) Importing from E:\!_WORK\GAMEdev\Manu\MyGame\GG\GREAT_export\GG_2_run.fbx
[11:47:24.774346] [Import] [info] (th=21316) Imported scene tree:
name: "RootNode"

	name: "G_male_base_armature"
	
		name: "root_bone"
		
			name: "Hips"
			
				name: "spine"
				
					name: "chest_bottom"
					
						name: "chest"
						
							name: "neck"
							
								name: "Head"
								
									name: "braid1.L"
									
										name: "braid2.L"
										
											name: "braid3.L"
											
												name: "braid4.L"
												
									name: "braid1.R"
									
										name: "braid2.R"
										
											name: "braid3.R"
											
												name: "braid4.R"
												
									name: "eye.L"
									
									name: "eye.R"
									
							name: "shoulder.L"
							
								name: "arm.L"
								
									name: "forearm.L"
									
										name: "hand.L"
										
											name: "f_Thumb1.L"
											
												name: "f_Thumb2.L"
												
													name: "f_Thumb3.L"
													
											name: "f_Index1.L"
											
												name: "f_Index2.L"
												
													name: "f_Index3.L"
													
											name: "f_Middle1.L"
											
												name: "f_Middle2.L"
												
													name: "f_Middle3.L"
													
											name: "f_Ring1.L"
											
												name: "f_Ring2.L"
												
													name: "f_Ring3.L"
													
											name: "f_Pinky1.L"
											
												name: "f_Pinky2.L"
												
													name: "f_Pinky3.L"
													
							name: "shoulder.R"
							
								name: "arm.R"
								
									name: "forearm.R"
									
										name: "hand.R"
										
											name: "f_Thumb1.R"
											
												name: "f_Thumb2.R"
												
													name: "f_Thumb3.R"
													
											name: "f_Index1.R"
											
												name: "f_Index2.R"
												
													name: "f_Index3.R"
													
											name: "f_Middle1.R"
											
												name: "f_Middle2.R"
												
													name: "f_Middle3.R"
													
											name: "f_Ring1.R"
											
												name: "f_Ring2.R"
												
													name: "f_Ring3.R"
													
											name: "f_Pinky1.R"
											
												name: "f_Pinky2.R"
												
													name: "f_Pinky3.R"
													
				name: "leg_up.L"
				
					name: "leg.L"
					
						name: "foot.L"
						
							name: "toe.L"
							
				name: "leg_up.R"
				
					name: "leg.R"
					
						name: "foot.R"
						
							name: "toe.R"
							

[11:47:24.774393] [Import] [info] (th=21316) File loaded successfully
[11:47:24.774428] [Import] [info] (th=21316) Meshes count: 0
[11:47:24.774465] [Import] [info] (th=21316) Materials count: 0
[11:54:52.937784] [Import] [info] (th=21316) Importing from E:\!_WORK\GAMEdev\Manu\MyGame\GG\GREAT_export\GG_2_run.fbx
[11:54:52.958972] [Import] [info] (th=21316) Imported scene tree:
name: "RootNode"

	name: "G_male_base_armature"
	
		name: "root_bone"
		
			name: "Hips"
			
				name: "spine"
				
					name: "chest_bottom"
					
						name: "chest"
						
							name: "neck"
							
								name: "Head"
								
									name: "braid1.L"
									
										name: "braid2.L"
										
											name: "braid3.L"
											
												name: "braid4.L"
												
									name: "braid1.R"
									
										name: "braid2.R"
										
											name: "braid3.R"
											
												name: "braid4.R"
												
									name: "eye.L"
									
									name: "eye.R"
									
							name: "shoulder.L"
							
								name: "arm.L"
								
									name: "forearm.L"
									
										name: "hand.L"
										
											name: "f_Thumb1.L"
											
												name: "f_Thumb2.L"
												
													name: "f_Thumb3.L"
													
											name: "f_Index1.L"
											
												name: "f_Index2.L"
												
													name: "f_Index3.L"
													
											name: "f_Middle1.L"
											
												name: "f_Middle2.L"
												
													name: "f_Middle3.L"
													
											name: "f_Ring1.L"
											
												name: "f_Ring2.L"
												
													name: "f_Ring3.L"
													
											name: "f_Pinky1.L"
											
												name: "f_Pinky2.L"
												
													name: "f_Pinky3.L"
													
							name: "shoulder.R"
							
								name: "arm.R"
								
									name: "forearm.R"
									
										name: "hand.R"
										
											name: "f_Thumb1.R"
											
												name: "f_Thumb2.R"
												
													name: "f_Thumb3.R"
													
											name: "f_Index1.R"
											
												name: "f_Index2.R"
												
													name: "f_Index3.R"
													
											name: "f_Middle1.R"
											
												name: "f_Middle2.R"
												
													name: "f_Middle3.R"
													
											name: "f_Ring1.R"
											
												name: "f_Ring2.R"
												
													name: "f_Ring3.R"
													
											name: "f_Pinky1.R"
											
												name: "f_Pinky2.R"
												
													name: "f_Pinky3.R"
													
				name: "leg_up.L"
				
					name: "leg.L"
					
						name: "foot.L"
						
							name: "toe.L"
							
				name: "leg_up.R"
				
					name: "leg.R"
					
						name: "foot.R"
						
							name: "toe.R"
							

[11:54:52.959098] [Import] [info] (th=21316) File loaded successfully
[11:54:52.959142] [Import] [info] (th=21316) Meshes count: 0
[11:54:52.959181] [Import] [info] (th=21316) Materials count: 0
[11:55:03.504370] [Import] [info] (th=21316) Importing from E:\!_WORK\GAMEdev\Manu\MyGame\GG\GREAT_export\GG_2_run.fbx
[11:55:03.526613] [Import] [info] (th=21316) Imported scene tree:
name: "RootNode"

	name: "G_male_base_armature"
	
		name: "root_bone"
		
			name: "Hips"
			
				name: "spine"
				
					name: "chest_bottom"
					
						name: "chest"
						
							name: "neck"
							
								name: "Head"
								
									name: "braid1.L"
									
										name: "braid2.L"
										
											name: "braid3.L"
											
												name: "braid4.L"
												
									name: "braid1.R"
									
										name: "braid2.R"
										
											name: "braid3.R"
											
												name: "braid4.R"
												
									name: "eye.L"
									
									name: "eye.R"
									
							name: "shoulder.L"
							
								name: "arm.L"
								
									name: "forearm.L"
									
										name: "hand.L"
										
											name: "f_Thumb1.L"
											
												name: "f_Thumb2.L"
												
													name: "f_Thumb3.L"
													
											name: "f_Index1.L"
											
												name: "f_Index2.L"
												
													name: "f_Index3.L"
													
											name: "f_Middle1.L"
											
												name: "f_Middle2.L"
												
													name: "f_Middle3.L"
													
											name: "f_Ring1.L"
											
												name: "f_Ring2.L"
												
													name: "f_Ring3.L"
													
											name: "f_Pinky1.L"
											
												name: "f_Pinky2.L"
												
													name: "f_Pinky3.L"
													
							name: "shoulder.R"
							
								name: "arm.R"
								
									name: "forearm.R"
									
										name: "hand.R"
										
											name: "f_Thumb1.R"
											
												name: "f_Thumb2.R"
												
													name: "f_Thumb3.R"
													
											name: "f_Index1.R"
											
												name: "f_Index2.R"
												
													name: "f_Index3.R"
													
											name: "f_Middle1.R"
											
												name: "f_Middle2.R"
												
													name: "f_Middle3.R"
													
											name: "f_Ring1.R"
											
												name: "f_Ring2.R"
												
													name: "f_Ring3.R"
													
											name: "f_Pinky1.R"
											
												name: "f_Pinky2.R"
												
													name: "f_Pinky3.R"
													
				name: "leg_up.L"
				
					name: "leg.L"
					
						name: "foot.L"
						
							name: "toe.L"
							
				name: "leg_up.R"
				
					name: "leg.R"
					
						name: "foot.R"
						
							name: "toe.R"
							

[11:55:03.526663] [Import] [info] (th=21316) File loaded successfully
[11:55:03.526701] [Import] [info] (th=21316) Meshes count: 0
[11:55:03.526741] [Import] [info] (th=21316) Materials count: 0
[11:58:18.290357] [Import] [info] (th=21316) Importing from E:\!_WORK\GAMEdev\Manu\MyGame\GG\GREAT_export\GG_2_run.fbx
[11:58:18.320214] [Import] [info] (th=21316) Imported scene tree:
name: "RootNode"

	name: "G_male_base_armature"
	
		name: "root_bone"
		
			name: "Hips"
			
				name: "spine"
				
					name: "chest_bottom"
					
						name: "chest"
						
							name: "neck"
							
								name: "Head"
								
									name: "braid1.L"
									
										name: "braid2.L"
										
											name: "braid3.L"
											
												name: "braid4.L"
												
									name: "braid1.R"
									
										name: "braid2.R"
										
											name: "braid3.R"
											
												name: "braid4.R"
												
									name: "eye.L"
									
									name: "eye.R"
									
							name: "shoulder.L"
							
								name: "arm.L"
								
									name: "forearm.L"
									
										name: "hand.L"
										
											name: "f_Thumb1.L"
											
												name: "f_Thumb2.L"
												
													name: "f_Thumb3.L"
													
											name: "f_Index1.L"
											
												name: "f_Index2.L"
												
													name: "f_Index3.L"
													
											name: "f_Middle1.L"
											
												name: "f_Middle2.L"
												
													name: "f_Middle3.L"
													
											name: "f_Ring1.L"
											
												name: "f_Ring2.L"
												
													name: "f_Ring3.L"
													
											name: "f_Pinky1.L"
											
												name: "f_Pinky2.L"
												
													name: "f_Pinky3.L"
													
							name: "shoulder.R"
							
								name: "arm.R"
								
									name: "forearm.R"
									
										name: "hand.R"
										
											name: "f_Thumb1.R"
											
												name: "f_Thumb2.R"
												
													name: "f_Thumb3.R"
													
											name: "f_Index1.R"
											
												name: "f_Index2.R"
												
													name: "f_Index3.R"
													
											name: "f_Middle1.R"
											
												name: "f_Middle2.R"
												
													name: "f_Middle3.R"
													
											name: "f_Ring1.R"
											
												name: "f_Ring2.R"
												
													name: "f_Ring3.R"
													
											name: "f_Pinky1.R"
											
												name: "f_Pinky2.R"
												
													name: "f_Pinky3.R"
													
				name: "leg_up.L"
				
					name: "leg.L"
					
						name: "foot.L"
						
							name: "toe.L"
							
				name: "leg_up.R"
				
					name: "leg.R"
					
						name: "foot.R"
						
							name: "toe.R"
							

[11:58:18.320260] [Import] [info] (th=21316) File loaded successfully
[11:58:18.320295] [Import] [info] (th=21316) Meshes count: 0
[11:58:18.320329] [Import] [info] (th=21316) Materials count: 0
[12:01:23.238686] [Import] [info] (th=21316) Importing from E:\!_WORK\GAMEdev\Manu\MyGame\GG\GREAT_export\GG_2_run.fbx
[12:01:23.263903] [Import] [info] (th=21316) Imported scene tree:
name: "RootNode"

	name: "G_male_base_armature"
	
		name: "root_bone"
		
			name: "Hips"
			
				name: "spine"
				
					name: "chest_bottom"
					
						name: "chest"
						
							name: "neck"
							
								name: "Head"
								
									name: "braid1.L"
									
										name: "braid2.L"
										
											name: "braid3.L"
											
												name: "braid4.L"
												
									name: "braid1.R"
									
										name: "braid2.R"
										
											name: "braid3.R"
											
												name: "braid4.R"
												
									name: "eye.L"
									
									name: "eye.R"
									
							name: "shoulder.L"
							
								name: "arm.L"
								
									name: "forearm.L"
									
										name: "hand.L"
										
											name: "f_Thumb1.L"
											
												name: "f_Thumb2.L"
												
													name: "f_Thumb3.L"
													
											name: "f_Index1.L"
											
												name: "f_Index2.L"
												
													name: "f_Index3.L"
													
											name: "f_Middle1.L"
											
												name: "f_Middle2.L"
												
													name: "f_Middle3.L"
													
											name: "f_Ring1.L"
											
												name: "f_Ring2.L"
												
													name: "f_Ring3.L"
													
											name: "f_Pinky1.L"
											
												name: "f_Pinky2.L"
												
													name: "f_Pinky3.L"
													
							name: "shoulder.R"
							
								name: "arm.R"
								
									name: "forearm.R"
									
										name: "hand.R"
										
											name: "f_Thumb1.R"
											
												name: "f_Thumb2.R"
												
													name: "f_Thumb3.R"
													
											name: "f_Index1.R"
											
												name: "f_Index2.R"
												
													name: "f_Index3.R"
													
											name: "f_Middle1.R"
											
												name: "f_Middle2.R"
												
													name: "f_Middle3.R"
													
											name: "f_Ring1.R"
											
												name: "f_Ring2.R"
												
													name: "f_Ring3.R"
													
											name: "f_Pinky1.R"
											
												name: "f_Pinky2.R"
												
													name: "f_Pinky3.R"
													
				name: "leg_up.L"
				
					name: "leg.L"
					
						name: "foot.L"
						
							name: "toe.L"
							
				name: "leg_up.R"
				
					name: "leg.R"
					
						name: "foot.R"
						
							name: "toe.R"
							

[12:01:23.263952] [Import] [info] (th=21316) File loaded successfully
[12:01:23.263986] [Import] [info] (th=21316) Meshes count: 0
[12:01:23.264024] [Import] [info] (th=21316) Materials count: 0
[12:05:42.048078] [Import] [info] (th=21316) Importing from E:\!_WORK\GAMEdev\Manu\MyGame\GG\GREAT_export\GG_2_run.fbx
[12:05:42.070914] [Import] [info] (th=21316) Imported scene tree:
name: "RootNode"

	name: "G_male_base_armature"
	
		name: "root_bone"
		
			name: "Hips"
			
				name: "spine"
				
					name: "chest_bottom"
					
						name: "chest"
						
							name: "neck"
							
								name: "Head"
								
									name: "braid1.L"
									
										name: "braid2.L"
										
											name: "braid3.L"
											
												name: "braid4.L"
												
									name: "braid1.R"
									
										name: "braid2.R"
										
											name: "braid3.R"
											
												name: "braid4.R"
												
									name: "eye.L"
									
									name: "eye.R"
									
							name: "shoulder.L"
							
								name: "arm.L"
								
									name: "forearm.L"
									
										name: "hand.L"
										
											name: "f_Thumb1.L"
											
												name: "f_Thumb2.L"
												
													name: "f_Thumb3.L"
													
											name: "f_Index1.L"
											
												name: "f_Index2.L"
												
													name: "f_Index3.L"
													
											name: "f_Middle1.L"
											
												name: "f_Middle2.L"
												
													name: "f_Middle3.L"
													
											name: "f_Ring1.L"
											
												name: "f_Ring2.L"
												
													name: "f_Ring3.L"
													
											name: "f_Pinky1.L"
											
												name: "f_Pinky2.L"
												
													name: "f_Pinky3.L"
													
							name: "shoulder.R"
							
								name: "arm.R"
								
									name: "forearm.R"
									
										name: "hand.R"
										
											name: "f_Thumb1.R"
											
												name: "f_Thumb2.R"
												
													name: "f_Thumb3.R"
													
											name: "f_Index1.R"
											
												name: "f_Index2.R"
												
													name: "f_Index3.R"
													
											name: "f_Middle1.R"
											
												name: "f_Middle2.R"
												
													name: "f_Middle3.R"
													
											name: "f_Ring1.R"
											
												name: "f_Ring2.R"
												
													name: "f_Ring3.R"
													
											name: "f_Pinky1.R"
											
												name: "f_Pinky2.R"
												
													name: "f_Pinky3.R"
													
				name: "leg_up.L"
				
					name: "leg.L"
					
						name: "foot.L"
						
							name: "toe.L"
							
				name: "leg_up.R"
				
					name: "leg.R"
					
						name: "foot.R"
						
							name: "toe.R"
							

[12:05:42.070978] [Import] [info] (th=21316) File loaded successfully
[12:05:42.071020] [Import] [info] (th=21316) Meshes count: 0
[12:05:42.071062] [Import] [info] (th=21316) Materials count: 0
[12:06:47.608853] [Import] [info] (th=21316) Importing from E:\!_WORK\GAMEdev\Manu\MyGame\GG\GREAT_export\GG_2_run.fbx
[12:06:47.636798] [Import] [info] (th=21316) Imported scene tree:
name: "RootNode"

	name: "G_male_base_armature"
	
		name: "root_bone"
		
			name: "Hips"
			
				name: "spine"
				
					name: "chest_bottom"
					
						name: "chest"
						
							name: "neck"
							
								name: "Head"
								
									name: "braid1.L"
									
										name: "braid2.L"
										
											name: "braid3.L"
											
												name: "braid4.L"
												
									name: "braid1.R"
									
										name: "braid2.R"
										
											name: "braid3.R"
											
												name: "braid4.R"
												
									name: "eye.L"
									
									name: "eye.R"
									
							name: "shoulder.L"
							
								name: "arm.L"
								
									name: "forearm.L"
									
										name: "hand.L"
										
											name: "f_Thumb1.L"
											
												name: "f_Thumb2.L"
												
													name: "f_Thumb3.L"
													
											name: "f_Index1.L"
											
												name: "f_Index2.L"
												
													name: "f_Index3.L"
													
											name: "f_Middle1.L"
											
												name: "f_Middle2.L"
												
													name: "f_Middle3.L"
													
											name: "f_Ring1.L"
											
												name: "f_Ring2.L"
												
													name: "f_Ring3.L"
													
											name: "f_Pinky1.L"
											
												name: "f_Pinky2.L"
												
													name: "f_Pinky3.L"
													
							name: "shoulder.R"
							
								name: "arm.R"
								
									name: "forearm.R"
									
										name: "hand.R"
										
											name: "f_Thumb1.R"
											
												name: "f_Thumb2.R"
												
													name: "f_Thumb3.R"
													
											name: "f_Index1.R"
											
												name: "f_Index2.R"
												
													name: "f_Index3.R"
													
											name: "f_Middle1.R"
											
												name: "f_Middle2.R"
												
													name: "f_Middle3.R"
													
											name: "f_Ring1.R"
											
												name: "f_Ring2.R"
												
													name: "f_Ring3.R"
													
											name: "f_Pinky1.R"
											
												name: "f_Pinky2.R"
												
													name: "f_Pinky3.R"
													
				name: "leg_up.L"
				
					name: "leg.L"
					
						name: "foot.L"
						
							name: "toe.L"
							
				name: "leg_up.R"
				
					name: "leg.R"
					
						name: "foot.R"
						
							name: "toe.R"
							

[12:06:47.636845] [Import] [info] (th=21316) File loaded successfully
[12:06:47.636879] [Import] [info] (th=21316) Meshes count: 0
[12:06:47.636913] [Import] [info] (th=21316) Materials count: 0
