[12:42:28.105146] [Import] [info] (th=22124) Log level for 'Import' set to 'info'
[12:42:28.178171] [Import] [info] (th=22124) Importing from E:\!_WORK\GAMEdev\Manu\MyGame\Scenes\Scene2\Scene_2_new.fbx
[12:42:28.392433] [Import] [info] (th=22124) Imported scene tree:
name: "RootNode"

	name: "Scene_part2"
	numMeshes: 1
	 addr: "000001E1EC4C9D10"
	 name: "Cube.167"
	 numVertices: "2726"
	 numFaces: "2692"
	
	

[12:42:28.393372] [Import] [info] (th=22124) File loaded successfully
[12:42:28.393417] [Import] [info] (th=22124) Meshes count: 1
[12:42:28.393455] [Import] [info] (th=22124) Materials count: 1
[12:42:28.400937] [Import] [warning] (th=22124) It seems that scene structure is different
[13:39:47.669512] [Import] [info] (th=22124) Importing from E:\!_WORK\GAMEdev\Manu\MyGame\Scenes\Room5\Room5_props.fbx
[13:39:47.794813] [Import] [info] (th=22124) Imported scene tree:
name: "RootNode"

	name: "Room5_props"
	numMeshes: 1
	 addr: "000001E3E4BCB010"
	 name: "Room5_props"
	 numVertices: "7707"
	 numFaces: "7328"
	
	

[13:39:47.795436] [Import] [info] (th=22124) File loaded successfully
[13:39:47.795473] [Import] [info] (th=22124) Meshes count: 1
[13:39:47.795509] [Import] [info] (th=22124) Materials count: 1
[13:39:47.807154] [Import] [warning] (th=22124) It seems that scene structure is different
[13:39:55.125340] [Import] [info] (th=22124) Importing from E:\!_WORK\GAMEdev\Manu\MyGame\Scenes\Room5\Room5_mirror.fbx
[13:39:55.127282] [Import] [info] (th=22124) Imported scene tree:
name: "RootNode"

	name: "Room5_props.002"
	numMeshes: 1
	 addr: "000001E3E4BC8590"
	 name: "Room5_props.003"
	 numVertices: "33"
	 numFaces: "32"
	
	

[13:39:55.127323] [Import] [info] (th=22124) File loaded successfully
[13:39:55.127359] [Import] [info] (th=22124) Meshes count: 1
[13:39:55.127395] [Import] [info] (th=22124) Materials count: 1
[13:39:55.146342] [Import] [info] (th=22124) Textures count (imported): 1
[13:50:51.486322] [Import] [info] (th=22124) Importing from E:\!_WORK\GAMEdev\Manu\MyGame\Scenes\Room5\Room5_mirror.fbx
[13:50:51.488557] [Import] [info] (th=22124) Imported scene tree:
name: "RootNode"

	name: "Room5_props.002"
	numMeshes: 1
	 addr: "000001E3E4BCA020"
	 name: "Room5_props.003"
	 numVertices: "33"
	 numFaces: "32"
	
	

[13:50:51.488707] [Import] [info] (th=22124) File loaded successfully
[13:50:51.488786] [Import] [info] (th=22124) Meshes count: 1
[13:50:51.488865] [Import] [info] (th=22124) Materials count: 1
[13:50:51.489059] [Import] [warning] (th=22124) It seems that scene structure is different
[13:59:53.047782] [Import] [info] (th=22124) Importing from E:\!_WORK\GAMEdev\Manu\MyGame\Scenes\Room5\Room5_curtains.fbx
[13:59:53.095203] [Import] [info] (th=22124) Imported scene tree:
name: "RootNode"

	name: "Room5_props.001"
	numMeshes: 1
	 addr: "000001E3E4BC45D0"
	 name: "Room5_props.001"
	 numVertices: "990"
	 numFaces: "1696"
	
	

[13:59:53.095272] [Import] [info] (th=22124) File loaded successfully
[13:59:53.095502] [Import] [info] (th=22124) Meshes count: 1
[13:59:53.095608] [Import] [info] (th=22124) Materials count: 1
[13:59:53.096168] [Import] [warning] (th=22124) It seems that scene structure is different
[13:59:57.671554] [Import] [info] (th=22124) Importing from E:\!_WORK\GAMEdev\Manu\MyGame\Scenes\Room5\Room5.fbx
[13:59:57.675496] [Import] [info] (th=22124) Imported scene tree:
name: "RootNode"

	name: "Room5"
	numMeshes: 1
	 addr: "000001E3E4BC6B00"
	 name: "Room5.003"
	 numVertices: "885"
	 numFaces: "551"
	
	

[13:59:57.675577] [Import] [info] (th=22124) File loaded successfully
[13:59:57.675639] [Import] [info] (th=22124) Meshes count: 1
[13:59:57.675700] [Import] [info] (th=22124) Materials count: 1
[13:59:57.675966] [Import] [warning] (th=22124) It seems that scene structure is different
[14:00:08.080816] [Import] [info] (th=22124) Importing from E:\!_WORK\GAMEdev\Manu\MyGame\Scenes\Room5\Room5_window.fbx
[14:00:08.082711] [Import] [info] (th=22124) Imported scene tree:
name: "RootNode"

	name: "Room5.002"
	numMeshes: 1
	 addr: "000001E3E4BC9580"
	 name: "Room5.003"
	 numVertices: "16"
	 numFaces: "8"
	
	

[14:00:08.082788] [Import] [info] (th=22124) File loaded successfully
[14:00:08.082849] [Import] [info] (th=22124) Meshes count: 1
[14:00:08.082924] [Import] [info] (th=22124) Materials count: 1
[14:00:08.083323] [Import] [info] (th=22124) Textures count (imported): 1
[14:02:58.721059] [Import] [info] (th=22124) Importing from E:\!_WORK\GAMEdev\Manu\MyGame\Scenes\Room5\Room5_props.fbx
[14:02:58.744516] [Import] [info] (th=22124) Imported scene tree:
name: "RootNode"

	name: "Room5_props"
	numMeshes: 1
	 addr: "000001E3E4BCAAC0"
	 name: "Room5_props"
	 numVertices: "7715"
	 numFaces: "7332"
	
	

[14:02:58.744588] [Import] [info] (th=22124) File loaded successfully
[14:02:58.744646] [Import] [info] (th=22124) Meshes count: 1
[14:02:58.744704] [Import] [info] (th=22124) Materials count: 1
[14:02:58.744951] [Import] [warning] (th=22124) It seems that scene structure is different
[14:08:44.833594] [Import] [info] (th=22124) Importing from E:\!_WORK\GAMEdev\Manu\MyGame\Scenes\Scene1\Scene_1.fbx
[14:08:44.836090] [Import] [info] (th=22124) Imported scene tree:
name: "RootNode"

	name: "Scene_part1"
	numMeshes: 1
	 addr: "000001E3E4BC75A0"
	 name: "Cube.171"
	 numVertices: "762"
	 numFaces: "543"
	
	

[14:08:44.836132] [Import] [info] (th=22124) File loaded successfully
[14:08:44.836168] [Import] [info] (th=22124) Meshes count: 1
[14:08:44.836209] [Import] [info] (th=22124) Materials count: 1
[14:08:44.836378] [Import] [warning] (th=22124) It seems that scene structure is different
[14:35:39.735942] [Import] [info] (th=22124) Importing from E:\!_WORK\GAMEdev\Manu\MyGame\Scenes\Room5\Room5.fbx
[14:35:39.752783] [Import] [info] (th=22124) Imported scene tree:
name: "RootNode"

	name: "Room5"
	numMeshes: 2
	 addr: "000001E1EC4CD230"
	 name: "Room5.003"
	 numVertices: "901"
	 numFaces: "559"
	
	 addr: "000001E1EC4CB250"
	 name: "Room5.003"
	 numVertices: "33"
	 numFaces: "32"
	
	

[14:35:39.752846] [Import] [info] (th=22124) File loaded successfully
[14:35:39.752883] [Import] [info] (th=22124) Meshes count: 2
[14:35:39.752919] [Import] [info] (th=22124) Materials count: 2
[14:35:39.753032] [Import] [error] (th=22124) Can't find mesh for replace.
[14:36:12.008043] [Import] [info] (th=22124) Importing from E:\!_WORK\GAMEdev\Manu\MyGame\Scenes\Room5\Room5.fbx
[14:36:12.010472] [Import] [info] (th=22124) Imported scene tree:
name: "RootNode"

	name: "Room5"
	numMeshes: 1
	 addr: "000001E1EC4D0750"
	 name: "Room5.003"
	 numVertices: "934"
	 numFaces: "591"
	
	

[14:36:12.010513] [Import] [info] (th=22124) File loaded successfully
[14:36:12.010550] [Import] [info] (th=22124) Meshes count: 1
[14:36:12.010588] [Import] [info] (th=22124) Materials count: 1
[14:36:12.010739] [Import] [warning] (th=22124) It seems that scene structure is different
[14:37:10.539506] [Import] [info] (th=22124) Importing from E:\!_WORK\GAMEdev\Manu\MyGame\Scenes\Room5\Room5.fbx
[14:37:10.542263] [Import] [info] (th=22124) Imported scene tree:
name: "RootNode"

	name: "Room5"
	numMeshes: 1
	 addr: "000001E1EC4CE770"
	 name: "Room5.004"
	 numVertices: "901"
	 numFaces: "559"
	
	

[14:37:10.542305] [Import] [info] (th=22124) File loaded successfully
[14:37:10.542341] [Import] [info] (th=22124) Meshes count: 1
[14:37:10.542378] [Import] [info] (th=22124) Materials count: 1
[14:37:10.542526] [Import] [warning] (th=22124) It seems that scene structure is different
[14:37:25.374416] [Import] [info] (th=22124) Importing from E:\!_WORK\GAMEdev\Manu\MyGame\Scenes\Room5\Room5_props.fbx
[14:37:25.391324] [Import] [info] (th=22124) Imported scene tree:
name: "RootNode"

	name: "Room5_props"
	numMeshes: 1
	 addr: "000001E1EC4CF210"
	 name: "Room5_props"
	 numVertices: "7748"
	 numFaces: "7364"
	
	

[14:37:25.391373] [Import] [info] (th=22124) File loaded successfully
[14:37:25.391414] [Import] [info] (th=22124) Meshes count: 1
[14:37:25.391450] [Import] [info] (th=22124) Materials count: 1
[14:37:25.391598] [Import] [warning] (th=22124) It seems that scene structure is different
[14:39:16.627748] [Import] [info] (th=22124) Importing from E:\!_WORK\GAMEdev\Manu\MyGame\Scenes\Room5\Room5_props.fbx
[14:39:16.644613] [Import] [info] (th=22124) Imported scene tree:
name: "RootNode"

	name: "Room5_props"
	numMeshes: 1
	 addr: "000001E3E4BC4080"
	 name: "Room5_props"
	 numVertices: "7748"
	 numFaces: "7364"
	
	

[14:39:16.644661] [Import] [info] (th=22124) File loaded successfully
[14:39:16.644697] [Import] [info] (th=22124) Meshes count: 1
[14:39:16.644732] [Import] [info] (th=22124) Materials count: 1
[14:39:16.644880] [Import] [warning] (th=22124) It seems that scene structure is different
[14:39:27.221118] [Import] [info] (th=22124) Importing from E:\!_WORK\GAMEdev\Manu\MyGame\Scenes\Room5\Room5.fbx
[14:39:27.224332] [Import] [info] (th=22124) Imported scene tree:
name: "RootNode"

	name: "Room5"
	numMeshes: 1
	 addr: "000001E3E4BC4B20"
	 name: "Room5.004"
	 numVertices: "901"
	 numFaces: "559"
	
	

[14:39:27.224374] [Import] [info] (th=22124) File loaded successfully
[14:39:27.224411] [Import] [info] (th=22124) Meshes count: 1
[14:39:27.224448] [Import] [info] (th=22124) Materials count: 1
[14:39:27.224600] [Import] [warning] (th=22124) It seems that scene structure is different
[14:40:08.869034] [Import] [info] (th=22124) Importing from E:\!_WORK\GAMEdev\Manu\MyGame\Scenes\Room5\Room5.fbx
[14:40:08.871778] [Import] [info] (th=22124) Imported scene tree:
name: "RootNode"

	name: "Room5"
	numMeshes: 1
	 addr: "000001E3E4BC5B10"
	 name: "Room5.005"
	 numVertices: "885"
	 numFaces: "551"
	
	

[14:40:08.871827] [Import] [info] (th=22124) File loaded successfully
[14:40:08.871864] [Import] [info] (th=22124) Meshes count: 1
[14:40:08.871900] [Import] [info] (th=22124) Materials count: 1
[14:40:08.872063] [Import] [warning] (th=22124) It seems that scene structure is different
[14:40:17.587589] [Import] [info] (th=22124) Importing from E:\!_WORK\GAMEdev\Manu\MyGame\Scenes\Room5\Room5_props.fbx
[14:40:17.604568] [Import] [info] (th=22124) Imported scene tree:
name: "RootNode"

	name: "Room5_props"
	numMeshes: 1
	 addr: "000001E3E4BC6060"
	 name: "Room5_props"
	 numVertices: "7715"
	 numFaces: "7332"
	
	

[14:40:17.604640] [Import] [info] (th=22124) File loaded successfully
[14:40:17.604698] [Import] [info] (th=22124) Meshes count: 1
[14:40:17.604754] [Import] [info] (th=22124) Materials count: 1
[14:40:17.605012] [Import] [warning] (th=22124) It seems that scene structure is different
[14:40:29.804285] [Import] [info] (th=22124) Importing from E:\!_WORK\GAMEdev\Manu\MyGame\Scenes\Room5\Room5_window.fbx
[14:40:29.805932] [Import] [info] (th=22124) Imported scene tree:
name: "RootNode"

	name: "Room5.002"
	numMeshes: 1
	 addr: "000001E3FD831AD0"
	 name: "Room5.003"
	 numVertices: "16"
	 numFaces: "8"
	
	

[14:40:29.805981] [Import] [info] (th=22124) File loaded successfully
[14:40:29.806025] [Import] [info] (th=22124) Meshes count: 1
[14:40:29.806060] [Import] [info] (th=22124) Materials count: 1
[14:40:29.806302] [Import] [info] (th=22124) Textures count (imported): 1
[14:42:18.253436] [Import] [info] (th=22124) Importing from E:\!_WORK\GAMEdev\Manu\MyGame\Scenes\Room5\Room5_mirror.fbx
[14:42:18.255264] [Import] [info] (th=22124) Imported scene tree:
name: "RootNode"

	name: "Room5_props.002"
	numMeshes: 1
	 addr: "000001E3FD82E060"
	 name: "Room5_props.003"
	 numVertices: "33"
	 numFaces: "32"
	
	

[14:42:18.255362] [Import] [info] (th=22124) File loaded successfully
[14:42:18.255443] [Import] [info] (th=22124) Meshes count: 1
[14:42:18.255523] [Import] [info] (th=22124) Materials count: 1
[14:42:18.255805] [Import] [info] (th=22124) Textures count (imported): 1
[14:56:40.501866] [Import] [info] (th=22124) Importing from E:\!_WORK\GAMEdev\Manu\MyGame\Scenes\Room5\Room5_window.fbx
[14:56:40.503828] [Import] [info] (th=22124) Imported scene tree:
name: "RootNode"

	name: "Room5.002"
	numMeshes: 1
	 addr: "000001E3FD834FF0"
	 name: "Room5.002"
	 numVertices: "64"
	 numFaces: "72"
	
	

[14:56:40.503924] [Import] [info] (th=22124) File loaded successfully
[14:56:40.504004] [Import] [info] (th=22124) Meshes count: 1
[14:56:40.504089] [Import] [info] (th=22124) Materials count: 1
[14:56:40.504304] [Import] [warning] (th=22124) It seems that scene structure is different
[14:59:33.994358] [Import] [info] (th=22124) Importing from E:\!_WORK\GAMEdev\Manu\MyGame\Scenes\Room5\Room5_mirror.fbx
[14:59:33.996842] [Import] [info] (th=22124) Imported scene tree:
name: "RootNode"

	name: "Room5_props.002"
	numMeshes: 1
	 addr: "000001E3FD833560"
	 name: "Room5_props.004"
	 numVertices: "89"
	 numFaces: "144"
	
	

[14:59:33.996884] [Import] [info] (th=22124) File loaded successfully
[14:59:33.996919] [Import] [info] (th=22124) Meshes count: 1
[14:59:33.996955] [Import] [info] (th=22124) Materials count: 1
[14:59:33.997098] [Import] [warning] (th=22124) It seems that scene structure is different
[14:59:58.559909] [Import] [info] (th=22124) Importing from E:\!_WORK\GAMEdev\Manu\MyGame\Scenes\Room5\Room5_window.fbx
[14:59:58.561901] [Import] [info] (th=22124) Imported scene tree:
name: "RootNode"

	name: "Room5.002"
	numMeshes: 1
	 addr: "000001E3FD835FE0"
	 name: "Room5.002"
	 numVertices: "64"
	 numFaces: "72"
	
	

[14:59:58.561945] [Import] [info] (th=22124) File loaded successfully
[14:59:58.561981] [Import] [info] (th=22124) Meshes count: 1
[14:59:58.562017] [Import] [info] (th=22124) Materials count: 1
[14:59:58.562171] [Import] [warning] (th=22124) It seems that scene structure is different
[15:00:07.370120] [Import] [info] (th=22124) Importing from E:\!_WORK\GAMEdev\Manu\MyGame\Scenes\Room5\Room5_mirror.fbx
[15:00:07.371920] [Import] [info] (th=22124) Imported scene tree:
name: "RootNode"

	name: "Room5_props.002"
	numMeshes: 1
	 addr: "000001E3FD832570"
	 name: "Room5_props.004"
	 numVertices: "89"
	 numFaces: "144"
	
	

[15:00:07.371962] [Import] [info] (th=22124) File loaded successfully
[15:00:07.371998] [Import] [info] (th=22124) Meshes count: 1
[15:00:07.372035] [Import] [info] (th=22124) Materials count: 1
[15:00:07.372191] [Import] [warning] (th=22124) It seems that scene structure is different
[15:01:34.327376] [Import] [info] (th=22124) Importing from E:\!_WORK\GAMEdev\Manu\MyGame\Scenes\Room5\Room5_window.fbx
[15:01:34.329097] [Import] [info] (th=22124) Imported scene tree:
name: "RootNode"

	name: "Room5.002"
	numMeshes: 1
	 addr: "000001E3FD835540"
	 name: "Room5.002"
	 numVertices: "64"
	 numFaces: "72"
	
	

[15:01:34.329142] [Import] [info] (th=22124) File loaded successfully
[15:01:34.329187] [Import] [info] (th=22124) Meshes count: 1
[15:01:34.329228] [Import] [info] (th=22124) Materials count: 1
[15:01:34.329389] [Import] [warning] (th=22124) It seems that scene structure is different
[15:04:16.612166] [Import] [info] (th=22124) Importing from E:\!_WORK\GAMEdev\Manu\MyGame\Scenes\Room5\Room5_window.fbx
[15:04:16.613910] [Import] [info] (th=22124) Imported scene tree:
name: "RootNode"

	name: "Room5.002"
	numMeshes: 1
	 addr: "000001E3FD82F5A0"
	 name: "Room5.002"
	 numVertices: "64"
	 numFaces: "72"
	
	

[15:04:16.613982] [Import] [info] (th=22124) File loaded successfully
[15:04:16.614024] [Import] [info] (th=22124) Meshes count: 1
[15:04:16.614063] [Import] [info] (th=22124) Materials count: 1
[15:04:16.614214] [Import] [warning] (th=22124) It seems that scene structure is different
[15:06:20.412342] [Import] [info] (th=22124) Importing from E:\!_WORK\GAMEdev\Manu\MyGame\Scenes\Room5\Room5_window.fbx
[15:06:20.414440] [Import] [info] (th=22124) Imported scene tree:
name: "RootNode"

	name: "Room5.002"
	numMeshes: 1
	 addr: "000001E3FD82FAF0"
	 name: "Room5.002"
	 numVertices: "64"
	 numFaces: "72"
	
	

[15:06:20.414539] [Import] [info] (th=22124) File loaded successfully
[15:06:20.414622] [Import] [info] (th=22124) Meshes count: 1
[15:06:20.414703] [Import] [info] (th=22124) Materials count: 1
[15:06:20.414900] [Import] [warning] (th=22124) It seems that scene structure is different
[15:09:33.709455] [Import] [info] (th=22124) Importing from E:\!_WORK\GAMEdev\Manu\MyGame\Scenes\Room5\Room5_window.fbx
[15:09:33.711847] [Import] [info] (th=22124) Imported scene tree:
name: "RootNode"

	name: "Room5.002"
	numMeshes: 1
	 addr: "000001E3FD82E5B0"
	 name: "Room5.002"
	 numVertices: "64"
	 numFaces: "72"
	
	

[15:09:33.712001] [Import] [info] (th=22124) File loaded successfully
[15:09:33.712080] [Import] [info] (th=22124) Meshes count: 1
[15:09:33.712162] [Import] [info] (th=22124) Materials count: 1
[15:09:33.712375] [Import] [warning] (th=22124) It seems that scene structure is different
[15:12:21.053969] [Import] [info] (th=22124) Importing from E:\!_WORK\GAMEdev\Manu\MyGame\Scenes\Room5\Room5_props.fbx
[15:12:21.069167] [Import] [info] (th=22124) Imported scene tree:
name: "RootNode"

	name: "Room5_props"
	numMeshes: 1
	 addr: "000001E3FD835A90"
	 name: "Room5_props"
	 numVertices: "7715"
	 numFaces: "7332"
	
	

[15:12:21.069252] [Import] [info] (th=22124) File loaded successfully
[15:12:21.069379] [Import] [info] (th=22124) Meshes count: 1
[15:12:21.069569] [Import] [info] (th=22124) Materials count: 1
[15:12:21.069879] [Import] [warning] (th=22124) It seems that scene structure is different
[15:12:38.826065] [Import] [info] (th=22124) Importing from E:\!_WORK\GAMEdev\Manu\MyGame\Scenes\Room5\Room5_props.fbx
[15:12:38.844390] [Import] [info] (th=22124) Imported scene tree:
name: "RootNode"

	name: "Room5_props"
	numMeshes: 1
	 addr: "000001E3FD836530"
	 name: "Room5_props"
	 numVertices: "7715"
	 numFaces: "7332"
	
	

[15:12:38.844500] [Import] [info] (th=22124) File loaded successfully
[15:12:38.844576] [Import] [info] (th=22124) Meshes count: 1
[15:12:38.844658] [Import] [info] (th=22124) Materials count: 1
[15:12:38.844983] [Import] [warning] (th=22124) It seems that scene structure is different
[15:13:00.697399] [Import] [info] (th=22124) Importing from E:\!_WORK\GAMEdev\Manu\MyGame\Scenes\Room5\Room5_props.fbx
[15:13:00.717135] [Import] [info] (th=22124) Imported scene tree:
name: "RootNode"

	name: "Room5_props"
	numMeshes: 1
	 addr: "000001E3FD82EB00"
	 name: "Room5_props"
	 numVertices: "7715"
	 numFaces: "7332"
	
	

[15:13:00.717258] [Import] [info] (th=22124) File loaded successfully
[15:13:00.717307] [Import] [info] (th=22124) Meshes count: 1
[15:13:00.717344] [Import] [info] (th=22124) Materials count: 1
[15:13:00.717492] [Import] [warning] (th=22124) It seems that scene structure is different
