[12:13:05.153830] [Import] [info] (th=9392) Log level for 'Import' set to 'info'
[12:13:05.154653] [Import] [info] (th=9392) Importing from D:\Users\Chris\Documents\ManuCollab\Eye_Covers.fbx
[12:13:05.176640] [Import] [info] (th=9392) Imported scene tree:
name: "RootNode"

	name: "GG_girl_.001"
	numMeshes: 1
	 addr: "000001EF9172F950"
	 name: "Plane.001"
	 numVertices: "123"
	 numFaces: "122"
	
	

[12:13:05.176733] [Import] [info] (th=9392) File loaded successfully
[12:13:05.176815] [Import] [info] (th=9392) Meshes count: 1
[12:13:05.176903] [Import] [info] (th=9392) Materials count: 1
[12:13:05.178855] [Import] [info] (th=9392) Textures count (imported): 1
[12:18:56.847977] [Import] [info] (th=9392) Importing from D:\Users\Chris\Documents\ManuCollab\Eye_Covers.fbx
[12:18:56.851330] [Import] [info] (th=9392) Imported scene tree:
name: "RootNode"

	name: "GG_girl_.001"
	numMeshes: 1
	 addr: "000001EF4B02D980"
	 name: "Plane.001"
	 numVertices: "122"
	 numFaces: "122"
	
	

[12:18:56.851396] [Import] [info] (th=9392) File loaded successfully
[12:18:56.851452] [Import] [info] (th=9392) Meshes count: 1
[12:18:56.851510] [Import] [info] (th=9392) Materials count: 1
[12:18:56.851863] [Import] [info] (th=9392) Textures count (imported): 1
