[17:03:18.083695] [Import] [info] (th=9984) Log level for 'Import' set to 'info'
[17:03:18.083878] [Import] [info] (th=9984) Importing from E:\!_WORK\GAMEdev\Manu\MyGame\Scenes\Room5\Room5_props.fbx
[17:03:18.103116] [Import] [info] (th=9984) Imported scene tree:
name: "RootNode"

	name: "Room5_props"
	numMeshes: 1
	 addr: "000002706C4367D0"
	 name: "Room5_props"
	 numVertices: "7740"
	 numFaces: "7360"
	
	

[17:03:18.103165] [Import] [info] (th=9984) File loaded successfully
[17:03:18.103202] [Import] [info] (th=9984) Meshes count: 1
[17:03:18.103238] [Import] [info] (th=9984) Materials count: 1
[17:03:18.103405] [Import] [warning] (th=9984) It seems that scene structure is different
[17:03:27.167033] [Import] [info] (th=9984) Importing from E:\!_WORK\GAMEdev\Manu\MyGame\Scenes\Room5\Room5_lamp.fbx
[17:03:27.168803] [Import] [info] (th=9984) Imported scene tree:
name: "RootNode"

	name: "Room5_lamp"
	numMeshes: 1
	 addr: "000002706C436D20"
	 name: "Room5_props.002"
	 numVertices: "95"
	 numFaces: "96"
	
	

[17:03:27.168850] [Import] [info] (th=9984) File loaded successfully
[17:03:27.168888] [Import] [info] (th=9984) Meshes count: 1
[17:03:27.168928] [Import] [info] (th=9984) Materials count: 1
[17:03:27.169213] [Import] [info] (th=9984) Textures count (imported): 1
