[10:47:44.773695] [Import] [info] (th=3032) Log level for 'Import' set to 'info'
[10:47:44.774731] [Import] [info] (th=3032) Importing from D:\Users\Chris\Documents\ManuCollab\GGG_animations_for_Game2.blend\new black.fbx
[10:47:44.797829] [Import] [info] (th=3032) Imported scene tree:
name: "RootNode"

	name: "Scene_BLACK"
	numMeshes: 1
	 addr: "000001F0A783A500"
	 name: "Cube.168"
	 numVertices: "618"
	 numFaces: "341"
	
	
	name: "Scene_BLACK.001"
	numMeshes: 1
	 addr: "000001F0A7837530"
	 name: "Cube.002"
	 numVertices: "97"
	 numFaces: "50"
	
	

[10:47:44.797921] [Import] [info] (th=3032) File loaded successfully
[10:47:44.798009] [Import] [info] (th=3032) Meshes count: 2
[10:47:44.798071] [Import] [info] (th=3032) Materials count: 1
[10:47:44.800479] [Import] [info] (th=3032) Textures count (imported): 0
