[17:16:56.485512] [Import] [info] (th=19420) Log level for 'Import' set to 'info'
[17:16:56.486526] [Import] [info] (th=19420) Importing from D:\Users\Chris\Documents\ManuCollab\3D assets\Mine_Rails.fbx
[17:16:56.512309] [Import] [info] (th=19420) Imported scene tree:
name: "RootNode"

	name: "Cube.009"
	numMeshes: 2
	 addr: "00000210BDB184C0"
	 name: "Cube.019"
	 numVertices: "244"
	 numFaces: "188"
	
	 addr: "00000210BDB1B490"
	 name: "Cube.019"
	 numVertices: "200"
	 numFaces: "100"
	
	
		name: "Cube.010"
		numMeshes: 2
		 addr: "00000210BDB1BF30"
		 name: "Cube.020"
		 numVertices: "372"
		 numFaces: "188"
		
		 addr: "00000210BDB1C480"
		 name: "Cube.020"
		 numVertices: "200"
		 numFaces: "100"
		
		
		name: "Cube.012"
		numMeshes: 2
		 addr: "00000210BDB14A50"
		 name: "Cube.023"
		 numVertices: "292"
		 numFaces: "188"
		
		 addr: "00000210BDB1C9D0"
		 name: "Cube.023"
		 numVertices: "200"
		 numFaces: "100"
		
		
		name: "Cube.013"
		numMeshes: 2
		 addr: "00000210BDB1CF20"
		 name: "Cube.024"
		 numVertices: "292"
		 numFaces: "188"
		
		 addr: "00000210BDB15F90"
		 name: "Cube.024"
		 numVertices: "200"
		 numFaces: "100"
		
		

[17:16:56.512390] [Import] [info] (th=19420) File loaded successfully
[17:16:56.512456] [Import] [info] (th=19420) Meshes count: 8
[17:16:56.512536] [Import] [info] (th=19420) Materials count: 8
[17:16:56.543719] [Import] [info] (th=19420) Textures count (imported): 2
