[18:53:57.596481] [Import] [info] (th=16152) Log level for 'Import' set to 'info'
[18:53:57.596608] [Import] [info] (th=16152) Importing from E:\!_WORK\GAMEdev\Manu\MyGame\Scenes\Scene_04_Room2.fbx
[18:53:57.763966] [Import] [info] (th=16152) Imported scene tree:
name: "RootNode"

	name: "Scene4_room2"
	numMeshes: 1
	 addr: "000001266B24C5B0"
	 name: "Cube.056"
	 numVertices: "4742"
	 numFaces: "2777"
	
	
	name: "Scene4_room2_props"
	numMeshes: 1
	 addr: "000001266B249B30"
	 name: "meshId0_name.003"
	 numVertices: "17427"
	 numFaces: "25250"
	
	

[18:53:57.764039] [Import] [info] (th=16152) File loaded successfully
[18:53:57.764101] [Import] [info] (th=16152) Meshes count: 2
[18:53:57.764160] [Import] [info] (th=16152) Materials count: 2
[18:53:57.781362] [Import] [warning] (th=16152) Texture not found: E:\!_WORK\GAMEdev\Manu\MyGame\Scenes\Scene_4\Room2_textures\Bake_Room2_AO.png
[18:53:57.782503] [Import] [info] (th=16152) Textures count (imported): 2
[18:55:59.388605] [Import] [info] (th=16152) Importing from E:\!_WORK\GAMEdev\Manu\MyGame\Scenes\Scene_04_House.fbx
[18:55:59.481408] [Import] [info] (th=16152) Imported scene tree:
name: "RootNode"

	name: "House_enter"
	numMeshes: 1
	 addr: "000001266B248B40"
	 name: "Cube.056"
	 numVertices: "74"
	 numFaces: "107"
	
	
	name: "House_Exterior"
	numMeshes: 3
	 addr: "000001266B24E040"
	 name: "Cube.071"
	 numVertices: "352"
	 numFaces: "267"
	
	 addr: "000001266B2495E0"
	 name: "Cube.071"
	 numVertices: "96"
	 numFaces: "95"
	
	 addr: "000001266B2480A0"
	 name: "Cube.071"
	 numVertices: "56"
	 numFaces: "30"
	
	
	name: "Scene4_room2"
	numMeshes: 1
	 addr: "000001266B24A080"
	 name: "Cube.072"
	 numVertices: "4747"
	 numFaces: "2777"
	
	
	name: "Scene4_room2_props"
	numMeshes: 1
	 addr: "000001266B24D5A0"
	 name: "meshId0_name.003"
	 numVertices: "17625"
	 numFaces: "25250"
	
	

[18:55:59.481477] [Import] [info] (th=16152) File loaded successfully
[18:55:59.481528] [Import] [info] (th=16152) Meshes count: 6
[18:55:59.481580] [Import] [info] (th=16152) Materials count: 6
[18:55:59.482819] [Import] [info] (th=16152) Textures count (imported): 6
[19:05:12.999618] [Import] [info] (th=16152) Importing from E:\!_WORK\GAMEdev\Manu\MyGame\Scenes\Scene_04_Candelier.fbx
[19:05:13.306534] [Import] [info] (th=16152) Imported scene tree:
name: "RootNode"

	name: "Light"
	
	name: "Camera"
	
	name: "Light.001"
	
	name: "Light.002"
	
	name: "Camera.001"
	
	name: "House_roof"
	numMeshes: 1
	 addr: "000001266B24AB20"
	 name: "Cube.018"
	 numVertices: "1070"
	 numFaces: "782"
	
	
	name: "House_stairs"
	numMeshes: 1
	 addr: "000001266B247600"
	 name: "Cube.066"
	 numVertices: "470"
	 numFaces: "224"
	
	
	name: "House_Exterior"
	numMeshes: 1
	 addr: "000001266B24CB00"
	 name: "Cube.064"
	 numVertices: "442"
	 numFaces: "370"
	
	
	name: "House_walls.001"
	numMeshes: 1
	 addr: "000001266B24BB10"
	 name: "Cube.001"
	 numVertices: "324"
	 numFaces: "180"
	
	
	name: "House_walls.002"
	numMeshes: 1
	 addr: "000001266B247B50"
	 name: "Cube.002"
	 numVertices: "81"
	 numFaces: "62"
	
	
	name: "Box1"
	numMeshes: 1
	 addr: "0000012622249FD0"
	 name: "Cube.007"
	 numVertices: "459"
	 numFaces: "366"
	
	
	name: "Box2"
	numMeshes: 1
	 addr: "00000127897C1AA0"
	 name: "Cube.005"
	 numVertices: "449"
	 numFaces: "360"
	
	
	name: "Box3"
	numMeshes: 1
	 addr: "00000127897C0010"
	 name: "Cube.004"
	 numVertices: "449"
	 numFaces: "360"
	
	
	name: "Mirror_Oval"
	numMeshes: 1
	 addr: "00000127897BB5B0"
	 name: "Circle.001"
	 numVertices: "302"
	 numFaces: "384"
	
	
	name: "Сhest_of_drawers"
	numMeshes: 1
	 addr: "00000127897BBB00"
	 name: "Cube"
	 numVertices: "375"
	 numFaces: "256"
	
	
	name: "Door_Cracked"
	numMeshes: 1
	 addr: "00000127897BF020"
	 name: "Cube.035"
	 numVertices: "466"
	 numFaces: "384"
	
	
	name: "Chair"
	numMeshes: 1
	 addr: "00000127897C1000"
	 name: "Chair.001_Cube.018"
	 numVertices: "949"
	 numFaces: "908"
	
	
	name: "Chair_broken2"
	numMeshes: 1
	 addr: "00000127897BC050"
	 name: "Chair.001_Cube.025"
	 numVertices: "1001"
	 numFaces: "934"
	
	
	name: "Cloth_Hang_Coat"
	numMeshes: 1
	 addr: "00000127897BDAE0"
	 name: "Cube.041"
	 numVertices: "2346"
	 numFaces: "4039"
	
	
	name: "Cloth_Hang_Jacket"
	numMeshes: 1
	 addr: "00000127897BC5A0"
	 name: "Cube.040"
	 numVertices: "3062"
	 numFaces: "5317"
	
	
	name: "CoatHanger"
	numMeshes: 1
	 addr: "00000127897BCAF0"
	 name: "Cube.033"
	 numVertices: "1549"
	 numFaces: "1962"
	
	
	name: "Cloth_on_Chair"
	numMeshes: 1
	 addr: "00000127897BAB10"
	 name: "Cube.039"
	 numVertices: "1800"
	 numFaces: "3111"
	
	
	name: "Cloth_on_floor"
	numMeshes: 1
	 addr: "00000127897BB060"
	 name: "Cube.050"
	 numVertices: "1690"
	 numFaces: "2764"
	
	
	name: "Scene4_Front_Door"
	numMeshes: 1
	 addr: "00000127897C0560"
	 name: "Cube.049"
	 numVertices: "2264"
	 numFaces: "1816"
	
	
	name: "chandelier_crushed"
	numMeshes: 2
	 addr: "00000127897BA070"
	 name: "Sphere.015"
	 numVertices: "4521"
	 numFaces: "4596"
	
	 addr: "00000127897BD040"
	 name: "Sphere.015"
	 numVertices: "550"
	 numFaces: "664"
	
	
		name: "chandelier_Plafon_WORK"
		numMeshes: 1
		 addr: "00000127897BD590"
		 name: "Sphere.023"
		 numVertices: "262"
		 numFaces: "290"
		
		
		name: "Lamps_crushed_WORK"
		numMeshes: 1
		 addr: "00000127897BE030"
		 name: "Sphere.022"
		 numVertices: "53"
		 numFaces: "72"
		
		
	name: "Scene4_room1_props"
	numMeshes: 1
	 addr: "00000127897BE580"
	 name: "Cube.047"
	 numVertices: "15375"
	 numFaces: "21145"
	
	
	name: "Scene4_room1"
	numMeshes: 1
	 addr: "00000127897BF570"
	 name: "Cube.085"
	 numVertices: "6977"
	 numFaces: "4219"
	
	
	name: "Scene4_room2"
	numMeshes: 1
	 addr: "00000127897C1550"
	 name: "Cube.056"
	 numVertices: "4742"
	 numFaces: "2777"
	
	
	name: "Scene4_room2_props"
	numMeshes: 1
	 addr: "00000127897C0AB0"
	 name: "meshId0_name.003"
	 numVertices: "17427"
	 numFaces: "25250"
	
	

[19:05:13.306614] [Import] [info] (th=16152) File loaded successfully
[19:05:13.306677] [Import] [info] (th=16152) Meshes count: 27
[19:05:13.306738] [Import] [info] (th=16152) Materials count: 16
[19:05:13.310330] [Import] [info] (th=16152) Textures count (imported): 19
[19:06:19.112005] [Import] [info] (th=16152) Importing from E:\!_WORK\GAMEdev\Manu\MyGame\Scenes\Scene_04_Candelier.fbx
[19:06:19.125703] [Import] [info] (th=16152) Imported scene tree:
name: "RootNode"

	name: "chandelier_crushed"
	numMeshes: 2
	 addr: "00000127897BFAC0"
	 name: "Sphere.015"
	 numVertices: "4521"
	 numFaces: "4596"
	
	 addr: "000001266B24E590"
	 name: "Sphere.015"
	 numVertices: "550"
	 numFaces: "664"
	
	
		name: "chandelier_Plafon_WORK"
		numMeshes: 1
		 addr: "000001266B24A5D0"
		 name: "Sphere.023"
		 numVertices: "262"
		 numFaces: "290"
		
		
		name: "Lamps_crushed_WORK"
		numMeshes: 1
		 addr: "0000012782C7C530"
		 name: "Sphere.022"
		 numVertices: "53"
		 numFaces: "72"
		
		

[19:06:19.125778] [Import] [info] (th=16152) File loaded successfully
[19:06:19.125838] [Import] [info] (th=16152) Meshes count: 4
[19:06:19.125901] [Import] [info] (th=16152) Materials count: 3
[19:06:19.126238] [Import] [info] (th=16152) Textures count (imported): 1
