[21:02:04.807703] [Import] [info] (th=29216) Log level for 'Import' set to 'info'
[21:02:04.807813] [Import] [info] (th=29216) Importing from D:\Users\Chris\Documents\ManuCollab\failed title.fbx
[21:02:04.831035] [Import] [info] (th=29216) Imported scene tree:
name: "RootNode"

	name: "Text"
	numMeshes: 1
	 addr: "000001B2EFCC0960"
	 name: "Text.002"
	 numVertices: "2160"
	 numFaces: "1918"
	
	
		name: "Armature"
		
			name: "Bone"
			
				name: "Bone.001"
				
					name: "Cone.003"
					numMeshes: 1
					 addr: "000001B2EFCBDEE0"
					 name: "Cone.003"
					 numVertices: "588"
					 numFaces: "894"
					
					
					name: "Bone.001_end"
					
				name: "Bone.002"
				
					name: "Cone.001"
					numMeshes: 1
					 addr: "000001B2EFCC1400"
					 name: "Cone.001"
					 numVertices: "588"
					 numFaces: "894"
					
					
					name: "Bone.002_end"
					
				name: "Bone.003"
				
					name: "Cone.004"
					numMeshes: 1
					 addr: "000001B2EFCC2940"
					 name: "Cone.004"
					 numVertices: "588"
					 numFaces: "894"
					
					
					name: "Bone.003_end"
					
				name: "Bone.004"
				
					name: "Cone.002"
					numMeshes: 1
					 addr: "000001B2EFCC5E60"
					 name: "Cone.002"
					 numVertices: "588"
					 numFaces: "894"
					
					
					name: "Bone.004_end"
					
				name: "Bone.005"
				
					name: "Cone.005"
					numMeshes: 1
					 addr: "000001B2EFCBEED0"
					 name: "Cone.005"
					 numVertices: "588"
					 numFaces: "894"
					
					
					name: "Bone.005_end"
					
				name: "Bone.006"
				
					name: "Cone.006"
					numMeshes: 1
					 addr: "000001B2EFCBE430"
					 name: "Cone.006"
					 numVertices: "588"
					 numFaces: "894"
					
					
					name: "Bone.006_end"
					

[21:02:04.831123] [Import] [info] (th=29216) File loaded successfully
[21:02:04.831198] [Import] [info] (th=29216) Meshes count: 7
[21:02:04.831275] [Import] [info] (th=29216) Materials count: 2
[21:02:04.831689] [Import] [info] (th=29216) Textures count (imported): 1
