[12:29:29.887004] [Import] [info] (th=4660) Log level for 'Import' set to 'info'
[12:29:29.888004] [Import] [info] (th=4660) Importing from E:\Users\Chris\Documents\ManuCollab\Ghost girl\Dizzy Idle.fbx
[12:29:30.028012] [Import] [info] (th=4660) Imported scene tree:
name: "RootNode"

	name: "Armature"
	
		name: "Hips"
		
			name: "Spine"
			
				name: "Spine1"
				
					name: "Spine2"
					
						name: "Neck"
						
							name: "Head"
							
								name: "HeadTop_End"
								
									name: "HeadTop_End_end"
									
						name: "LeftShoulder"
						
							name: "LeftArm"
							
								name: "LeftForeArm"
								
									name: "LeftHand"
									
										name: "LeftHandThumb1"
										
											name: "LeftHandThumb2"
											
												name: "LeftHandThumb3"
												
													name: "LeftHandThumb4"
													
														name: "LeftHandThumb4_end"
														
										name: "LeftHandIndex1"
										
											name: "LeftHandIndex2"
											
												name: "LeftHandIndex3"
												
													name: "LeftHandIndex4"
													
														name: "LeftHandIndex4_end"
														
										name: "LeftHandMiddle1"
										
											name: "LeftHandMiddle2"
											
												name: "LeftHandMiddle3"
												
													name: "LeftHandMiddle4"
													
														name: "LeftHandMiddle4_end"
														
										name: "LeftHandRing1"
										
											name: "LeftHandRing2"
											
												name: "LeftHandRing3"
												
													name: "LeftHandRing4"
													
														name: "LeftHandRing4_end"
														
										name: "LeftHandPinky1"
										
											name: "LeftHandPinky2"
											
												name: "LeftHandPinky3"
												
													name: "LeftHandPinky4"
													
														name: "LeftHandPinky4_end"
														
						name: "RightShoulder"
						
							name: "RightArm"
							
								name: "RightForeArm"
								
									name: "RightHand"
									
										name: "RightHandThumb1"
										
											name: "RightHandThumb2"
											
												name: "RightHandThumb3"
												
													name: "RightHandThumb4"
													
														name: "RightHandThumb4_end"
														
										name: "RightHandIndex1"
										
											name: "RightHandIndex2"
											
												name: "RightHandIndex3"
												
													name: "RightHandIndex4"
													
														name: "RightHandIndex4_end"
														
										name: "RightHandMiddle1"
										
											name: "RightHandMiddle2"
											
												name: "RightHandMiddle3"
												
													name: "RightHandMiddle4"
													
														name: "RightHandMiddle4_end"
														
										name: "RightHandRing1"
										
											name: "RightHandRing2"
											
												name: "RightHandRing3"
												
													name: "RightHandRing4"
													
														name: "RightHandRing4_end"
														
										name: "RightHandPinky1"
										
											name: "RightHandPinky2"
											
												name: "RightHandPinky3"
												
													name: "RightHandPinky4"
													
														name: "RightHandPinky4_end"
														
			name: "LeftUpLeg"
			
				name: "LeftLeg"
				
					name: "LeftFoot"
					
						name: "LeftToeBase"
						
							name: "LeftToe_End"
							
								name: "LeftToe_End_end"
								
			name: "RightUpLeg"
			
				name: "RightLeg"
				
					name: "RightFoot"
					
						name: "RightToeBase"
						
							name: "RightToe_End"
							
								name: "RightToe_End_end"
								

[12:29:30.028012] [Import] [info] (th=4660) File loaded successfully
[12:29:30.029012] [Import] [info] (th=4660) Meshes count: 0
[12:29:30.029012] [Import] [info] (th=4660) Materials count: 0
[12:32:17.791542] [Import] [info] (th=4660) Importing from E:\Users\Chris\Documents\ManuCollab\Ghost girl\Spin In Place.fbx
[12:32:18.290571] [Import] [info] (th=4660) Imported scene tree:
name: "RootNode"

	name: "Armature"
	
		name: "Hips"
		
			name: "Spine"
			
				name: "Spine1"
				
					name: "Spine2"
					
						name: "Neck"
						
							name: "Head"
							
								name: "HeadTop_End"
								
									name: "HeadTop_End_end"
									
						name: "LeftShoulder"
						
							name: "LeftArm"
							
								name: "LeftForeArm"
								
									name: "LeftHand"
									
										name: "LeftHandThumb1"
										
											name: "LeftHandThumb2"
											
												name: "LeftHandThumb3"
												
													name: "LeftHandThumb4"
													
														name: "LeftHandThumb4_end"
														
										name: "LeftHandIndex1"
										
											name: "LeftHandIndex2"
											
												name: "LeftHandIndex3"
												
													name: "LeftHandIndex4"
													
														name: "LeftHandIndex4_end"
														
										name: "LeftHandMiddle1"
										
											name: "LeftHandMiddle2"
											
												name: "LeftHandMiddle3"
												
													name: "LeftHandMiddle4"
													
														name: "LeftHandMiddle4_end"
														
										name: "LeftHandRing1"
										
											name: "LeftHandRing2"
											
												name: "LeftHandRing3"
												
													name: "LeftHandRing4"
													
														name: "LeftHandRing4_end"
														
										name: "LeftHandPinky1"
										
											name: "LeftHandPinky2"
											
												name: "LeftHandPinky3"
												
													name: "LeftHandPinky4"
													
														name: "LeftHandPinky4_end"
														
						name: "RightShoulder"
						
							name: "RightArm"
							
								name: "RightForeArm"
								
									name: "RightHand"
									
										name: "RightHandThumb1"
										
											name: "RightHandThumb2"
											
												name: "RightHandThumb3"
												
													name: "RightHandThumb4"
													
														name: "RightHandThumb4_end"
														
										name: "RightHandIndex1"
										
											name: "RightHandIndex2"
											
												name: "RightHandIndex3"
												
													name: "RightHandIndex4"
													
														name: "RightHandIndex4_end"
														
										name: "RightHandMiddle1"
										
											name: "RightHandMiddle2"
											
												name: "RightHandMiddle3"
												
													name: "RightHandMiddle4"
													
														name: "RightHandMiddle4_end"
														
										name: "RightHandRing1"
										
											name: "RightHandRing2"
											
												name: "RightHandRing3"
												
													name: "RightHandRing4"
													
														name: "RightHandRing4_end"
														
										name: "RightHandPinky1"
										
											name: "RightHandPinky2"
											
												name: "RightHandPinky3"
												
													name: "RightHandPinky4"
													
														name: "RightHandPinky4_end"
														
			name: "LeftUpLeg"
			
				name: "LeftLeg"
				
					name: "LeftFoot"
					
						name: "LeftToeBase"
						
							name: "LeftToe_End"
							
								name: "LeftToe_End_end"
								
			name: "RightUpLeg"
			
				name: "RightLeg"
				
					name: "RightFoot"
					
						name: "RightToeBase"
						
							name: "RightToe_End"
							
								name: "RightToe_End_end"
								

[12:32:18.290571] [Import] [info] (th=4660) File loaded successfully
[12:32:18.290571] [Import] [info] (th=4660) Meshes count: 0
[12:32:18.290571] [Import] [info] (th=4660) Materials count: 0
[12:33:21.664196] [Import] [info] (th=4660) Importing from E:\Users\Chris\Downloads\MANU-1.1.0-alpha\Assets\1. The Curse Assets\bookClosed2.fbx
[12:33:21.683197] [Import] [info] (th=4660) Imported scene tree:
name: "RootNode"

	name: "book.Closed"
	numMeshes: 3
	 addr: "000000008825B5A0"
	 name: "Cube.001"
	 numVertices: "194"
	 numFaces: "118"
	
	 addr: "000000008825C040"
	 name: "Cube.001"
	 numVertices: "12"
	 numFaces: "6"
	
	 addr: "000000008825C590"
	 name: "Cube.001"
	 numVertices: "54"
	 numFaces: "40"
	
	
	name: "Bookmark2"
	numMeshes: 1
	 addr: "00000001080651E0"
	 name: "Plane.001"
	 numVertices: "9"
	 numFaces: "5"
	
	

[12:33:21.683197] [Import] [info] (th=4660) File loaded successfully
[12:33:21.683197] [Import] [info] (th=4660) Meshes count: 4
[12:33:21.683197] [Import] [info] (th=4660) Materials count: 4
[12:33:21.684197] [Import] [info] (th=4660) Textures count (imported): 0
[12:46:55.494744] [Import] [info] (th=4660) Importing from E:\Users\Chris\Documents\ManuCollab\Ghost girl\Laughing.fbx
[12:46:55.584749] [Import] [info] (th=4660) Imported scene tree:
name: "RootNode"

	name: "Armature"
	
		name: "Hips"
		
			name: "Spine"
			
				name: "Spine1"
				
					name: "Spine2"
					
						name: "Neck"
						
							name: "Head"
							
								name: "HeadTop_End"
								
									name: "HeadTop_End_end"
									
						name: "LeftShoulder"
						
							name: "LeftArm"
							
								name: "LeftForeArm"
								
									name: "LeftHand"
									
										name: "LeftHandThumb1"
										
											name: "LeftHandThumb2"
											
												name: "LeftHandThumb3"
												
													name: "LeftHandThumb4"
													
														name: "LeftHandThumb4_end"
														
										name: "LeftHandIndex1"
										
											name: "LeftHandIndex2"
											
												name: "LeftHandIndex3"
												
													name: "LeftHandIndex4"
													
														name: "LeftHandIndex4_end"
														
										name: "LeftHandMiddle1"
										
											name: "LeftHandMiddle2"
											
												name: "LeftHandMiddle3"
												
													name: "LeftHandMiddle4"
													
														name: "LeftHandMiddle4_end"
														
										name: "LeftHandRing1"
										
											name: "LeftHandRing2"
											
												name: "LeftHandRing3"
												
													name: "LeftHandRing4"
													
														name: "LeftHandRing4_end"
														
										name: "LeftHandPinky1"
										
											name: "LeftHandPinky2"
											
												name: "LeftHandPinky3"
												
													name: "LeftHandPinky4"
													
														name: "LeftHandPinky4_end"
														
						name: "RightShoulder"
						
							name: "RightArm"
							
								name: "RightForeArm"
								
									name: "RightHand"
									
										name: "RightHandThumb1"
										
											name: "RightHandThumb2"
											
												name: "RightHandThumb3"
												
													name: "RightHandThumb4"
													
														name: "RightHandThumb4_end"
														
										name: "RightHandIndex1"
										
											name: "RightHandIndex2"
											
												name: "RightHandIndex3"
												
													name: "RightHandIndex4"
													
														name: "RightHandIndex4_end"
														
										name: "RightHandMiddle1"
										
											name: "RightHandMiddle2"
											
												name: "RightHandMiddle3"
												
													name: "RightHandMiddle4"
													
														name: "RightHandMiddle4_end"
														
										name: "RightHandRing1"
										
											name: "RightHandRing2"
											
												name: "RightHandRing3"
												
													name: "RightHandRing4"
													
														name: "RightHandRing4_end"
														
										name: "RightHandPinky1"
										
											name: "RightHandPinky2"
											
												name: "RightHandPinky3"
												
													name: "RightHandPinky4"
													
														name: "RightHandPinky4_end"
														
			name: "LeftUpLeg"
			
				name: "LeftLeg"
				
					name: "LeftFoot"
					
						name: "LeftToeBase"
						
							name: "LeftToe_End"
							
								name: "LeftToe_End_end"
								
			name: "RightUpLeg"
			
				name: "RightLeg"
				
					name: "RightFoot"
					
						name: "RightToeBase"
						
							name: "RightToe_End"
							
								name: "RightToe_End_end"
								

[12:46:55.584749] [Import] [info] (th=4660) File loaded successfully
[12:46:55.584749] [Import] [info] (th=4660) Meshes count: 0
[12:46:55.584749] [Import] [info] (th=4660) Materials count: 0
[12:51:11.960413] [Import] [info] (th=4660) Importing from E:\Users\Chris\Documents\ManuCollab\Ghost girl\Picking Up Object.fbx
[12:51:12.064419] [Import] [info] (th=4660) Imported scene tree:
name: "RootNode"

	name: "Armature"
	
		name: "Hips"
		
			name: "Spine"
			
				name: "Spine1"
				
					name: "Spine2"
					
						name: "Neck"
						
							name: "Head"
							
								name: "HeadTop_End"
								
									name: "HeadTop_End_end"
									
						name: "LeftShoulder"
						
							name: "LeftArm"
							
								name: "LeftForeArm"
								
									name: "LeftHand"
									
										name: "LeftHandThumb1"
										
											name: "LeftHandThumb2"
											
												name: "LeftHandThumb3"
												
													name: "LeftHandThumb4"
													
														name: "LeftHandThumb4_end"
														
										name: "LeftHandIndex1"
										
											name: "LeftHandIndex2"
											
												name: "LeftHandIndex3"
												
													name: "LeftHandIndex4"
													
														name: "LeftHandIndex4_end"
														
										name: "LeftHandMiddle1"
										
											name: "LeftHandMiddle2"
											
												name: "LeftHandMiddle3"
												
													name: "LeftHandMiddle4"
													
														name: "LeftHandMiddle4_end"
														
										name: "LeftHandRing1"
										
											name: "LeftHandRing2"
											
												name: "LeftHandRing3"
												
													name: "LeftHandRing4"
													
														name: "LeftHandRing4_end"
														
										name: "LeftHandPinky1"
										
											name: "LeftHandPinky2"
											
												name: "LeftHandPinky3"
												
													name: "LeftHandPinky4"
													
														name: "LeftHandPinky4_end"
														
						name: "RightShoulder"
						
							name: "RightArm"
							
								name: "RightForeArm"
								
									name: "RightHand"
									
										name: "RightHandThumb1"
										
											name: "RightHandThumb2"
											
												name: "RightHandThumb3"
												
													name: "RightHandThumb4"
													
														name: "RightHandThumb4_end"
														
										name: "RightHandIndex1"
										
											name: "RightHandIndex2"
											
												name: "RightHandIndex3"
												
													name: "RightHandIndex4"
													
														name: "RightHandIndex4_end"
														
										name: "RightHandMiddle1"
										
											name: "RightHandMiddle2"
											
												name: "RightHandMiddle3"
												
													name: "RightHandMiddle4"
													
														name: "RightHandMiddle4_end"
														
										name: "RightHandRing1"
										
											name: "RightHandRing2"
											
												name: "RightHandRing3"
												
													name: "RightHandRing4"
													
														name: "RightHandRing4_end"
														
										name: "RightHandPinky1"
										
											name: "RightHandPinky2"
											
												name: "RightHandPinky3"
												
													name: "RightHandPinky4"
													
														name: "RightHandPinky4_end"
														
			name: "LeftUpLeg"
			
				name: "LeftLeg"
				
					name: "LeftFoot"
					
						name: "LeftToeBase"
						
							name: "LeftToe_End"
							
								name: "LeftToe_End_end"
								
			name: "RightUpLeg"
			
				name: "RightLeg"
				
					name: "RightFoot"
					
						name: "RightToeBase"
						
							name: "RightToe_End"
							
								name: "RightToe_End_end"
								

[12:51:12.064419] [Import] [info] (th=4660) File loaded successfully
[12:51:12.064419] [Import] [info] (th=4660) Meshes count: 0
[12:51:12.064419] [Import] [info] (th=4660) Materials count: 0
[12:51:44.058249] [Import] [info] (th=4660) Importing from E:\Users\Chris\Documents\ManuCollab\Ghost girl\Lifting.fbx
[12:51:44.180256] [Import] [info] (th=4660) Imported scene tree:
name: "RootNode"

	name: "Armature"
	
		name: "Hips"
		
			name: "Spine"
			
				name: "Spine1"
				
					name: "Spine2"
					
						name: "Neck"
						
							name: "Head"
							
								name: "HeadTop_End"
								
									name: "HeadTop_End_end"
									
						name: "LeftShoulder"
						
							name: "LeftArm"
							
								name: "LeftForeArm"
								
									name: "LeftHand"
									
										name: "LeftHandThumb1"
										
											name: "LeftHandThumb2"
											
												name: "LeftHandThumb3"
												
													name: "LeftHandThumb4"
													
														name: "LeftHandThumb4_end"
														
										name: "LeftHandIndex1"
										
											name: "LeftHandIndex2"
											
												name: "LeftHandIndex3"
												
													name: "LeftHandIndex4"
													
														name: "LeftHandIndex4_end"
														
										name: "LeftHandMiddle1"
										
											name: "LeftHandMiddle2"
											
												name: "LeftHandMiddle3"
												
													name: "LeftHandMiddle4"
													
														name: "LeftHandMiddle4_end"
														
										name: "LeftHandRing1"
										
											name: "LeftHandRing2"
											
												name: "LeftHandRing3"
												
													name: "LeftHandRing4"
													
														name: "LeftHandRing4_end"
														
										name: "LeftHandPinky1"
										
											name: "LeftHandPinky2"
											
												name: "LeftHandPinky3"
												
													name: "LeftHandPinky4"
													
														name: "LeftHandPinky4_end"
														
						name: "RightShoulder"
						
							name: "RightArm"
							
								name: "RightForeArm"
								
									name: "RightHand"
									
										name: "RightHandThumb1"
										
											name: "RightHandThumb2"
											
												name: "RightHandThumb3"
												
													name: "RightHandThumb4"
													
														name: "RightHandThumb4_end"
														
										name: "RightHandIndex1"
										
											name: "RightHandIndex2"
											
												name: "RightHandIndex3"
												
													name: "RightHandIndex4"
													
														name: "RightHandIndex4_end"
														
										name: "RightHandMiddle1"
										
											name: "RightHandMiddle2"
											
												name: "RightHandMiddle3"
												
													name: "RightHandMiddle4"
													
														name: "RightHandMiddle4_end"
														
										name: "RightHandRing1"
										
											name: "RightHandRing2"
											
												name: "RightHandRing3"
												
													name: "RightHandRing4"
													
														name: "RightHandRing4_end"
														
										name: "RightHandPinky1"
										
											name: "RightHandPinky2"
											
												name: "RightHandPinky3"
												
													name: "RightHandPinky4"
													
														name: "RightHandPinky4_end"
														
			name: "LeftUpLeg"
			
				name: "LeftLeg"
				
					name: "LeftFoot"
					
						name: "LeftToeBase"
						
							name: "LeftToe_End"
							
								name: "LeftToe_End_end"
								
			name: "RightUpLeg"
			
				name: "RightLeg"
				
					name: "RightFoot"
					
						name: "RightToeBase"
						
							name: "RightToe_End"
							
								name: "RightToe_End_end"
								

[12:51:44.180256] [Import] [info] (th=4660) File loaded successfully
[12:51:44.180256] [Import] [info] (th=4660) Meshes count: 0
[12:51:44.180256] [Import] [info] (th=4660) Materials count: 0
