[18:05:46.630857] [Import] [info] (th=20076) Log level for 'Import' set to 'info'
[18:05:46.631009] [Import] [info] (th=20076) Importing from D:\Users\Chris\Documents\ManuCollab\GGG_sketch_export_to_MIXAMO.fbx\Mixamo animations\scary new set\sleeping_idle1.fbx
[18:05:46.750917] [Import] [info] (th=20076) Imported scene tree:
name: "RootNode"

	name: "G_male_base_armature"
	
		name: "root_bone"
		
			name: "Hips"
			
				name: "spine"
				
					name: "chest_bottom"
					
						name: "chest"
						
							name: "neck"
							
								name: "Head"
								
									name: "braid1.L"
									
										name: "braid2.L"
										
											name: "braid3.L"
											
												name: "braid4.L"
												
													name: "braid4.L_end"
													
									name: "braid1.R"
									
										name: "braid2.R"
										
											name: "braid3.R"
											
												name: "braid4.R"
												
													name: "braid4.R_end"
													
									name: "eye.L"
									
										name: "eye.L_end"
										
									name: "eye.R"
									
										name: "eye.R_end"
										
							name: "shoulder.L"
							
								name: "arm.L"
								
									name: "forearm.L"
									
										name: "hand.L"
										
											name: "f_Thumb1.L"
											
												name: "f_Thumb2.L"
												
													name: "f_Thumb3.L"
													
														name: "f_Thumb3.L_end"
														
											name: "f_Index1.L"
											
												name: "f_Index2.L"
												
													name: "f_Index3.L"
													
														name: "f_Index3.L_end"
														
											name: "f_Middle1.L"
											
												name: "f_Middle2.L"
												
													name: "f_Middle3.L"
													
														name: "f_Middle3.L_end"
														
											name: "f_Ring1.L"
											
												name: "f_Ring2.L"
												
													name: "f_Ring3.L"
													
														name: "f_Ring3.L_end"
														
											name: "f_Pinky1.L"
											
												name: "f_Pinky2.L"
												
													name: "f_Pinky3.L"
													
														name: "f_Pinky3.L_end"
														
							name: "shoulder.R"
							
								name: "arm.R"
								
									name: "forearm.R"
									
										name: "hand.R"
										
											name: "f_Thumb1.R"
											
												name: "f_Thumb2.R"
												
													name: "f_Thumb3.R"
													
														name: "f_Thumb3.R_end"
														
											name: "f_Index1.R"
											
												name: "f_Index2.R"
												
													name: "f_Index3.R"
													
														name: "f_Index3.R_end"
														
											name: "f_Middle1.R"
											
												name: "f_Middle2.R"
												
													name: "f_Middle3.R"
													
														name: "f_Middle3.R_end"
														
											name: "f_Ring1.R"
											
												name: "f_Ring2.R"
												
													name: "f_Ring3.R"
													
														name: "f_Ring3.R_end"
														
											name: "f_Pinky1.R"
											
												name: "f_Pinky2.R"
												
													name: "f_Pinky3.R"
													
														name: "f_Pinky3.R_end"
														
				name: "leg_up.L"
				
					name: "leg.L"
					
						name: "foot.L"
						
							name: "toe.L"
							
								name: "toe.L_end"
								
				name: "leg_up.R"
				
					name: "leg.R"
					
						name: "foot.R"
						
							name: "toe.R"
							
								name: "toe.R_end"
								

[18:05:46.751013] [Import] [info] (th=20076) File loaded successfully
[18:05:46.751089] [Import] [info] (th=20076) Meshes count: 0
[18:05:46.751164] [Import] [info] (th=20076) Materials count: 0
[18:05:46.755526] [Import] [error] (th=20076) Cannot find node: G_male_base_armature
[18:05:46.755634] [Import] [error] (th=20076) Cannot find node: Head
[18:05:46.755739] [Import] [error] (th=20076) Cannot find node: Hips
[18:05:46.755845] [Import] [error] (th=20076) Cannot find node: arm.L
[18:05:46.755951] [Import] [error] (th=20076) Cannot find node: arm.R
[18:05:46.756063] [Import] [error] (th=20076) Cannot find node: braid1.L
[18:05:46.756168] [Import] [error] (th=20076) Cannot find node: braid1.R
[18:05:46.756273] [Import] [error] (th=20076) Cannot find node: braid2.L
[18:05:46.756379] [Import] [error] (th=20076) Cannot find node: braid2.R
[18:05:46.756489] [Import] [error] (th=20076) Cannot find node: braid3.L
[18:05:46.756595] [Import] [error] (th=20076) Cannot find node: braid3.R
[18:05:46.756701] [Import] [error] (th=20076) Cannot find node: braid4.L
[18:05:46.756814] [Import] [error] (th=20076) Cannot find node: braid4.R
[18:05:46.756941] [Import] [error] (th=20076) Cannot find node: chest
[18:05:46.757054] [Import] [error] (th=20076) Cannot find node: chest_bottom
[18:05:46.757161] [Import] [error] (th=20076) Cannot find node: eye.L
[18:05:46.757267] [Import] [error] (th=20076) Cannot find node: eye.R
[18:05:46.757375] [Import] [error] (th=20076) Cannot find node: f_Index1.L
[18:05:46.757483] [Import] [error] (th=20076) Cannot find node: f_Index1.R
[18:05:46.757593] [Import] [error] (th=20076) Cannot find node: f_Index2.L
[18:05:46.757700] [Import] [error] (th=20076) Cannot find node: f_Index2.R
[18:05:46.757806] [Import] [error] (th=20076) Cannot find node: f_Index3.L
[18:05:46.757913] [Import] [error] (th=20076) Cannot find node: f_Index3.R
[18:05:46.758024] [Import] [error] (th=20076) Cannot find node: f_Middle1.L
[18:05:46.758131] [Import] [error] (th=20076) Cannot find node: f_Middle1.R
[18:05:46.758238] [Import] [error] (th=20076) Cannot find node: f_Middle2.L
[18:05:46.758346] [Import] [error] (th=20076) Cannot find node: f_Middle2.R
[18:05:46.758453] [Import] [error] (th=20076) Cannot find node: f_Middle3.L
[18:05:46.758561] [Import] [error] (th=20076) Cannot find node: f_Middle3.R
[18:05:46.758672] [Import] [error] (th=20076) Cannot find node: f_Pinky1.L
[18:05:46.758779] [Import] [error] (th=20076) Cannot find node: f_Pinky1.R
[18:05:46.758910] [Import] [error] (th=20076) Cannot find node: f_Pinky2.L
[18:05:46.759184] [Import] [error] (th=20076) Cannot find node: f_Pinky2.R
[18:05:46.759511] [Import] [error] (th=20076) Cannot find node: f_Pinky3.L
[18:05:46.759631] [Import] [error] (th=20076) Cannot find node: f_Pinky3.R
[18:05:46.759745] [Import] [error] (th=20076) Cannot find node: f_Ring1.L
[18:05:46.759856] [Import] [error] (th=20076) Cannot find node: f_Ring1.R
[18:05:46.759964] [Import] [error] (th=20076) Cannot find node: f_Ring2.L
[18:05:46.760087] [Import] [error] (th=20076) Cannot find node: f_Ring2.R
[18:05:46.760197] [Import] [error] (th=20076) Cannot find node: f_Ring3.L
[18:05:46.760317] [Import] [error] (th=20076) Cannot find node: f_Ring3.R
[18:05:46.760429] [Import] [error] (th=20076) Cannot find node: f_Thumb1.L
[18:05:46.760540] [Import] [error] (th=20076) Cannot find node: f_Thumb1.R
[18:05:46.760648] [Import] [error] (th=20076) Cannot find node: f_Thumb2.L
[18:05:46.760765] [Import] [error] (th=20076) Cannot find node: f_Thumb2.R
[18:05:46.760901] [Import] [error] (th=20076) Cannot find node: f_Thumb3.L
[18:05:46.761047] [Import] [error] (th=20076) Cannot find node: f_Thumb3.R
[18:05:46.761165] [Import] [error] (th=20076) Cannot find node: foot.L
[18:05:46.761276] [Import] [error] (th=20076) Cannot find node: foot.R
[18:05:46.761385] [Import] [error] (th=20076) Cannot find node: forearm.L
[18:05:46.761500] [Import] [error] (th=20076) Cannot find node: forearm.R
[18:05:46.761609] [Import] [error] (th=20076) Cannot find node: hand.L
[18:05:46.761721] [Import] [error] (th=20076) Cannot find node: hand.R
[18:05:46.761833] [Import] [error] (th=20076) Cannot find node: leg.L
[18:05:46.761942] [Import] [error] (th=20076) Cannot find node: leg.R
[18:05:46.762056] [Import] [error] (th=20076) Cannot find node: leg_up.L
[18:05:46.762192] [Import] [error] (th=20076) Cannot find node: leg_up.R
[18:05:46.762299] [Import] [error] (th=20076) Cannot find node: neck
[18:05:46.762406] [Import] [error] (th=20076) Cannot find node: root_bone
[18:05:46.762520] [Import] [error] (th=20076) Cannot find node: shoulder.L
[18:05:46.762687] [Import] [error] (th=20076) Cannot find node: shoulder.R
[18:05:46.762816] [Import] [error] (th=20076) Cannot find node: spine
[18:05:46.762988] [Import] [error] (th=20076) Cannot find node: toe.L
[18:05:46.763111] [Import] [error] (th=20076) Cannot find node: toe.R
[18:05:46.763166] [Import] [error] (th=20076) File's animations are incompatible with the selected MANU's node
[18:06:18.968618] [Import] [info] (th=20076) Importing from D:\Users\Chris\Documents\ManuCollab\GGG_sketch_export_to_MIXAMO.fbx\Mixamo animations\scary new set\sleeping_idle1.fbx
[18:06:19.014872] [Import] [info] (th=20076) Imported scene tree:
name: "RootNode"

	name: "G_male_base_armature"
	
		name: "root_bone"
		
			name: "Hips"
			
				name: "spine"
				
					name: "chest_bottom"
					
						name: "chest"
						
							name: "neck"
							
								name: "Head"
								
									name: "braid1.L"
									
										name: "braid2.L"
										
											name: "braid3.L"
											
												name: "braid4.L"
												
													name: "braid4.L_end"
													
									name: "braid1.R"
									
										name: "braid2.R"
										
											name: "braid3.R"
											
												name: "braid4.R"
												
													name: "braid4.R_end"
													
									name: "eye.L"
									
										name: "eye.L_end"
										
									name: "eye.R"
									
										name: "eye.R_end"
										
							name: "shoulder.L"
							
								name: "arm.L"
								
									name: "forearm.L"
									
										name: "hand.L"
										
											name: "f_Thumb1.L"
											
												name: "f_Thumb2.L"
												
													name: "f_Thumb3.L"
													
														name: "f_Thumb3.L_end"
														
											name: "f_Index1.L"
											
												name: "f_Index2.L"
												
													name: "f_Index3.L"
													
														name: "f_Index3.L_end"
														
											name: "f_Middle1.L"
											
												name: "f_Middle2.L"
												
													name: "f_Middle3.L"
													
														name: "f_Middle3.L_end"
														
											name: "f_Ring1.L"
											
												name: "f_Ring2.L"
												
													name: "f_Ring3.L"
													
														name: "f_Ring3.L_end"
														
											name: "f_Pinky1.L"
											
												name: "f_Pinky2.L"
												
													name: "f_Pinky3.L"
													
														name: "f_Pinky3.L_end"
														
							name: "shoulder.R"
							
								name: "arm.R"
								
									name: "forearm.R"
									
										name: "hand.R"
										
											name: "f_Thumb1.R"
											
												name: "f_Thumb2.R"
												
													name: "f_Thumb3.R"
													
														name: "f_Thumb3.R_end"
														
											name: "f_Index1.R"
											
												name: "f_Index2.R"
												
													name: "f_Index3.R"
													
														name: "f_Index3.R_end"
														
											name: "f_Middle1.R"
											
												name: "f_Middle2.R"
												
													name: "f_Middle3.R"
													
														name: "f_Middle3.R_end"
														
											name: "f_Ring1.R"
											
												name: "f_Ring2.R"
												
													name: "f_Ring3.R"
													
														name: "f_Ring3.R_end"
														
											name: "f_Pinky1.R"
											
												name: "f_Pinky2.R"
												
													name: "f_Pinky3.R"
													
														name: "f_Pinky3.R_end"
														
				name: "leg_up.L"
				
					name: "leg.L"
					
						name: "foot.L"
						
							name: "toe.L"
							
								name: "toe.L_end"
								
				name: "leg_up.R"
				
					name: "leg.R"
					
						name: "foot.R"
						
							name: "toe.R"
							
								name: "toe.R_end"
								

[18:06:19.014967] [Import] [info] (th=20076) File loaded successfully
[18:06:19.015037] [Import] [info] (th=20076) Meshes count: 0
[18:06:19.015105] [Import] [info] (th=20076) Materials count: 0
[18:06:19.019975] [Import] [error] (th=20076) Cannot find node: G_male_base_armature
[18:06:19.020119] [Import] [error] (th=20076) Cannot find node: Head
[18:06:19.020261] [Import] [error] (th=20076) Cannot find node: Hips
[18:06:19.020404] [Import] [error] (th=20076) Cannot find node: arm.L
[18:06:19.020564] [Import] [error] (th=20076) Cannot find node: arm.R
[18:06:19.020706] [Import] [error] (th=20076) Cannot find node: braid1.L
[18:06:19.020848] [Import] [error] (th=20076) Cannot find node: braid1.R
[18:06:19.020987] [Import] [error] (th=20076) Cannot find node: braid2.L
[18:06:19.021129] [Import] [error] (th=20076) Cannot find node: braid2.R
[18:06:19.021268] [Import] [error] (th=20076) Cannot find node: braid3.L
[18:06:19.021409] [Import] [error] (th=20076) Cannot find node: braid3.R
[18:06:19.021554] [Import] [error] (th=20076) Cannot find node: braid4.L
[18:06:19.021694] [Import] [error] (th=20076) Cannot find node: braid4.R
[18:06:19.021834] [Import] [error] (th=20076) Cannot find node: chest
[18:06:19.021977] [Import] [error] (th=20076) Cannot find node: chest_bottom
[18:06:19.022120] [Import] [error] (th=20076) Cannot find node: eye.L
[18:06:19.022262] [Import] [error] (th=20076) Cannot find node: eye.R
[18:06:19.022406] [Import] [error] (th=20076) Cannot find node: f_Index1.L
[18:06:19.022571] [Import] [error] (th=20076) Cannot find node: f_Index1.R
[18:06:19.022717] [Import] [error] (th=20076) Cannot find node: f_Index2.L
[18:06:19.022857] [Import] [error] (th=20076) Cannot find node: f_Index2.R
[18:06:19.023087] [Import] [error] (th=20076) Cannot find node: f_Index3.L
[18:06:19.023260] [Import] [error] (th=20076) Cannot find node: f_Index3.R
[18:06:19.023440] [Import] [error] (th=20076) Cannot find node: f_Middle1.L
[18:06:19.023635] [Import] [error] (th=20076) Cannot find node: f_Middle1.R
[18:06:19.023829] [Import] [error] (th=20076) Cannot find node: f_Middle2.L
[18:06:19.023989] [Import] [error] (th=20076) Cannot find node: f_Middle2.R
[18:06:19.024122] [Import] [error] (th=20076) Cannot find node: f_Middle3.L
[18:06:19.024245] [Import] [error] (th=20076) Cannot find node: f_Middle3.R
[18:06:19.024413] [Import] [error] (th=20076) Cannot find node: f_Pinky1.L
[18:06:19.024583] [Import] [error] (th=20076) Cannot find node: f_Pinky1.R
[18:06:19.024757] [Import] [error] (th=20076) Cannot find node: f_Pinky2.L
[18:06:19.024899] [Import] [error] (th=20076) Cannot find node: f_Pinky2.R
[18:06:19.025036] [Import] [error] (th=20076) Cannot find node: f_Pinky3.L
[18:06:19.025221] [Import] [error] (th=20076) Cannot find node: f_Pinky3.R
[18:06:19.025358] [Import] [error] (th=20076) Cannot find node: f_Ring1.L
[18:06:19.025493] [Import] [error] (th=20076) Cannot find node: f_Ring1.R
[18:06:19.025653] [Import] [error] (th=20076) Cannot find node: f_Ring2.L
[18:06:19.025790] [Import] [error] (th=20076) Cannot find node: f_Ring2.R
[18:06:19.025924] [Import] [error] (th=20076) Cannot find node: f_Ring3.L
[18:06:19.026057] [Import] [error] (th=20076) Cannot find node: f_Ring3.R
[18:06:19.026190] [Import] [error] (th=20076) Cannot find node: f_Thumb1.L
[18:06:19.026324] [Import] [error] (th=20076) Cannot find node: f_Thumb1.R
[18:06:19.026457] [Import] [error] (th=20076) Cannot find node: f_Thumb2.L
[18:06:19.026597] [Import] [error] (th=20076) Cannot find node: f_Thumb2.R
[18:06:19.026730] [Import] [error] (th=20076) Cannot find node: f_Thumb3.L
[18:06:19.026864] [Import] [error] (th=20076) Cannot find node: f_Thumb3.R
[18:06:19.026998] [Import] [error] (th=20076) Cannot find node: foot.L
[18:06:19.027130] [Import] [error] (th=20076) Cannot find node: foot.R
[18:06:19.027264] [Import] [error] (th=20076) Cannot find node: forearm.L
[18:06:19.027398] [Import] [error] (th=20076) Cannot find node: forearm.R
[18:06:19.027530] [Import] [error] (th=20076) Cannot find node: hand.L
[18:06:19.027668] [Import] [error] (th=20076) Cannot find node: hand.R
[18:06:19.027801] [Import] [error] (th=20076) Cannot find node: leg.L
[18:06:19.027933] [Import] [error] (th=20076) Cannot find node: leg.R
[18:06:19.028064] [Import] [error] (th=20076) Cannot find node: leg_up.L
[18:06:19.028197] [Import] [error] (th=20076) Cannot find node: leg_up.R
[18:06:19.028331] [Import] [error] (th=20076) Cannot find node: neck
[18:06:19.028464] [Import] [error] (th=20076) Cannot find node: root_bone
[18:06:19.028814] [Import] [error] (th=20076) Cannot find node: shoulder.L
[18:06:19.028984] [Import] [error] (th=20076) Cannot find node: shoulder.R
[18:06:19.029123] [Import] [error] (th=20076) Cannot find node: spine
[18:06:19.029263] [Import] [error] (th=20076) Cannot find node: toe.L
[18:06:19.029402] [Import] [error] (th=20076) Cannot find node: toe.R
[18:06:19.029480] [Import] [error] (th=20076) File's animations are incompatible with the selected MANU's node
[18:06:56.304830] [Import] [info] (th=20076) Importing from D:\Users\Chris\Documents\ManuCollab\GGG_sketch_export_to_MIXAMO.fbx\Mixamo animations\scary new set\sleeping_idle1.fbx
[18:06:56.347680] [Import] [info] (th=20076) Imported scene tree:
name: "RootNode"

	name: "G_male_base_armature"
	
		name: "root_bone"
		
			name: "Hips"
			
				name: "spine"
				
					name: "chest_bottom"
					
						name: "chest"
						
							name: "neck"
							
								name: "Head"
								
									name: "braid1.L"
									
										name: "braid2.L"
										
											name: "braid3.L"
											
												name: "braid4.L"
												
													name: "braid4.L_end"
													
									name: "braid1.R"
									
										name: "braid2.R"
										
											name: "braid3.R"
											
												name: "braid4.R"
												
													name: "braid4.R_end"
													
									name: "eye.L"
									
										name: "eye.L_end"
										
									name: "eye.R"
									
										name: "eye.R_end"
										
							name: "shoulder.L"
							
								name: "arm.L"
								
									name: "forearm.L"
									
										name: "hand.L"
										
											name: "f_Thumb1.L"
											
												name: "f_Thumb2.L"
												
													name: "f_Thumb3.L"
													
														name: "f_Thumb3.L_end"
														
											name: "f_Index1.L"
											
												name: "f_Index2.L"
												
													name: "f_Index3.L"
													
														name: "f_Index3.L_end"
														
											name: "f_Middle1.L"
											
												name: "f_Middle2.L"
												
													name: "f_Middle3.L"
													
														name: "f_Middle3.L_end"
														
											name: "f_Ring1.L"
											
												name: "f_Ring2.L"
												
													name: "f_Ring3.L"
													
														name: "f_Ring3.L_end"
														
											name: "f_Pinky1.L"
											
												name: "f_Pinky2.L"
												
													name: "f_Pinky3.L"
													
														name: "f_Pinky3.L_end"
														
							name: "shoulder.R"
							
								name: "arm.R"
								
									name: "forearm.R"
									
										name: "hand.R"
										
											name: "f_Thumb1.R"
											
												name: "f_Thumb2.R"
												
													name: "f_Thumb3.R"
													
														name: "f_Thumb3.R_end"
														
											name: "f_Index1.R"
											
												name: "f_Index2.R"
												
													name: "f_Index3.R"
													
														name: "f_Index3.R_end"
														
											name: "f_Middle1.R"
											
												name: "f_Middle2.R"
												
													name: "f_Middle3.R"
													
														name: "f_Middle3.R_end"
														
											name: "f_Ring1.R"
											
												name: "f_Ring2.R"
												
													name: "f_Ring3.R"
													
														name: "f_Ring3.R_end"
														
											name: "f_Pinky1.R"
											
												name: "f_Pinky2.R"
												
													name: "f_Pinky3.R"
													
														name: "f_Pinky3.R_end"
														
				name: "leg_up.L"
				
					name: "leg.L"
					
						name: "foot.L"
						
							name: "toe.L"
							
								name: "toe.L_end"
								
				name: "leg_up.R"
				
					name: "leg.R"
					
						name: "foot.R"
						
							name: "toe.R"
							
								name: "toe.R_end"
								

[18:06:56.347750] [Import] [info] (th=20076) File loaded successfully
[18:06:56.347806] [Import] [info] (th=20076) Meshes count: 0
[18:06:56.347861] [Import] [info] (th=20076) Materials count: 0
