[12:01:57.248142] [Import] [info] (th=20556) Log level for 'Import' set to 'info'
[12:01:57.255114] [Import] [info] (th=20556) Importing from E:\!_WORK\GAMEdev\Manu\MyGame\Scenes\Scene_2.5\Scene_2.5.fbx
[12:01:57.258450] [Import] [info] (th=20556) Imported scene tree:
name: "RootNode"

	name: "Scene_Bath"
	numMeshes: 1
	 addr: "0000020A55D37A90"
	 name: "Cube.162"
	 numVertices: "1222"
	 numFaces: "656"
	
	

[12:01:57.258493] [Import] [info] (th=20556) File loaded successfully
[12:01:57.258529] [Import] [info] (th=20556) Meshes count: 1
[12:01:57.258565] [Import] [info] (th=20556) Materials count: 1
[12:01:57.259036] [Import] [warning] (th=20556) It seems that scene structure is different
[12:02:06.659933] [Import] [info] (th=20556) Importing from E:\!_WORK\GAMEdev\Manu\MyGame\Scenes\Scene_2.5\Scene_2.5_cave.fbx
[12:02:06.661666] [Import] [info] (th=20556) Imported scene tree:
name: "RootNode"

	name: "Scene_Bath.001"
	numMeshes: 1
	 addr: "0000020C15C51C80"
	 name: "Cube.001"
	 numVertices: "146"
	 numFaces: "150"
	
	

[12:02:06.661753] [Import] [info] (th=20556) File loaded successfully
[12:02:06.661834] [Import] [info] (th=20556) Meshes count: 1
[12:02:06.661914] [Import] [info] (th=20556) Materials count: 1
[12:02:06.692822] [Import] [info] (th=20556) Textures count (imported): 1
