[19:51:40.469493] [SceneFactory] [info] (th=13292) Log level for 'SceneFactory' set to 'info'
[12:34:46.810034] [SceneFactory] [info] (th=11588) Log level for 'SceneFactory' set to 'info'
[18:31:36.232714] [SceneFactory] [info] (th=9548) Log level for 'SceneFactory' set to 'info'
[19:20:52.687167] [SceneFactory] [info] (th=9548) GhostObject is created: id: 9CB8B4C8-A891-4F02-AE9E-614B6F71EAA5
[15:50:37.418377] [SceneFactory] [info] (th=15096) Log level for 'SceneFactory' set to 'info'
[16:26:45.168651] [SceneFactory] [info] (th=15096) GhostObject is created: id: 309C6DE0-F610-43AD-AE1B-892262DD0123
[17:39:07.742216] [SceneFactory] [info] (th=15096) GhostObject is created: id: 5B2CA47F-384D-48D4-8CF9-FDB19317C168
[18:43:38.929913] [SceneFactory] [info] (th=14948) Log level for 'SceneFactory' set to 'info'
[18:43:38.929999] [SceneFactory] [info] (th=14948) GhostObject is created: id: 9B40F918-5571-4911-8C18-4AC1B1AEC5FB
[21:13:56.865886] [SceneFactory] [info] (th=11460) Log level for 'SceneFactory' set to 'info'
[21:20:19.944199] [SceneFactory] [info] (th=11460) Light is created: id: 5EA06EC2-3546-4542-B81A-E09CDF3CBD49
[21:22:08.504031] [SceneFactory] [info] (th=11460) Light is created: id: FFCEA035-0F48-424F-B208-0D6E2E8D0764
[11:27:19.988803] [SceneFactory] [info] (th=12828) Log level for 'SceneFactory' set to 'info'
[13:48:20.396052] [SceneFactory] [info] (th=9256) Log level for 'SceneFactory' set to 'info'
[10:54:10.722140] [SceneFactory] [info] (th=10300) Log level for 'SceneFactory' set to 'info'
[11:53:21.012285] [SceneFactory] [info] (th=19384) Log level for 'SceneFactory' set to 'info'
[13:07:06.753504] [SceneFactory] [info] (th=19384) GhostObject is created: id: 11A2F99B-13BD-4AD7-8DB9-7D4D57E51886
[17:42:07.655765] [SceneFactory] [info] (th=3792) Log level for 'SceneFactory' set to 'info'
[17:42:07.655830] [SceneFactory] [info] (th=3792) AudioSource is created: id: 7F47A320-D909-4B45-B7A1-A7620E383D6B
[18:33:14.309044] [SceneFactory] [info] (th=1860) Log level for 'SceneFactory' set to 'info'
[12:47:34.415439] [SceneFactory] [info] (th=11608) Log level for 'SceneFactory' set to 'info'
[12:31:22.663727] [SceneFactory] [info] (th=9580) Log level for 'SceneFactory' set to 'info'
[10:11:29.095409] [SceneFactory] [info] (th=7712) Log level for 'SceneFactory' set to 'info'
[10:11:29.095529] [SceneFactory] [info] (th=7712) GhostObject is created: id: 801574C5-1C93-4971-A327-34ABA8FF2FF9
[18:02:02.096136] [SceneFactory] [info] (th=7712) Log level for 'SceneFactory' set to 'info'
[19:03:12.996292] [SceneFactory] [info] (th=12624) Log level for 'SceneFactory' set to 'info'
[18:23:17.222374] [SceneFactory] [info] (th=1480) Log level for 'SceneFactory' set to 'info'
[13:49:44.376655] [SceneFactory] [info] (th=13880) Log level for 'SceneFactory' set to 'info'
[13:49:44.376723] [SceneFactory] [info] (th=13880) Light is created: id: 87EDE0F7-FC60-412F-B560-8B4C9CCEFDAB
[15:33:08.513943] [SceneFactory] [info] (th=15584) Log level for 'SceneFactory' set to 'info'
[20:09:41.434628] [SceneFactory] [info] (th=2492) Log level for 'SceneFactory' set to 'info'
[20:09:41.435329] [SceneFactory] [info] (th=2492) Plane is created: id: FA3EA76A-602B-423B-82B1-25B82A05E2C7
[13:12:29.753483] [SceneFactory] [info] (th=20672) Log level for 'SceneFactory' set to 'info'
[17:18:57.660407] [SceneFactory] [info] (th=16740) Log level for 'SceneFactory' set to 'info'
[10:15:44.808270] [SceneFactory] [info] (th=13364) Log level for 'SceneFactory' set to 'info'
[15:47:55.458769] [SceneFactory] [info] (th=20700) Log level for 'SceneFactory' set to 'info'
[18:13:26.799855] [SceneFactory] [info] (th=20700) Log level for 'SceneFactory' set to 'info'
[09:58:48.529153] [SceneFactory] [info] (th=12880) Log level for 'SceneFactory' set to 'info'
[13:26:36.389190] [SceneFactory] [info] (th=12880) Log level for 'SceneFactory' set to 'info'
[15:39:52.588863] [SceneFactory] [info] (th=11096) Log level for 'SceneFactory' set to 'info'
[18:59:15.276755] [SceneFactory] [info] (th=5896) Log level for 'SceneFactory' set to 'info'
